# JRE version: Java(TM) SE Runtime Environment (8.0_40-b25) (build 1.8.0_40-b25)
# Java VM: Java HotSpot(TM) 64-Bit Server VM (25.40-b25 mixed mode windows-amd64 compressed oops)
Heap:
 PSYoungGen      total 377344K, used 95998K [0x000000076af80000, 0x000000078d580000, 0x00000007c0000000)
  eden space 341504K, 17% used [0x000000076af80000,0x000000076ea41e08,0x000000077fd00000)
  from space 35840K, 99% used [0x000000078b280000,0x000000078d57dbd0,0x000000078d580000)
  to   space 58880K, 0% used [0x0000000786280000,0x0000000786280000,0x0000000789c00000)
 ParOldGen       total 189952K, used 103675K [0x00000006c0e00000, 0x00000006cc780000, 0x000000076af80000)
  object space 189952K, 54% used [0x00000006c0e00000,0x00000006c733ee30,0x00000006cc780000)
 Metaspace       used 24500K, capacity 24783K, committed 25088K, reserved 1071104K
  class space    used 2641K, capacity 2698K, committed 2816K, reserved 1048576K
GC Heap History (10 events):
Event: 1.241 GC heap before
{Heap before GC invocations=5 (full 0):
 PSYoungGen      total 141824K, used 135920K [0x000000076af80000, 0x0000000774480000, 0x00000007c0000000)
  eden space 131072K, 100% used [0x000000076af80000,0x0000000772f80000,0x0000000772f80000)
  from space 10752K, 45% used [0x0000000773a00000,0x0000000773ebc080,0x0000000774480000)
  to   space 10752K, 0% used [0x0000000772f80000,0x0000000772f80000,0x0000000773a00000)
 ParOldGen       total 175104K, used 104K [0x00000006c0e00000, 0x00000006cb900000, 0x000000076af80000)
  object space 175104K, 0% used [0x00000006c0e00000,0x00000006c0e1a010,0x00000006cb900000)
 Metaspace       used 18618K, capacity 18865K, committed 19072K, reserved 1067008K
  class space    used 1986K, capacity 2081K, committed 2176K, reserved 1048576K
Event: 1.246 GC heap after
Heap after GC invocations=5 (full 0):
 PSYoungGen      total 141824K, used 4993K [0x000000076af80000, 0x000000077bb80000, 0x00000007c0000000)
  eden space 131072K, 0% used [0x000000076af80000,0x000000076af80000,0x0000000772f80000)
  from space 10752K, 46% used [0x0000000772f80000,0x0000000773460758,0x0000000773a00000)
  to   space 6144K, 0% used [0x000000077b580000,0x000000077b580000,0x000000077bb80000)
 ParOldGen       total 175104K, used 112K [0x00000006c0e00000, 0x00000006cb900000, 0x000000076af80000)
  object space 175104K, 0% used [0x00000006c0e00000,0x00000006c0e1c010,0x00000006cb900000)
 Metaspace       used 18618K, capacity 18865K, committed 19072K, reserved 1067008K
  class space    used 1986K, capacity 2081K, committed 2176K, reserved 1048576K
}
Event: 1.764 GC heap before
{Heap before GC invocations=6 (full 0):
 PSYoungGen      total 141824K, used 136065K [0x000000076af80000, 0x000000077bb80000, 0x00000007c0000000)
  eden space 131072K, 100% used [0x000000076af80000,0x0000000772f80000,0x0000000772f80000)
  from space 10752K, 46% used [0x0000000772f80000,0x0000000773460758,0x0000000773a00000)
  to   space 6144K, 0% used [0x000000077b580000,0x000000077b580000,0x000000077bb80000)
 ParOldGen       total 175104K, used 112K [0x00000006c0e00000, 0x00000006cb900000, 0x000000076af80000)
  object space 175104K, 0% used [0x00000006c0e00000,0x00000006c0e1c010,0x00000006cb900000)
 Metaspace       used 20526K, capacity 20777K, committed 21120K, reserved 1069056K
  class space    used 2234K, capacity 2309K, committed 2432K, reserved 1048576K
Event: 1.785 GC heap after
Heap after GC invocations=6 (full 0):
 PSYoungGen      total 251904K, used 6129K [0x000000076af80000, 0x000000077db80000, 0x00000007c0000000)
  eden space 245760K, 0% used [0x000000076af80000,0x000000076af80000,0x0000000779f80000)
  from space 6144K, 99% used [0x000000077b580000,0x000000077bb7c400,0x000000077bb80000)
  to   space 22528K, 0% used [0x0000000779f80000,0x0000000779f80000,0x000000077b580000)
 ParOldGen       total 175104K, used 27778K [0x00000006c0e00000, 0x00000006cb900000, 0x000000076af80000)
  object space 175104K, 15% used [0x00000006c0e00000,0x00000006c2920ae8,0x00000006cb900000)
 Metaspace       used 20526K, capacity 20777K, committed 21120K, reserved 1069056K
  class space    used 2234K, capacity 2309K, committed 2432K, reserved 1048576K
}
Event: 4.702 GC heap before
{Heap before GC invocations=7 (full 0):
 PSYoungGen      total 251904K, used 169731K [0x000000076af80000, 0x000000077db80000, 0x00000007c0000000)
  eden space 245760K, 66% used [0x000000076af80000,0x0000000774f44bf8,0x0000000779f80000)
  from space 6144K, 99% used [0x000000077b580000,0x000000077bb7c400,0x000000077bb80000)
  to   space 22528K, 0% used [0x0000000779f80000,0x0000000779f80000,0x000000077b580000)
 ParOldGen       total 175104K, used 27778K [0x00000006c0e00000, 0x00000006cb900000, 0x000000076af80000)
  object space 175104K, 15% used [0x00000006c0e00000,0x00000006c2920ae8,0x00000006cb900000)
 Metaspace       used 20825K, capacity 21065K, committed 21296K, reserved 1069056K
  class space    used 2254K, capacity 2341K, committed 2432K, reserved 1048576K
Event: 4.729 GC heap after
Heap after GC invocations=7 (full 0):
 PSYoungGen      total 268288K, used 22498K [0x000000076af80000, 0x000000078d580000, 0x00000007c0000000)
  eden space 245760K, 0% used [0x000000076af80000,0x000000076af80000,0x0000000779f80000)
  from space 22528K, 99% used [0x0000000779f80000,0x000000077b578800,0x000000077b580000)
  to   space 35840K, 0% used [0x000000078b280000,0x000000078b280000,0x000000078d580000)
 ParOldGen       total 175104K, used 45048K [0x00000006c0e00000, 0x00000006cb900000, 0x000000076af80000)
  object space 175104K, 25% used [0x00000006c0e00000,0x00000006c39fe0c0,0x00000006cb900000)
 Metaspace       used 20825K, capacity 21065K, committed 21296K, reserved 1069056K
  class space    used 2254K, capacity 2341K, committed 2432K, reserved 1048576K
}
Event: 4.729 GC heap before
{Heap before GC invocations=8 (full 1):
 PSYoungGen      total 268288K, used 22498K [0x000000076af80000, 0x000000078d580000, 0x00000007c0000000)
  eden space 245760K, 0% used [0x000000076af80000,0x000000076af80000,0x0000000779f80000)
  from space 22528K, 99% used [0x0000000779f80000,0x000000077b578800,0x000000077b580000)
  to   space 35840K, 0% used [0x000000078b280000,0x000000078b280000,0x000000078d580000)
 ParOldGen       total 175104K, used 45048K [0x00000006c0e00000, 0x00000006cb900000, 0x000000076af80000)
  object space 175104K, 25% used [0x00000006c0e00000,0x00000006c39fe0c0,0x00000006cb900000)
 Metaspace       used 20825K, capacity 21065K, committed 21296K, reserved 1069056K
  class space    used 2254K, capacity 2341K, committed 2432K, reserved 1048576K
Event: 4.999 GC heap after
Heap after GC invocations=8 (full 1):
 PSYoungGen      total 268288K, used 0K [0x000000076af80000, 0x000000078d580000, 0x00000007c0000000)
  eden space 245760K, 0% used [0x000000076af80000,0x000000076af80000,0x0000000779f80000)
  from space 22528K, 0% used [0x0000000779f80000,0x0000000779f80000,0x000000077b580000)
  to   space 35840K, 0% used [0x000000078b280000,0x000000078b280000,0x000000078d580000)
 ParOldGen       total 189952K, used 66662K [0x00000006c0e00000, 0x00000006cc780000, 0x000000076af80000)
  object space 189952K, 35% used [0x00000006c0e00000,0x00000006c4f19b88,0x00000006cc780000)
 Metaspace       used 20825K, capacity 21065K, committed 21296K, reserved 1069056K
  class space    used 2254K, capacity 2341K, committed 2432K, reserved 1048576K
}
Event: 9.165 GC heap before
{Heap before GC invocations=9 (full 1):
 PSYoungGen      total 268288K, used 245760K [0x000000076af80000, 0x000000078d580000, 0x00000007c0000000)
  eden space 245760K, 100% used [0x000000076af80000,0x0000000779f80000,0x0000000779f80000)
  from space 22528K, 0% used [0x0000000779f80000,0x0000000779f80000,0x000000077b580000)
  to   space 35840K, 0% used [0x000000078b280000,0x000000078b280000,0x000000078d580000)
 ParOldGen       total 189952K, used 66662K [0x00000006c0e00000, 0x00000006cc780000, 0x000000076af80000)
  object space 189952K, 35% used [0x00000006c0e00000,0x00000006c4f19b88,0x00000006cc780000)
 Metaspace       used 24499K, capacity 24783K, committed 25088K, reserved 1071104K
  class space    used 2641K, capacity 2698K, committed 2816K, reserved 1048576K
Event: 9.199 GC heap after
Heap after GC invocations=9 (full 1):
 PSYoungGen      total 377344K, used 35830K [0x000000076af80000, 0x000000078d580000, 0x00000007c0000000)
  eden space 341504K, 0% used [0x000000076af80000,0x000000076af80000,0x000000077fd00000)
  from space 35840K, 99% used [0x000000078b280000,0x000000078d57dbd0,0x000000078d580000)
  to   space 58880K, 0% used [0x0000000786280000,0x0000000786280000,0x0000000789c00000)
 ParOldGen       total 189952K, used 103675K [0x00000006c0e00000, 0x00000006cc780000, 0x000000076af80000)
  object space 189952K, 54% used [0x00000006c0e00000,0x00000006c733ee30,0x00000006cc780000)
 Metaspace       used 24499K, capacity 24783K, committed 25088K, reserved 1071104K
  class space    used 2641K, capacity 2698K, committed 2816K, reserved 1048576K
}

