# JRE version: Java(TM) SE Runtime Environment (8.0_40-b25) (build 1.8.0_40-b25)
# Java VM: Java HotSpot(TM) 64-Bit Server VM (25.40-b25 mixed mode windows-amd64 compressed oops)
Heap:
 PSYoungGen      total 374272K, used 147979K [0x000000076af80000, 0x000000078d680000, 0x00000007c0000000)
  eden space 338432K, 33% used [0x000000076af80000,0x0000000771d04d30,0x000000077fa00000)
  from space 35840K, 99% used [0x000000078b380000,0x000000078d67e1f0,0x000000078d680000)
  to   space 45056K, 0% used [0x0000000787e80000,0x0000000787e80000,0x000000078aa80000)
 ParOldGen       total 190464K, used 72110K [0x00000006c0e00000, 0x00000006cc800000, 0x000000076af80000)
  object space 190464K, 37% used [0x00000006c0e00000,0x00000006c546b900,0x00000006cc800000)
 Metaspace       used 24857K, capacity 25135K, committed 25600K, reserved 1073152K
  class space    used 2647K, capacity 2730K, committed 2816K, reserved 1048576K
GC Heap History (10 events):
Event: 1.240 GC heap before
{Heap before GC invocations=5 (full 0):
 PSYoungGen      total 141824K, used 135777K [0x000000076af80000, 0x0000000774480000, 0x00000007c0000000)
  eden space 131072K, 100% used [0x000000076af80000,0x0000000772f80000,0x0000000772f80000)
  from space 10752K, 43% used [0x0000000773a00000,0x0000000773e98758,0x0000000774480000)
  to   space 10752K, 0% used [0x0000000772f80000,0x0000000772f80000,0x0000000773a00000)
 ParOldGen       total 175104K, used 104K [0x00000006c0e00000, 0x00000006cb900000, 0x000000076af80000)
  object space 175104K, 0% used [0x00000006c0e00000,0x00000006c0e1a010,0x00000006cb900000)
 Metaspace       used 18603K, capacity 18865K, committed 19072K, reserved 1067008K
  class space    used 1982K, capacity 2081K, committed 2176K, reserved 1048576K
Event: 1.243 GC heap after
Heap after GC invocations=5 (full 0):
 PSYoungGen      total 141824K, used 4960K [0x000000076af80000, 0x000000077bb80000, 0x00000007c0000000)
  eden space 131072K, 0% used [0x000000076af80000,0x000000076af80000,0x0000000772f80000)
  from space 10752K, 46% used [0x0000000772f80000,0x0000000773458040,0x0000000773a00000)
  to   space 6144K, 0% used [0x000000077b580000,0x000000077b580000,0x000000077bb80000)
 ParOldGen       total 175104K, used 112K [0x00000006c0e00000, 0x00000006cb900000, 0x000000076af80000)
  object space 175104K, 0% used [0x00000006c0e00000,0x00000006c0e1c010,0x00000006cb900000)
 Metaspace       used 18603K, capacity 18865K, committed 19072K, reserved 1067008K
  class space    used 1982K, capacity 2081K, committed 2176K, reserved 1048576K
}
Event: 1.992 GC heap before
{Heap before GC invocations=6 (full 0):
 PSYoungGen      total 141824K, used 136032K [0x000000076af80000, 0x000000077bb80000, 0x00000007c0000000)
  eden space 131072K, 100% used [0x000000076af80000,0x0000000772f80000,0x0000000772f80000)
  from space 10752K, 46% used [0x0000000772f80000,0x0000000773458040,0x0000000773a00000)
  to   space 6144K, 0% used [0x000000077b580000,0x000000077b580000,0x000000077bb80000)
 ParOldGen       total 175104K, used 112K [0x00000006c0e00000, 0x00000006cb900000, 0x000000076af80000)
  object space 175104K, 0% used [0x00000006c0e00000,0x00000006c0e1c010,0x00000006cb900000)
 Metaspace       used 20679K, capacity 21001K, committed 21296K, reserved 1069056K
  class space    used 2247K, capacity 2341K, committed 2432K, reserved 1048576K
Event: 2.011 GC heap after
Heap after GC invocations=6 (full 0):
 PSYoungGen      total 252416K, used 6128K [0x000000076af80000, 0x000000077da80000, 0x00000007c0000000)
  eden space 246272K, 0% used [0x000000076af80000,0x000000076af80000,0x000000077a000000)
  from space 6144K, 99% used [0x000000077b580000,0x000000077bb7c050,0x000000077bb80000)
  to   space 22016K, 0% used [0x000000077a000000,0x000000077a000000,0x000000077b580000)
 ParOldGen       total 175104K, used 27585K [0x00000006c0e00000, 0x00000006cb900000, 0x000000076af80000)
  object space 175104K, 15% used [0x00000006c0e00000,0x00000006c28f06d8,0x00000006cb900000)
 Metaspace       used 20679K, capacity 21001K, committed 21296K, reserved 1069056K
  class space    used 2247K, capacity 2341K, committed 2432K, reserved 1048576K
}
Event: 5.202 GC heap before
{Heap before GC invocations=7 (full 0):
 PSYoungGen      total 252416K, used 175467K [0x000000076af80000, 0x000000077da80000, 0x00000007c0000000)
  eden space 246272K, 68% used [0x000000076af80000,0x00000007754ded58,0x000000077a000000)
  from space 6144K, 99% used [0x000000077b580000,0x000000077bb7c050,0x000000077bb80000)
  to   space 22016K, 0% used [0x000000077a000000,0x000000077a000000,0x000000077b580000)
 ParOldGen       total 175104K, used 27585K [0x00000006c0e00000, 0x00000006cb900000, 0x000000076af80000)
  object space 175104K, 15% used [0x00000006c0e00000,0x00000006c28f06d8,0x00000006cb900000)
 Metaspace       used 20823K, capacity 21065K, committed 21296K, reserved 1069056K
  class space    used 2253K, capacity 2341K, committed 2432K, reserved 1048576K
Event: 5.234 GC heap after
Heap after GC invocations=7 (full 0):
 PSYoungGen      total 268288K, used 22010K [0x000000076af80000, 0x000000078d680000, 0x00000007c0000000)
  eden space 246272K, 0% used [0x000000076af80000,0x000000076af80000,0x000000077a000000)
  from space 22016K, 99% used [0x000000077a000000,0x000000077b57e860,0x000000077b580000)
  to   space 35840K, 0% used [0x000000078b380000,0x000000078b380000,0x000000078d680000)
 ParOldGen       total 175104K, used 45540K [0x00000006c0e00000, 0x00000006cb900000, 0x000000076af80000)
  object space 175104K, 26% used [0x00000006c0e00000,0x00000006c3a79328,0x00000006cb900000)
 Metaspace       used 20823K, capacity 21065K, committed 21296K, reserved 1069056K
  class space    used 2253K, capacity 2341K, committed 2432K, reserved 1048576K
}
Event: 5.234 GC heap before
{Heap before GC invocations=8 (full 1):
 PSYoungGen      total 268288K, used 22010K [0x000000076af80000, 0x000000078d680000, 0x00000007c0000000)
  eden space 246272K, 0% used [0x000000076af80000,0x000000076af80000,0x000000077a000000)
  from space 22016K, 99% used [0x000000077a000000,0x000000077b57e860,0x000000077b580000)
  to   space 35840K, 0% used [0x000000078b380000,0x000000078b380000,0x000000078d680000)
 ParOldGen       total 175104K, used 45540K [0x00000006c0e00000, 0x00000006cb900000, 0x000000076af80000)
  object space 175104K, 26% used [0x00000006c0e00000,0x00000006c3a79328,0x00000006cb900000)
 Metaspace       used 20823K, capacity 21065K, committed 21296K, reserved 1069056K
  class space    used 2253K, capacity 2341K, committed 2432K, reserved 1048576K
Event: 5.534 GC heap after
Heap after GC invocations=8 (full 1):
 PSYoungGen      total 268288K, used 0K [0x000000076af80000, 0x000000078d680000, 0x00000007c0000000)
  eden space 246272K, 0% used [0x000000076af80000,0x000000076af80000,0x000000077a000000)
  from space 22016K, 0% used [0x000000077a000000,0x000000077a000000,0x000000077b580000)
  to   space 35840K, 0% used [0x000000078b380000,0x000000078b380000,0x000000078d680000)
 ParOldGen       total 190464K, used 66655K [0x00000006c0e00000, 0x00000006cc800000, 0x000000076af80000)
  object space 190464K, 34% used [0x00000006c0e00000,0x00000006c4f17ce0,0x00000006cc800000)
 Metaspace       used 20823K, capacity 21065K, committed 21296K, reserved 1069056K
  class space    used 2253K, capacity 2341K, committed 2432K, reserved 1048576K
}
Event: 9.363 GC heap before
{Heap before GC invocations=9 (full 1):
 PSYoungGen      total 268288K, used 246272K [0x000000076af80000, 0x000000078d680000, 0x00000007c0000000)
  eden space 246272K, 100% used [0x000000076af80000,0x000000077a000000,0x000000077a000000)
  from space 22016K, 0% used [0x000000077a000000,0x000000077a000000,0x000000077b580000)
  to   space 35840K, 0% used [0x000000078b380000,0x000000078b380000,0x000000078d680000)
 ParOldGen       total 190464K, used 66655K [0x00000006c0e00000, 0x00000006cc800000, 0x000000076af80000)
  object space 190464K, 34% used [0x00000006c0e00000,0x00000006c4f17ce0,0x00000006cc800000)
 Metaspace       used 24853K, capacity 25135K, committed 25600K, reserved 1073152K
  class space    used 2646K, capacity 2730K, committed 2816K, reserved 1048576K
Event: 9.379 GC heap after
Heap after GC invocations=9 (full 1):
 PSYoungGen      total 374272K, used 35832K [0x000000076af80000, 0x000000078d680000, 0x00000007c0000000)
  eden space 338432K, 0% used [0x000000076af80000,0x000000076af80000,0x000000077fa00000)
  from space 35840K, 99% used [0x000000078b380000,0x000000078d67e1f0,0x000000078d680000)
  to   space 45056K, 0% used [0x0000000787e80000,0x0000000787e80000,0x000000078aa80000)
 ParOldGen       total 190464K, used 72110K [0x00000006c0e00000, 0x00000006cc800000, 0x000000076af80000)
  object space 190464K, 37% used [0x00000006c0e00000,0x00000006c546b900,0x00000006cc800000)
 Metaspace       used 24853K, capacity 25135K, committed 25600K, reserved 1073152K
  class space    used 2646K, capacity 2730K, committed 2816K, reserved 1048576K
}

