# JRE version: Java(TM) SE Runtime Environment (8.0_40-b25) (build 1.8.0_40-b25)
# Java VM: Java HotSpot(TM) 64-Bit Server VM (25.40-b25 mixed mode windows-amd64 compressed oops)
Heap:
 PSYoungGen      total 352768K, used 157634K [0x000000076af80000, 0x000000078d200000, 0x00000007c0000000)
  eden space 320512K, 39% used [0x000000076af80000,0x00000007729fb428,0x000000077e880000)
  from space 32256K, 99% used [0x000000078b280000,0x000000078d1f5738,0x000000078d200000)
  to   space 40960K, 0% used [0x0000000788200000,0x0000000788200000,0x000000078aa00000)
 ParOldGen       total 195072K, used 66697K [0x00000006c0e00000, 0x00000006ccc80000, 0x000000076af80000)
  object space 195072K, 34% used [0x00000006c0e00000,0x00000006c4f22680,0x00000006ccc80000)
 Metaspace       used 24743K, capacity 25071K, committed 25344K, reserved 1071104K
  class space    used 2634K, capacity 2730K, committed 2816K, reserved 1048576K
GC Heap History (10 events):
Event: 1.242 GC heap before
{Heap before GC invocations=5 (full 0):
 PSYoungGen      total 141824K, used 135888K [0x000000076af80000, 0x0000000774480000, 0x00000007c0000000)
  eden space 131072K, 100% used [0x000000076af80000,0x0000000772f80000,0x0000000772f80000)
  from space 10752K, 44% used [0x0000000773a00000,0x0000000773eb4040,0x0000000774480000)
  to   space 10752K, 0% used [0x0000000772f80000,0x0000000772f80000,0x0000000773a00000)
 ParOldGen       total 175104K, used 104K [0x00000006c0e00000, 0x00000006cb900000, 0x000000076af80000)
  object space 175104K, 0% used [0x00000006c0e00000,0x00000006c0e1a010,0x00000006cb900000)
 Metaspace       used 18600K, capacity 18865K, committed 19072K, reserved 1067008K
  class space    used 1985K, capacity 2081K, committed 2176K, reserved 1048576K
Event: 1.245 GC heap after
Heap after GC invocations=5 (full 0):
 PSYoungGen      total 141824K, used 5008K [0x000000076af80000, 0x000000077bb80000, 0x00000007c0000000)
  eden space 131072K, 0% used [0x000000076af80000,0x000000076af80000,0x0000000772f80000)
  from space 10752K, 46% used [0x0000000772f80000,0x0000000773464060,0x0000000773a00000)
  to   space 6144K, 0% used [0x000000077b580000,0x000000077b580000,0x000000077bb80000)
 ParOldGen       total 175104K, used 112K [0x00000006c0e00000, 0x00000006cb900000, 0x000000076af80000)
  object space 175104K, 0% used [0x00000006c0e00000,0x00000006c0e1c010,0x00000006cb900000)
 Metaspace       used 18600K, capacity 18865K, committed 19072K, reserved 1067008K
  class space    used 1985K, capacity 2081K, committed 2176K, reserved 1048576K
}
Event: 1.769 GC heap before
{Heap before GC invocations=6 (full 0):
 PSYoungGen      total 141824K, used 136080K [0x000000076af80000, 0x000000077bb80000, 0x00000007c0000000)
  eden space 131072K, 100% used [0x000000076af80000,0x0000000772f80000,0x0000000772f80000)
  from space 10752K, 46% used [0x0000000772f80000,0x0000000773464060,0x0000000773a00000)
  to   space 6144K, 0% used [0x000000077b580000,0x000000077b580000,0x000000077bb80000)
 ParOldGen       total 175104K, used 112K [0x00000006c0e00000, 0x00000006cb900000, 0x000000076af80000)
  object space 175104K, 0% used [0x00000006c0e00000,0x00000006c0e1c010,0x00000006cb900000)
 Metaspace       used 20607K, capacity 20873K, committed 21120K, reserved 1069056K
  class space    used 2246K, capacity 2341K, committed 2432K, reserved 1048576K
Event: 1.803 GC heap after
Heap after GC invocations=6 (full 0):
 PSYoungGen      total 251904K, used 6129K [0x000000076af80000, 0x000000077db80000, 0x00000007c0000000)
  eden space 245760K, 0% used [0x000000076af80000,0x000000076af80000,0x0000000779f80000)
  from space 6144K, 99% used [0x000000077b580000,0x000000077bb7c420,0x000000077bb80000)
  to   space 22528K, 0% used [0x0000000779f80000,0x0000000779f80000,0x000000077b580000)
 ParOldGen       total 175104K, used 27834K [0x00000006c0e00000, 0x00000006cb900000, 0x000000076af80000)
  object space 175104K, 15% used [0x00000006c0e00000,0x00000006c292e938,0x00000006cb900000)
 Metaspace       used 20607K, capacity 20873K, committed 21120K, reserved 1069056K
  class space    used 2246K, capacity 2341K, committed 2432K, reserved 1048576K
}
Event: 4.637 GC heap before
{Heap before GC invocations=7 (full 0):
 PSYoungGen      total 251904K, used 173538K [0x000000076af80000, 0x000000077db80000, 0x00000007c0000000)
  eden space 245760K, 68% used [0x000000076af80000,0x00000007752fc6c0,0x0000000779f80000)
  from space 6144K, 99% used [0x000000077b580000,0x000000077bb7c420,0x000000077bb80000)
  to   space 22528K, 0% used [0x0000000779f80000,0x0000000779f80000,0x000000077b580000)
 ParOldGen       total 175104K, used 27834K [0x00000006c0e00000, 0x00000006cb900000, 0x000000076af80000)
  object space 175104K, 15% used [0x00000006c0e00000,0x00000006c292e938,0x00000006cb900000)
 Metaspace       used 20838K, capacity 21065K, committed 21296K, reserved 1069056K
  class space    used 2264K, capacity 2341K, committed 2432K, reserved 1048576K
Event: 4.662 GC heap after
Heap after GC invocations=7 (full 0):
 PSYoungGen      total 268288K, used 22513K [0x000000076af80000, 0x000000078d580000, 0x00000007c0000000)
  eden space 245760K, 0% used [0x000000076af80000,0x000000076af80000,0x0000000779f80000)
  from space 22528K, 99% used [0x0000000779f80000,0x000000077b57c7d0,0x000000077b580000)
  to   space 35840K, 0% used [0x000000078b280000,0x000000078b280000,0x000000078d580000)
 ParOldGen       total 175104K, used 45082K [0x00000006c0e00000, 0x00000006cb900000, 0x000000076af80000)
  object space 175104K, 25% used [0x00000006c0e00000,0x00000006c3a069f8,0x00000006cb900000)
 Metaspace       used 20838K, capacity 21065K, committed 21296K, reserved 1069056K
  class space    used 2264K, capacity 2341K, committed 2432K, reserved 1048576K
}
Event: 4.662 GC heap before
{Heap before GC invocations=8 (full 1):
 PSYoungGen      total 268288K, used 22513K [0x000000076af80000, 0x000000078d580000, 0x00000007c0000000)
  eden space 245760K, 0% used [0x000000076af80000,0x000000076af80000,0x0000000779f80000)
  from space 22528K, 99% used [0x0000000779f80000,0x000000077b57c7d0,0x000000077b580000)
  to   space 35840K, 0% used [0x000000078b280000,0x000000078b280000,0x000000078d580000)
 ParOldGen       total 175104K, used 45082K [0x00000006c0e00000, 0x00000006cb900000, 0x000000076af80000)
  object space 175104K, 25% used [0x00000006c0e00000,0x00000006c3a069f8,0x00000006cb900000)
 Metaspace       used 20838K, capacity 21065K, committed 21296K, reserved 1069056K
  class space    used 2264K, capacity 2341K, committed 2432K, reserved 1048576K
Event: 4.994 GC heap after
Heap after GC invocations=8 (full 1):
 PSYoungGen      total 268288K, used 0K [0x000000076af80000, 0x000000078d580000, 0x00000007c0000000)
  eden space 245760K, 0% used [0x000000076af80000,0x000000076af80000,0x0000000779f80000)
  from space 22528K, 0% used [0x0000000779f80000,0x0000000779f80000,0x000000077b580000)
  to   space 35840K, 0% used [0x000000078b280000,0x000000078b280000,0x000000078d580000)
 ParOldGen       total 195072K, used 66689K [0x00000006c0e00000, 0x00000006ccc80000, 0x000000076af80000)
  object space 195072K, 34% used [0x00000006c0e00000,0x00000006c4f20680,0x00000006ccc80000)
 Metaspace       used 20838K, capacity 21065K, committed 21296K, reserved 1069056K
  class space    used 2264K, capacity 2341K, committed 2432K, reserved 1048576K
}
Event: 15.605 GC heap before
{Heap before GC invocations=9 (full 1):
 PSYoungGen      total 268288K, used 245760K [0x000000076af80000, 0x000000078d580000, 0x00000007c0000000)
  eden space 245760K, 100% used [0x000000076af80000,0x0000000779f80000,0x0000000779f80000)
  from space 22528K, 0% used [0x0000000779f80000,0x0000000779f80000,0x000000077b580000)
  to   space 35840K, 0% used [0x000000078b280000,0x000000078b280000,0x000000078d580000)
 ParOldGen       total 195072K, used 66689K [0x00000006c0e00000, 0x00000006ccc80000, 0x000000076af80000)
  object space 195072K, 34% used [0x00000006c0e00000,0x00000006c4f20680,0x00000006ccc80000)
 Metaspace       used 24742K, capacity 25071K, committed 25344K, reserved 1071104K
  class space    used 2634K, capacity 2730K, committed 2816K, reserved 1048576K
Event: 15.620 GC heap after
Heap after GC invocations=9 (full 1):
 PSYoungGen      total 352768K, used 32213K [0x000000076af80000, 0x000000078d200000, 0x00000007c0000000)
  eden space 320512K, 0% used [0x000000076af80000,0x000000076af80000,0x000000077e880000)
  from space 32256K, 99% used [0x000000078b280000,0x000000078d1f5738,0x000000078d200000)
  to   space 40960K, 0% used [0x0000000788200000,0x0000000788200000,0x000000078aa00000)
 ParOldGen       total 195072K, used 66697K [0x00000006c0e00000, 0x00000006ccc80000, 0x000000076af80000)
  object space 195072K, 34% used [0x00000006c0e00000,0x00000006c4f22680,0x00000006ccc80000)
 Metaspace       used 24742K, capacity 25071K, committed 25344K, reserved 1071104K
  class space    used 2634K, capacity 2730K, committed 2816K, reserved 1048576K
}

