# JRE version: Java(TM) SE Runtime Environment (8.0_40-b25) (build 1.8.0_40-b25)
# Java VM: Java HotSpot(TM) 64-Bit Server VM (25.40-b25 mixed mode windows-amd64 compressed oops)
Heap:
 PSYoungGen      total 347136K, used 156799K [0x000000076af80000, 0x000000078d580000, 0x00000007c0000000)
  eden space 311296K, 38% used [0x000000076af80000,0x00000007725a19b0,0x000000077df80000)
  from space 35840K, 99% used [0x000000078b280000,0x000000078d57e4b0,0x000000078d580000)
  to   space 43008K, 0% used [0x0000000788180000,0x0000000788180000,0x000000078ab80000)
 ParOldGen       total 198144K, used 67125K [0x00000006c0e00000, 0x00000006ccf80000, 0x000000076af80000)
  object space 198144K, 33% used [0x00000006c0e00000,0x00000006c4f8d778,0x00000006ccf80000)
 Metaspace       used 24716K, capacity 25007K, committed 25344K, reserved 1071104K
  class space    used 2644K, capacity 2730K, committed 2816K, reserved 1048576K
GC Heap History (10 events):
Event: 1.267 GC heap before
{Heap before GC invocations=5 (full 0):
 PSYoungGen      total 141824K, used 135793K [0x000000076af80000, 0x0000000774480000, 0x00000007c0000000)
  eden space 131072K, 100% used [0x000000076af80000,0x0000000772f80000,0x0000000772f80000)
  from space 10752K, 43% used [0x0000000773a00000,0x0000000773e9c768,0x0000000774480000)
  to   space 10752K, 0% used [0x0000000772f80000,0x0000000772f80000,0x0000000773a00000)
 ParOldGen       total 175104K, used 104K [0x00000006c0e00000, 0x00000006cb900000, 0x000000076af80000)
  object space 175104K, 0% used [0x00000006c0e00000,0x00000006c0e1a010,0x00000006cb900000)
 Metaspace       used 18594K, capacity 18865K, committed 19072K, reserved 1067008K
  class space    used 1986K, capacity 2081K, committed 2176K, reserved 1048576K
Event: 1.271 GC heap after
Heap after GC invocations=5 (full 0):
 PSYoungGen      total 141824K, used 5008K [0x000000076af80000, 0x000000077bb80000, 0x00000007c0000000)
  eden space 131072K, 0% used [0x000000076af80000,0x000000076af80000,0x0000000772f80000)
  from space 10752K, 46% used [0x0000000772f80000,0x0000000773464040,0x0000000773a00000)
  to   space 6144K, 0% used [0x000000077b580000,0x000000077b580000,0x000000077bb80000)
 ParOldGen       total 175104K, used 112K [0x00000006c0e00000, 0x00000006cb900000, 0x000000076af80000)
  object space 175104K, 0% used [0x00000006c0e00000,0x00000006c0e1c010,0x00000006cb900000)
 Metaspace       used 18594K, capacity 18865K, committed 19072K, reserved 1067008K
  class space    used 1986K, capacity 2081K, committed 2176K, reserved 1048576K
}
Event: 1.846 GC heap before
{Heap before GC invocations=6 (full 0):
 PSYoungGen      total 141824K, used 136080K [0x000000076af80000, 0x000000077bb80000, 0x00000007c0000000)
  eden space 131072K, 100% used [0x000000076af80000,0x0000000772f80000,0x0000000772f80000)
  from space 10752K, 46% used [0x0000000772f80000,0x0000000773464040,0x0000000773a00000)
  to   space 6144K, 0% used [0x000000077b580000,0x000000077b580000,0x000000077bb80000)
 ParOldGen       total 175104K, used 112K [0x00000006c0e00000, 0x00000006cb900000, 0x000000076af80000)
  object space 175104K, 0% used [0x00000006c0e00000,0x00000006c0e1c010,0x00000006cb900000)
 Metaspace       used 20631K, capacity 20873K, committed 21120K, reserved 1069056K
  class space    used 2246K, capacity 2341K, committed 2432K, reserved 1048576K
Event: 1.863 GC heap after
Heap after GC invocations=6 (full 0):
 PSYoungGen      total 251904K, used 6129K [0x000000076af80000, 0x000000077db80000, 0x00000007c0000000)
  eden space 245760K, 0% used [0x000000076af80000,0x000000076af80000,0x0000000779f80000)
  from space 6144K, 99% used [0x000000077b580000,0x000000077bb7c528,0x000000077bb80000)
  to   space 22528K, 0% used [0x0000000779f80000,0x0000000779f80000,0x000000077b580000)
 ParOldGen       total 175104K, used 27673K [0x00000006c0e00000, 0x00000006cb900000, 0x000000076af80000)
  object space 175104K, 15% used [0x00000006c0e00000,0x00000006c2906798,0x00000006cb900000)
 Metaspace       used 20631K, capacity 20873K, committed 21120K, reserved 1069056K
  class space    used 2246K, capacity 2341K, committed 2432K, reserved 1048576K
}
Event: 4.813 GC heap before
{Heap before GC invocations=7 (full 0):
 PSYoungGen      total 251904K, used 177724K [0x000000076af80000, 0x000000077db80000, 0x00000007c0000000)
  eden space 245760K, 69% used [0x000000076af80000,0x0000000775712ea0,0x0000000779f80000)
  from space 6144K, 99% used [0x000000077b580000,0x000000077bb7c528,0x000000077bb80000)
  to   space 22528K, 0% used [0x0000000779f80000,0x0000000779f80000,0x000000077b580000)
 ParOldGen       total 175104K, used 27673K [0x00000006c0e00000, 0x00000006cb900000, 0x000000076af80000)
  object space 175104K, 15% used [0x00000006c0e00000,0x00000006c2906798,0x00000006cb900000)
 Metaspace       used 20802K, capacity 21065K, committed 21296K, reserved 1069056K
  class space    used 2254K, capacity 2341K, committed 2432K, reserved 1048576K
Event: 4.840 GC heap after
Heap after GC invocations=7 (full 0):
 PSYoungGen      total 268288K, used 22521K [0x000000076af80000, 0x000000078d580000, 0x00000007c0000000)
  eden space 245760K, 0% used [0x000000076af80000,0x000000076af80000,0x0000000779f80000)
  from space 22528K, 99% used [0x0000000779f80000,0x000000077b57e648,0x000000077b580000)
  to   space 35840K, 0% used [0x000000078b280000,0x000000078b280000,0x000000078d580000)
 ParOldGen       total 175104K, used 44998K [0x00000006c0e00000, 0x00000006cb900000, 0x000000076af80000)
  object space 175104K, 25% used [0x00000006c0e00000,0x00000006c39f1b40,0x00000006cb900000)
 Metaspace       used 20802K, capacity 21065K, committed 21296K, reserved 1069056K
  class space    used 2254K, capacity 2341K, committed 2432K, reserved 1048576K
}
Event: 4.840 GC heap before
{Heap before GC invocations=8 (full 1):
 PSYoungGen      total 268288K, used 22521K [0x000000076af80000, 0x000000078d580000, 0x00000007c0000000)
  eden space 245760K, 0% used [0x000000076af80000,0x000000076af80000,0x0000000779f80000)
  from space 22528K, 99% used [0x0000000779f80000,0x000000077b57e648,0x000000077b580000)
  to   space 35840K, 0% used [0x000000078b280000,0x000000078b280000,0x000000078d580000)
 ParOldGen       total 175104K, used 44998K [0x00000006c0e00000, 0x00000006cb900000, 0x000000076af80000)
  object space 175104K, 25% used [0x00000006c0e00000,0x00000006c39f1b40,0x00000006cb900000)
 Metaspace       used 20802K, capacity 21065K, committed 21296K, reserved 1069056K
  class space    used 2254K, capacity 2341K, committed 2432K, reserved 1048576K
Event: 5.195 GC heap after
Heap after GC invocations=8 (full 1):
 PSYoungGen      total 268288K, used 0K [0x000000076af80000, 0x000000078d580000, 0x00000007c0000000)
  eden space 245760K, 0% used [0x000000076af80000,0x000000076af80000,0x0000000779f80000)
  from space 22528K, 0% used [0x0000000779f80000,0x0000000779f80000,0x000000077b580000)
  to   space 35840K, 0% used [0x000000078b280000,0x000000078b280000,0x000000078d580000)
 ParOldGen       total 198144K, used 66657K [0x00000006c0e00000, 0x00000006ccf80000, 0x000000076af80000)
  object space 198144K, 33% used [0x00000006c0e00000,0x00000006c4f185e8,0x00000006ccf80000)
 Metaspace       used 20802K, capacity 21065K, committed 21296K, reserved 1069056K
  class space    used 2254K, capacity 2341K, committed 2432K, reserved 1048576K
}
Event: 11.062 GC heap before
{Heap before GC invocations=9 (full 1):
 PSYoungGen      total 268288K, used 245760K [0x000000076af80000, 0x000000078d580000, 0x00000007c0000000)
  eden space 245760K, 100% used [0x000000076af80000,0x0000000779f80000,0x0000000779f80000)
  from space 22528K, 0% used [0x0000000779f80000,0x0000000779f80000,0x000000077b580000)
  to   space 35840K, 0% used [0x000000078b280000,0x000000078b280000,0x000000078d580000)
 ParOldGen       total 198144K, used 66657K [0x00000006c0e00000, 0x00000006ccf80000, 0x000000076af80000)
  object space 198144K, 33% used [0x00000006c0e00000,0x00000006c4f185e8,0x00000006ccf80000)
 Metaspace       used 24713K, capacity 25007K, committed 25344K, reserved 1071104K
  class space    used 2643K, capacity 2730K, committed 2816K, reserved 1048576K
Event: 11.080 GC heap after
Heap after GC invocations=9 (full 1):
 PSYoungGen      total 347136K, used 35833K [0x000000076af80000, 0x000000078d580000, 0x00000007c0000000)
  eden space 311296K, 0% used [0x000000076af80000,0x000000076af80000,0x000000077df80000)
  from space 35840K, 99% used [0x000000078b280000,0x000000078d57e4b0,0x000000078d580000)
  to   space 43008K, 0% used [0x0000000788180000,0x0000000788180000,0x000000078ab80000)
 ParOldGen       total 198144K, used 67125K [0x00000006c0e00000, 0x00000006ccf80000, 0x000000076af80000)
  object space 198144K, 33% used [0x00000006c0e00000,0x00000006c4f8d778,0x00000006ccf80000)
 Metaspace       used 24713K, capacity 25007K, committed 25344K, reserved 1071104K
  class space    used 2643K, capacity 2730K, committed 2816K, reserved 1048576K
}

