# JRE version: Java(TM) SE Runtime Environment (8.0_40-b25) (build 1.8.0_40-b25)
# Java VM: Java HotSpot(TM) 64-Bit Server VM (25.40-b25 mixed mode windows-amd64 compressed oops)
Heap:
 PSYoungGen      total 346624K, used 51283K [0x000000076af80000, 0x000000078d680000, 0x00000007c0000000)
  eden space 310784K, 4% used [0x000000076af80000,0x000000076be9c3d8,0x000000077df00000)
  from space 35840K, 99% used [0x000000078b380000,0x000000078d678828,0x000000078d680000)
  to   space 67072K, 0% used [0x0000000785380000,0x0000000785380000,0x0000000789500000)
 ParOldGen       total 199680K, used 122355K [0x00000006c0e00000, 0x00000006cd100000, 0x000000076af80000)
  object space 199680K, 61% used [0x00000006c0e00000,0x00000006c857cf10,0x00000006cd100000)
 Metaspace       used 24230K, capacity 24527K, committed 24832K, reserved 1071104K
  class space    used 2619K, capacity 2698K, committed 2816K, reserved 1048576K
GC Heap History (10 events):
Event: 1.233 GC heap before
{Heap before GC invocations=5 (full 0):
 PSYoungGen      total 141824K, used 135856K [0x000000076af80000, 0x0000000774480000, 0x00000007c0000000)
  eden space 131072K, 100% used [0x000000076af80000,0x0000000772f80000,0x0000000772f80000)
  from space 10752K, 44% used [0x0000000773a00000,0x0000000773eac020,0x0000000774480000)
  to   space 10752K, 0% used [0x0000000772f80000,0x0000000772f80000,0x0000000773a00000)
 ParOldGen       total 175104K, used 104K [0x00000006c0e00000, 0x00000006cb900000, 0x000000076af80000)
  object space 175104K, 0% used [0x00000006c0e00000,0x00000006c0e1a010,0x00000006cb900000)
 Metaspace       used 18612K, capacity 18865K, committed 19072K, reserved 1067008K
  class space    used 1985K, capacity 2081K, committed 2176K, reserved 1048576K
Event: 1.237 GC heap after
Heap after GC invocations=5 (full 0):
 PSYoungGen      total 141824K, used 4944K [0x000000076af80000, 0x000000077bb80000, 0x00000007c0000000)
  eden space 131072K, 0% used [0x000000076af80000,0x000000076af80000,0x0000000772f80000)
  from space 10752K, 45% used [0x0000000772f80000,0x0000000773454010,0x0000000773a00000)
  to   space 6144K, 0% used [0x000000077b580000,0x000000077b580000,0x000000077bb80000)
 ParOldGen       total 175104K, used 112K [0x00000006c0e00000, 0x00000006cb900000, 0x000000076af80000)
  object space 175104K, 0% used [0x00000006c0e00000,0x00000006c0e1c010,0x00000006cb900000)
 Metaspace       used 18612K, capacity 18865K, committed 19072K, reserved 1067008K
  class space    used 1985K, capacity 2081K, committed 2176K, reserved 1048576K
}
Event: 1.784 GC heap before
{Heap before GC invocations=6 (full 0):
 PSYoungGen      total 141824K, used 136016K [0x000000076af80000, 0x000000077bb80000, 0x00000007c0000000)
  eden space 131072K, 100% used [0x000000076af80000,0x0000000772f80000,0x0000000772f80000)
  from space 10752K, 45% used [0x0000000772f80000,0x0000000773454010,0x0000000773a00000)
  to   space 6144K, 0% used [0x000000077b580000,0x000000077b580000,0x000000077bb80000)
 ParOldGen       total 175104K, used 112K [0x00000006c0e00000, 0x00000006cb900000, 0x000000076af80000)
  object space 175104K, 0% used [0x00000006c0e00000,0x00000006c0e1c010,0x00000006cb900000)
 Metaspace       used 20620K, capacity 20873K, committed 21120K, reserved 1069056K
  class space    used 2246K, capacity 2341K, committed 2432K, reserved 1048576K
Event: 1.806 GC heap after
Heap after GC invocations=6 (full 0):
 PSYoungGen      total 252416K, used 6128K [0x000000076af80000, 0x000000077da80000, 0x00000007c0000000)
  eden space 246272K, 0% used [0x000000076af80000,0x000000076af80000,0x000000077a000000)
  from space 6144K, 99% used [0x000000077b580000,0x000000077bb7c3d0,0x000000077bb80000)
  to   space 22016K, 0% used [0x000000077a000000,0x000000077a000000,0x000000077b580000)
 ParOldGen       total 175104K, used 27727K [0x00000006c0e00000, 0x00000006cb900000, 0x000000076af80000)
  object space 175104K, 15% used [0x00000006c0e00000,0x00000006c2913ce8,0x00000006cb900000)
 Metaspace       used 20620K, capacity 20873K, committed 21120K, reserved 1069056K
  class space    used 2246K, capacity 2341K, committed 2432K, reserved 1048576K
}
Event: 2.879 GC heap before
{Heap before GC invocations=7 (full 0):
 PSYoungGen      total 252416K, used 177236K [0x000000076af80000, 0x000000077da80000, 0x00000007c0000000)
  eden space 246272K, 69% used [0x000000076af80000,0x0000000775698e98,0x000000077a000000)
  from space 6144K, 99% used [0x000000077b580000,0x000000077bb7c3d0,0x000000077bb80000)
  to   space 22016K, 0% used [0x000000077a000000,0x000000077a000000,0x000000077b580000)
 ParOldGen       total 175104K, used 27727K [0x00000006c0e00000, 0x00000006cb900000, 0x000000076af80000)
  object space 175104K, 15% used [0x00000006c0e00000,0x00000006c2913ce8,0x00000006cb900000)
 Metaspace       used 20811K, capacity 21073K, committed 21296K, reserved 1069056K
  class space    used 2254K, capacity 2341K, committed 2432K, reserved 1048576K
Event: 2.917 GC heap after
Heap after GC invocations=7 (full 0):
 PSYoungGen      total 268288K, used 22009K [0x000000076af80000, 0x000000078d680000, 0x00000007c0000000)
  eden space 246272K, 0% used [0x000000076af80000,0x000000076af80000,0x000000077a000000)
  from space 22016K, 99% used [0x000000077a000000,0x000000077b57e668,0x000000077b580000)
  to   space 35840K, 0% used [0x000000078b380000,0x000000078b380000,0x000000078d680000)
 ParOldGen       total 175104K, used 45619K [0x00000006c0e00000, 0x00000006cb900000, 0x000000076af80000)
  object space 175104K, 26% used [0x00000006c0e00000,0x00000006c3a8cc90,0x00000006cb900000)
 Metaspace       used 20811K, capacity 21073K, committed 21296K, reserved 1069056K
  class space    used 2254K, capacity 2341K, committed 2432K, reserved 1048576K
}
Event: 2.917 GC heap before
{Heap before GC invocations=8 (full 1):
 PSYoungGen      total 268288K, used 22009K [0x000000076af80000, 0x000000078d680000, 0x00000007c0000000)
  eden space 246272K, 0% used [0x000000076af80000,0x000000076af80000,0x000000077a000000)
  from space 22016K, 99% used [0x000000077a000000,0x000000077b57e668,0x000000077b580000)
  to   space 35840K, 0% used [0x000000078b380000,0x000000078b380000,0x000000078d680000)
 ParOldGen       total 175104K, used 45619K [0x00000006c0e00000, 0x00000006cb900000, 0x000000076af80000)
  object space 175104K, 26% used [0x00000006c0e00000,0x00000006c3a8cc90,0x00000006cb900000)
 Metaspace       used 20811K, capacity 21073K, committed 21296K, reserved 1069056K
  class space    used 2254K, capacity 2341K, committed 2432K, reserved 1048576K
Event: 3.241 GC heap after
Heap after GC invocations=8 (full 1):
 PSYoungGen      total 268288K, used 0K [0x000000076af80000, 0x000000078d680000, 0x00000007c0000000)
  eden space 246272K, 0% used [0x000000076af80000,0x000000076af80000,0x000000077a000000)
  from space 22016K, 0% used [0x000000077a000000,0x000000077a000000,0x000000077b580000)
  to   space 35840K, 0% used [0x000000078b380000,0x000000078b380000,0x000000078d680000)
 ParOldGen       total 199680K, used 66656K [0x00000006c0e00000, 0x00000006cd100000, 0x000000076af80000)
  object space 199680K, 33% used [0x00000006c0e00000,0x00000006c4f183c0,0x00000006cd100000)
 Metaspace       used 20811K, capacity 21073K, committed 21296K, reserved 1069056K
  class space    used 2254K, capacity 2341K, committed 2432K, reserved 1048576K
}
Event: 5.838 GC heap before
{Heap before GC invocations=9 (full 1):
 PSYoungGen      total 268288K, used 246272K [0x000000076af80000, 0x000000078d680000, 0x00000007c0000000)
  eden space 246272K, 100% used [0x000000076af80000,0x000000077a000000,0x000000077a000000)
  from space 22016K, 0% used [0x000000077a000000,0x000000077a000000,0x000000077b580000)
  to   space 35840K, 0% used [0x000000078b380000,0x000000078b380000,0x000000078d680000)
 ParOldGen       total 199680K, used 66656K [0x00000006c0e00000, 0x00000006cd100000, 0x000000076af80000)
  object space 199680K, 33% used [0x00000006c0e00000,0x00000006c4f183c0,0x00000006cd100000)
 Metaspace       used 24230K, capacity 24527K, committed 24832K, reserved 1071104K
  class space    used 2619K, capacity 2698K, committed 2816K, reserved 1048576K
Event: 5.885 GC heap after
Heap after GC invocations=9 (full 1):
 PSYoungGen      total 346624K, used 35810K [0x000000076af80000, 0x000000078d680000, 0x00000007c0000000)
  eden space 310784K, 0% used [0x000000076af80000,0x000000076af80000,0x000000077df00000)
  from space 35840K, 99% used [0x000000078b380000,0x000000078d678828,0x000000078d680000)
  to   space 67072K, 0% used [0x0000000785380000,0x0000000785380000,0x0000000789500000)
 ParOldGen       total 199680K, used 122355K [0x00000006c0e00000, 0x00000006cd100000, 0x000000076af80000)
  object space 199680K, 61% used [0x00000006c0e00000,0x00000006c857cf10,0x00000006cd100000)
 Metaspace       used 24230K, capacity 24527K, committed 24832K, reserved 1071104K
  class space    used 2619K, capacity 2698K, committed 2816K, reserved 1048576K
}

