# JRE version: Java(TM) SE Runtime Environment (8.0_40-b25) (build 1.8.0_40-b25)
# Java VM: Java HotSpot(TM) 64-Bit Server VM (25.40-b25 mixed mode windows-amd64 compressed oops)
Heap:
 PSYoungGen      total 357376K, used 81207K [0x000000076af80000, 0x000000078d580000, 0x00000007c0000000)
  eden space 321536K, 14% used [0x000000076af80000,0x000000076dbd55b8,0x000000077e980000)
  from space 35840K, 99% used [0x000000078b280000,0x000000078d5789e0,0x000000078d580000)
  to   space 59392K, 0% used [0x0000000786180000,0x0000000786180000,0x0000000789b80000)
 ParOldGen       total 195584K, used 104972K [0x00000006c0e00000, 0x00000006ccd00000, 0x000000076af80000)
  object space 195584K, 53% used [0x00000006c0e00000,0x00000006c74833a0,0x00000006ccd00000)
 Metaspace       used 24366K, capacity 24623K, committed 25088K, reserved 1071104K
  class space    used 2628K, capacity 2730K, committed 2816K, reserved 1048576K
GC Heap History (10 events):
Event: 1.277 GC heap before
{Heap before GC invocations=5 (full 0):
 PSYoungGen      total 141824K, used 135905K [0x000000076af80000, 0x0000000774480000, 0x00000007c0000000)
  eden space 131072K, 100% used [0x000000076af80000,0x0000000772f80000,0x0000000772f80000)
  from space 10752K, 44% used [0x0000000773a00000,0x0000000773eb87a8,0x0000000774480000)
  to   space 10752K, 0% used [0x0000000772f80000,0x0000000772f80000,0x0000000773a00000)
 ParOldGen       total 175104K, used 104K [0x00000006c0e00000, 0x00000006cb900000, 0x000000076af80000)
  object space 175104K, 0% used [0x00000006c0e00000,0x00000006c0e1a010,0x00000006cb900000)
 Metaspace       used 18613K, capacity 18865K, committed 19072K, reserved 1067008K
  class space    used 1983K, capacity 2081K, committed 2176K, reserved 1048576K
Event: 1.281 GC heap after
Heap after GC invocations=5 (full 0):
 PSYoungGen      total 141824K, used 5168K [0x000000076af80000, 0x000000077bb80000, 0x00000007c0000000)
  eden space 131072K, 0% used [0x000000076af80000,0x000000076af80000,0x0000000772f80000)
  from space 10752K, 48% used [0x0000000772f80000,0x000000077348c090,0x0000000773a00000)
  to   space 6144K, 0% used [0x000000077b580000,0x000000077b580000,0x000000077bb80000)
 ParOldGen       total 175104K, used 112K [0x00000006c0e00000, 0x00000006cb900000, 0x000000076af80000)
  object space 175104K, 0% used [0x00000006c0e00000,0x00000006c0e1c010,0x00000006cb900000)
 Metaspace       used 18613K, capacity 18865K, committed 19072K, reserved 1067008K
  class space    used 1983K, capacity 2081K, committed 2176K, reserved 1048576K
}
Event: 1.864 GC heap before
{Heap before GC invocations=6 (full 0):
 PSYoungGen      total 141824K, used 136240K [0x000000076af80000, 0x000000077bb80000, 0x00000007c0000000)
  eden space 131072K, 100% used [0x000000076af80000,0x0000000772f80000,0x0000000772f80000)
  from space 10752K, 48% used [0x0000000772f80000,0x000000077348c090,0x0000000773a00000)
  to   space 6144K, 0% used [0x000000077b580000,0x000000077b580000,0x000000077bb80000)
 ParOldGen       total 175104K, used 112K [0x00000006c0e00000, 0x00000006cb900000, 0x000000076af80000)
  object space 175104K, 0% used [0x00000006c0e00000,0x00000006c0e1c010,0x00000006cb900000)
 Metaspace       used 20647K, capacity 20937K, committed 21120K, reserved 1069056K
  class space    used 2247K, capacity 2341K, committed 2432K, reserved 1048576K
Event: 1.882 GC heap after
Heap after GC invocations=6 (full 0):
 PSYoungGen      total 251904K, used 6113K [0x000000076af80000, 0x000000077db80000, 0x00000007c0000000)
  eden space 245760K, 0% used [0x000000076af80000,0x000000076af80000,0x0000000779f80000)
  from space 6144K, 99% used [0x000000077b580000,0x000000077bb784f8,0x000000077bb80000)
  to   space 22528K, 0% used [0x0000000779f80000,0x0000000779f80000,0x000000077b580000)
 ParOldGen       total 175104K, used 27784K [0x00000006c0e00000, 0x00000006cb900000, 0x000000076af80000)
  object space 175104K, 15% used [0x00000006c0e00000,0x00000006c2922368,0x00000006cb900000)
 Metaspace       used 20647K, capacity 20937K, committed 21120K, reserved 1069056K
  class space    used 2247K, capacity 2341K, committed 2432K, reserved 1048576K
}
Event: 4.549 GC heap before
{Heap before GC invocations=7 (full 0):
 PSYoungGen      total 251904K, used 177565K [0x000000076af80000, 0x000000077db80000, 0x00000007c0000000)
  eden space 245760K, 69% used [0x000000076af80000,0x00000007756ef178,0x0000000779f80000)
  from space 6144K, 99% used [0x000000077b580000,0x000000077bb784f8,0x000000077bb80000)
  to   space 22528K, 0% used [0x0000000779f80000,0x0000000779f80000,0x000000077b580000)
 ParOldGen       total 175104K, used 27784K [0x00000006c0e00000, 0x00000006cb900000, 0x000000076af80000)
  object space 175104K, 15% used [0x00000006c0e00000,0x00000006c2922368,0x00000006cb900000)
 Metaspace       used 20826K, capacity 21065K, committed 21296K, reserved 1069056K
  class space    used 2254K, capacity 2341K, committed 2432K, reserved 1048576K
Event: 4.574 GC heap after
Heap after GC invocations=7 (full 0):
 PSYoungGen      total 268288K, used 22505K [0x000000076af80000, 0x000000078d580000, 0x00000007c0000000)
  eden space 245760K, 0% used [0x000000076af80000,0x000000076af80000,0x0000000779f80000)
  from space 22528K, 99% used [0x0000000779f80000,0x000000077b57a510,0x000000077b580000)
  to   space 35840K, 0% used [0x000000078b280000,0x000000078b280000,0x000000078d580000)
 ParOldGen       total 175104K, used 45043K [0x00000006c0e00000, 0x00000006cb900000, 0x000000076af80000)
  object space 175104K, 25% used [0x00000006c0e00000,0x00000006c39fcd58,0x00000006cb900000)
 Metaspace       used 20826K, capacity 21065K, committed 21296K, reserved 1069056K
  class space    used 2254K, capacity 2341K, committed 2432K, reserved 1048576K
}
Event: 4.574 GC heap before
{Heap before GC invocations=8 (full 1):
 PSYoungGen      total 268288K, used 22505K [0x000000076af80000, 0x000000078d580000, 0x00000007c0000000)
  eden space 245760K, 0% used [0x000000076af80000,0x000000076af80000,0x0000000779f80000)
  from space 22528K, 99% used [0x0000000779f80000,0x000000077b57a510,0x000000077b580000)
  to   space 35840K, 0% used [0x000000078b280000,0x000000078b280000,0x000000078d580000)
 ParOldGen       total 175104K, used 45043K [0x00000006c0e00000, 0x00000006cb900000, 0x000000076af80000)
  object space 175104K, 25% used [0x00000006c0e00000,0x00000006c39fcd58,0x00000006cb900000)
 Metaspace       used 20826K, capacity 21065K, committed 21296K, reserved 1069056K
  class space    used 2254K, capacity 2341K, committed 2432K, reserved 1048576K
Event: 4.906 GC heap after
Heap after GC invocations=8 (full 1):
 PSYoungGen      total 268288K, used 0K [0x000000076af80000, 0x000000078d580000, 0x00000007c0000000)
  eden space 245760K, 0% used [0x000000076af80000,0x000000076af80000,0x0000000779f80000)
  from space 22528K, 0% used [0x0000000779f80000,0x0000000779f80000,0x000000077b580000)
  to   space 35840K, 0% used [0x000000078b280000,0x000000078b280000,0x000000078d580000)
 ParOldGen       total 195584K, used 66655K [0x00000006c0e00000, 0x00000006ccd00000, 0x000000076af80000)
  object space 195584K, 34% used [0x00000006c0e00000,0x00000006c4f17d08,0x00000006ccd00000)
 Metaspace       used 20826K, capacity 21065K, committed 21296K, reserved 1069056K
  class space    used 2254K, capacity 2341K, committed 2432K, reserved 1048576K
}
Event: 9.676 GC heap before
{Heap before GC invocations=9 (full 1):
 PSYoungGen      total 268288K, used 245760K [0x000000076af80000, 0x000000078d580000, 0x00000007c0000000)
  eden space 245760K, 100% used [0x000000076af80000,0x0000000779f80000,0x0000000779f80000)
  from space 22528K, 0% used [0x0000000779f80000,0x0000000779f80000,0x000000077b580000)
  to   space 35840K, 0% used [0x000000078b280000,0x000000078b280000,0x000000078d580000)
 ParOldGen       total 195584K, used 66655K [0x00000006c0e00000, 0x00000006ccd00000, 0x000000076af80000)
  object space 195584K, 34% used [0x00000006c0e00000,0x00000006c4f17d08,0x00000006ccd00000)
 Metaspace       used 24365K, capacity 24623K, committed 25088K, reserved 1071104K
  class space    used 2628K, capacity 2730K, committed 2816K, reserved 1048576K
Event: 9.708 GC heap after
Heap after GC invocations=9 (full 1):
 PSYoungGen      total 357376K, used 35810K [0x000000076af80000, 0x000000078d580000, 0x00000007c0000000)
  eden space 321536K, 0% used [0x000000076af80000,0x000000076af80000,0x000000077e980000)
  from space 35840K, 99% used [0x000000078b280000,0x000000078d5789e0,0x000000078d580000)
  to   space 59392K, 0% used [0x0000000786180000,0x0000000786180000,0x0000000789b80000)
 ParOldGen       total 195584K, used 104972K [0x00000006c0e00000, 0x00000006ccd00000, 0x000000076af80000)
  object space 195584K, 53% used [0x00000006c0e00000,0x00000006c74833a0,0x00000006ccd00000)
 Metaspace       used 24365K, capacity 24623K, committed 25088K, reserved 1071104K
  class space    used 2628K, capacity 2730K, committed 2816K, reserved 1048576K
}

