# JRE version: Java(TM) SE Runtime Environment (8.0_40-b25) (build 1.8.0_40-b25)
# Java VM: Java HotSpot(TM) 64-Bit Server VM (25.40-b25 mixed mode windows-amd64 compressed oops)
Heap:
 PSYoungGen      total 346112K, used 90117K [0x000000076af80000, 0x000000078d580000, 0x00000007c0000000)
  eden space 310784K, 17% used [0x000000076af80000,0x000000076e501dc0,0x000000077df00000)
  from space 35328K, 99% used [0x000000078b300000,0x000000078d57f780,0x000000078d580000)
  to   space 58880K, 0% used [0x0000000786280000,0x0000000786280000,0x0000000789c00000)
 ParOldGen       total 198144K, used 103735K [0x00000006c0e00000, 0x00000006ccf80000, 0x000000076af80000)
  object space 198144K, 52% used [0x00000006c0e00000,0x00000006c734dc18,0x00000006ccf80000)
 Metaspace       used 24434K, capacity 24715K, committed 25088K, reserved 1071104K
  class space    used 2639K, capacity 2698K, committed 2816K, reserved 1048576K
GC Heap History (10 events):
Event: 1.361 GC heap before
{Heap before GC invocations=5 (full 0):
 PSYoungGen      total 141824K, used 136017K [0x000000076af80000, 0x0000000774480000, 0x00000007c0000000)
  eden space 131072K, 100% used [0x000000076af80000,0x0000000772f80000,0x0000000772f80000)
  from space 10752K, 46% used [0x0000000773a00000,0x0000000773ed47b8,0x0000000774480000)
  to   space 10752K, 0% used [0x0000000772f80000,0x0000000772f80000,0x0000000773a00000)
 ParOldGen       total 175104K, used 104K [0x00000006c0e00000, 0x00000006cb900000, 0x000000076af80000)
  object space 175104K, 0% used [0x00000006c0e00000,0x00000006c0e1a010,0x00000006cb900000)
 Metaspace       used 18622K, capacity 18861K, committed 19072K, reserved 1067008K
  class space    used 1985K, capacity 2081K, committed 2176K, reserved 1048576K
Event: 1.364 GC heap after
Heap after GC invocations=5 (full 0):
 PSYoungGen      total 141824K, used 5137K [0x000000076af80000, 0x000000077bb80000, 0x00000007c0000000)
  eden space 131072K, 0% used [0x000000076af80000,0x000000076af80000,0x0000000772f80000)
  from space 10752K, 47% used [0x0000000772f80000,0x00000007734847e8,0x0000000773a00000)
  to   space 6144K, 0% used [0x000000077b580000,0x000000077b580000,0x000000077bb80000)
 ParOldGen       total 175104K, used 112K [0x00000006c0e00000, 0x00000006cb900000, 0x000000076af80000)
  object space 175104K, 0% used [0x00000006c0e00000,0x00000006c0e1c010,0x00000006cb900000)
 Metaspace       used 18622K, capacity 18861K, committed 19072K, reserved 1067008K
  class space    used 1985K, capacity 2081K, committed 2176K, reserved 1048576K
}
Event: 1.914 GC heap before
{Heap before GC invocations=6 (full 0):
 PSYoungGen      total 141824K, used 136209K [0x000000076af80000, 0x000000077bb80000, 0x00000007c0000000)
  eden space 131072K, 100% used [0x000000076af80000,0x0000000772f80000,0x0000000772f80000)
  from space 10752K, 47% used [0x0000000772f80000,0x00000007734847e8,0x0000000773a00000)
  to   space 6144K, 0% used [0x000000077b580000,0x000000077b580000,0x000000077bb80000)
 ParOldGen       total 175104K, used 112K [0x00000006c0e00000, 0x00000006cb900000, 0x000000076af80000)
  object space 175104K, 0% used [0x00000006c0e00000,0x00000006c0e1c010,0x00000006cb900000)
 Metaspace       used 20628K, capacity 20869K, committed 21120K, reserved 1069056K
  class space    used 2246K, capacity 2341K, committed 2432K, reserved 1048576K
Event: 1.935 GC heap after
Heap after GC invocations=6 (full 0):
 PSYoungGen      total 252416K, used 6129K [0x000000076af80000, 0x000000077da80000, 0x00000007c0000000)
  eden space 246272K, 0% used [0x000000076af80000,0x000000076af80000,0x000000077a000000)
  from space 6144K, 99% used [0x000000077b580000,0x000000077bb7c4e8,0x000000077bb80000)
  to   space 22016K, 0% used [0x000000077a000000,0x000000077a000000,0x000000077b580000)
 ParOldGen       total 175104K, used 27673K [0x00000006c0e00000, 0x00000006cb900000, 0x000000076af80000)
  object space 175104K, 15% used [0x00000006c0e00000,0x00000006c2906790,0x00000006cb900000)
 Metaspace       used 20628K, capacity 20869K, committed 21120K, reserved 1069056K
  class space    used 2246K, capacity 2341K, committed 2432K, reserved 1048576K
}
Event: 2.938 GC heap before
{Heap before GC invocations=7 (full 0):
 PSYoungGen      total 252416K, used 180049K [0x000000076af80000, 0x000000077da80000, 0x00000007c0000000)
  eden space 246272K, 70% used [0x000000076af80000,0x0000000775958008,0x000000077a000000)
  from space 6144K, 99% used [0x000000077b580000,0x000000077bb7c4e8,0x000000077bb80000)
  to   space 22016K, 0% used [0x000000077a000000,0x000000077a000000,0x000000077b580000)
 ParOldGen       total 175104K, used 27673K [0x00000006c0e00000, 0x00000006cb900000, 0x000000076af80000)
  object space 175104K, 15% used [0x00000006c0e00000,0x00000006c2906790,0x00000006cb900000)
 Metaspace       used 20843K, capacity 21069K, committed 21296K, reserved 1069056K
  class space    used 2268K, capacity 2341K, committed 2432K, reserved 1048576K
Event: 2.966 GC heap after
Heap after GC invocations=7 (full 0):
 PSYoungGen      total 268288K, used 21985K [0x000000076af80000, 0x000000078d580000, 0x00000007c0000000)
  eden space 246272K, 0% used [0x000000076af80000,0x000000076af80000,0x000000077a000000)
  from space 22016K, 99% used [0x000000077a000000,0x000000077b5786b8,0x000000077b580000)
  to   space 35328K, 0% used [0x000000078b300000,0x000000078b300000,0x000000078d580000)
 ParOldGen       total 175104K, used 45283K [0x00000006c0e00000, 0x00000006cb900000, 0x000000076af80000)
  object space 175104K, 25% used [0x00000006c0e00000,0x00000006c3a38cf8,0x00000006cb900000)
 Metaspace       used 20843K, capacity 21069K, committed 21296K, reserved 1069056K
  class space    used 2268K, capacity 2341K, committed 2432K, reserved 1048576K
}
Event: 2.966 GC heap before
{Heap before GC invocations=8 (full 1):
 PSYoungGen      total 268288K, used 21985K [0x000000076af80000, 0x000000078d580000, 0x00000007c0000000)
  eden space 246272K, 0% used [0x000000076af80000,0x000000076af80000,0x000000077a000000)
  from space 22016K, 99% used [0x000000077a000000,0x000000077b5786b8,0x000000077b580000)
  to   space 35328K, 0% used [0x000000078b300000,0x000000078b300000,0x000000078d580000)
 ParOldGen       total 175104K, used 45283K [0x00000006c0e00000, 0x00000006cb900000, 0x000000076af80000)
  object space 175104K, 25% used [0x00000006c0e00000,0x00000006c3a38cf8,0x00000006cb900000)
 Metaspace       used 20843K, capacity 21069K, committed 21296K, reserved 1069056K
  class space    used 2268K, capacity 2341K, committed 2432K, reserved 1048576K
Event: 3.242 GC heap after
Heap after GC invocations=8 (full 1):
 PSYoungGen      total 268288K, used 0K [0x000000076af80000, 0x000000078d580000, 0x00000007c0000000)
  eden space 246272K, 0% used [0x000000076af80000,0x000000076af80000,0x000000077a000000)
  from space 22016K, 0% used [0x000000077a000000,0x000000077a000000,0x000000077b580000)
  to   space 35328K, 0% used [0x000000078b300000,0x000000078b300000,0x000000078d580000)
 ParOldGen       total 198144K, used 66334K [0x00000006c0e00000, 0x00000006ccf80000, 0x000000076af80000)
  object space 198144K, 33% used [0x00000006c0e00000,0x00000006c4ec79e0,0x00000006ccf80000)
 Metaspace       used 20843K, capacity 21069K, committed 21296K, reserved 1069056K
  class space    used 2268K, capacity 2341K, committed 2432K, reserved 1048576K
}
Event: 7.576 GC heap before
{Heap before GC invocations=9 (full 1):
 PSYoungGen      total 268288K, used 246272K [0x000000076af80000, 0x000000078d580000, 0x00000007c0000000)
  eden space 246272K, 100% used [0x000000076af80000,0x000000077a000000,0x000000077a000000)
  from space 22016K, 0% used [0x000000077a000000,0x000000077a000000,0x000000077b580000)
  to   space 35328K, 0% used [0x000000078b300000,0x000000078b300000,0x000000078d580000)
 ParOldGen       total 198144K, used 66334K [0x00000006c0e00000, 0x00000006ccf80000, 0x000000076af80000)
  object space 198144K, 33% used [0x00000006c0e00000,0x00000006c4ec79e0,0x00000006ccf80000)
 Metaspace       used 24433K, capacity 24715K, committed 25088K, reserved 1071104K
  class space    used 2639K, capacity 2698K, committed 2816K, reserved 1048576K
Event: 7.605 GC heap after
Heap after GC invocations=9 (full 1):
 PSYoungGen      total 346112K, used 35325K [0x000000076af80000, 0x000000078d580000, 0x00000007c0000000)
  eden space 310784K, 0% used [0x000000076af80000,0x000000076af80000,0x000000077df00000)
  from space 35328K, 99% used [0x000000078b300000,0x000000078d57f780,0x000000078d580000)
  to   space 58880K, 0% used [0x0000000786280000,0x0000000786280000,0x0000000789c00000)
 ParOldGen       total 198144K, used 103735K [0x00000006c0e00000, 0x00000006ccf80000, 0x000000076af80000)
  object space 198144K, 52% used [0x00000006c0e00000,0x00000006c734dc18,0x00000006ccf80000)
 Metaspace       used 24433K, capacity 24715K, committed 25088K, reserved 1071104K
  class space    used 2639K, capacity 2698K, committed 2816K, reserved 1048576K
}

