# JRE version: Java(TM) SE Runtime Environment (8.0_40-b25) (build 1.8.0_40-b25)
# Java VM: Java HotSpot(TM) 64-Bit Server VM (25.40-b25 mixed mode windows-amd64 compressed oops)
Heap:
 PSYoungGen      total 343040K, used 93526K [0x000000076af80000, 0x000000078d580000, 0x00000007c0000000)
  eden space 307200K, 18% used [0x000000076af80000,0x000000076e7d61a8,0x000000077db80000)
  from space 35840K, 99% used [0x000000078b280000,0x000000078d57f7e0,0x000000078d580000)
  to   space 57856K, 0% used [0x0000000786480000,0x0000000786480000,0x0000000789d00000)
 ParOldGen       total 199168K, used 101443K [0x00000006c0e00000, 0x00000006cd080000, 0x000000076af80000)
  object space 199168K, 50% used [0x00000006c0e00000,0x00000006c7110f60,0x00000006cd080000)
 Metaspace       used 24562K, capacity 24847K, committed 25344K, reserved 1071104K
  class space    used 2643K, capacity 2698K, committed 2816K, reserved 1048576K
GC Heap History (10 events):
Event: 1.264 GC heap before
{Heap before GC invocations=5 (full 0):
 PSYoungGen      total 141824K, used 135792K [0x000000076af80000, 0x0000000774480000, 0x00000007c0000000)
  eden space 131072K, 100% used [0x000000076af80000,0x0000000772f80000,0x0000000772f80000)
  from space 10752K, 43% used [0x0000000773a00000,0x0000000773e9c030,0x0000000774480000)
  to   space 10752K, 0% used [0x0000000772f80000,0x0000000772f80000,0x0000000773a00000)
 ParOldGen       total 175104K, used 104K [0x00000006c0e00000, 0x00000006cb900000, 0x000000076af80000)
  object space 175104K, 0% used [0x00000006c0e00000,0x00000006c0e1a010,0x00000006cb900000)
 Metaspace       used 18594K, capacity 18865K, committed 19072K, reserved 1067008K
  class space    used 1985K, capacity 2081K, committed 2176K, reserved 1048576K
Event: 1.267 GC heap after
Heap after GC invocations=5 (full 0):
 PSYoungGen      total 141824K, used 5009K [0x000000076af80000, 0x000000077bb80000, 0x00000007c0000000)
  eden space 131072K, 0% used [0x000000076af80000,0x000000076af80000,0x0000000772f80000)
  from space 10752K, 46% used [0x0000000772f80000,0x0000000773464798,0x0000000773a00000)
  to   space 6144K, 0% used [0x000000077b580000,0x000000077b580000,0x000000077bb80000)
 ParOldGen       total 175104K, used 112K [0x00000006c0e00000, 0x00000006cb900000, 0x000000076af80000)
  object space 175104K, 0% used [0x00000006c0e00000,0x00000006c0e1c010,0x00000006cb900000)
 Metaspace       used 18594K, capacity 18865K, committed 19072K, reserved 1067008K
  class space    used 1985K, capacity 2081K, committed 2176K, reserved 1048576K
}
Event: 1.849 GC heap before
{Heap before GC invocations=6 (full 0):
 PSYoungGen      total 141824K, used 136081K [0x000000076af80000, 0x000000077bb80000, 0x00000007c0000000)
  eden space 131072K, 100% used [0x000000076af80000,0x0000000772f80000,0x0000000772f80000)
  from space 10752K, 46% used [0x0000000772f80000,0x0000000773464798,0x0000000773a00000)
  to   space 6144K, 0% used [0x000000077b580000,0x000000077b580000,0x000000077bb80000)
 ParOldGen       total 175104K, used 112K [0x00000006c0e00000, 0x00000006cb900000, 0x000000076af80000)
  object space 175104K, 0% used [0x00000006c0e00000,0x00000006c0e1c010,0x00000006cb900000)
 Metaspace       used 20641K, capacity 20873K, committed 21120K, reserved 1069056K
  class space    used 2247K, capacity 2341K, committed 2432K, reserved 1048576K
Event: 1.874 GC heap after
Heap after GC invocations=6 (full 0):
 PSYoungGen      total 251904K, used 6136K [0x000000076af80000, 0x000000077db80000, 0x00000007c0000000)
  eden space 245760K, 0% used [0x000000076af80000,0x000000076af80000,0x0000000779f80000)
  from space 6144K, 99% used [0x000000077b580000,0x000000077bb7e360,0x000000077bb80000)
  to   space 22528K, 0% used [0x0000000779f80000,0x0000000779f80000,0x000000077b580000)
 ParOldGen       total 175104K, used 27807K [0x00000006c0e00000, 0x00000006cb900000, 0x000000076af80000)
  object space 175104K, 15% used [0x00000006c0e00000,0x00000006c2927c08,0x00000006cb900000)
 Metaspace       used 20641K, capacity 20873K, committed 21120K, reserved 1069056K
  class space    used 2247K, capacity 2341K, committed 2432K, reserved 1048576K
}
Event: 2.946 GC heap before
{Heap before GC invocations=7 (full 0):
 PSYoungGen      total 251904K, used 169422K [0x000000076af80000, 0x000000077db80000, 0x00000007c0000000)
  eden space 245760K, 66% used [0x000000076af80000,0x0000000774ef54f8,0x0000000779f80000)
  from space 6144K, 99% used [0x000000077b580000,0x000000077bb7e360,0x000000077bb80000)
  to   space 22528K, 0% used [0x0000000779f80000,0x0000000779f80000,0x000000077b580000)
 ParOldGen       total 175104K, used 27807K [0x00000006c0e00000, 0x00000006cb900000, 0x000000076af80000)
  object space 175104K, 15% used [0x00000006c0e00000,0x00000006c2927c08,0x00000006cb900000)
 Metaspace       used 20834K, capacity 21073K, committed 21296K, reserved 1069056K
  class space    used 2254K, capacity 2341K, committed 2432K, reserved 1048576K
Event: 2.974 GC heap after
Heap after GC invocations=7 (full 0):
 PSYoungGen      total 268288K, used 22506K [0x000000076af80000, 0x000000078d580000, 0x00000007c0000000)
  eden space 245760K, 0% used [0x000000076af80000,0x000000076af80000,0x0000000779f80000)
  from space 22528K, 99% used [0x0000000779f80000,0x000000077b57a9b8,0x000000077b580000)
  to   space 35840K, 0% used [0x000000078b280000,0x000000078b280000,0x000000078d580000)
 ParOldGen       total 175104K, used 45047K [0x00000006c0e00000, 0x00000006cb900000, 0x000000076af80000)
  object space 175104K, 25% used [0x00000006c0e00000,0x00000006c39fdcb8,0x00000006cb900000)
 Metaspace       used 20834K, capacity 21073K, committed 21296K, reserved 1069056K
  class space    used 2254K, capacity 2341K, committed 2432K, reserved 1048576K
}
Event: 2.974 GC heap before
{Heap before GC invocations=8 (full 1):
 PSYoungGen      total 268288K, used 22506K [0x000000076af80000, 0x000000078d580000, 0x00000007c0000000)
  eden space 245760K, 0% used [0x000000076af80000,0x000000076af80000,0x0000000779f80000)
  from space 22528K, 99% used [0x0000000779f80000,0x000000077b57a9b8,0x000000077b580000)
  to   space 35840K, 0% used [0x000000078b280000,0x000000078b280000,0x000000078d580000)
 ParOldGen       total 175104K, used 45047K [0x00000006c0e00000, 0x00000006cb900000, 0x000000076af80000)
  object space 175104K, 25% used [0x00000006c0e00000,0x00000006c39fdcb8,0x00000006cb900000)
 Metaspace       used 20834K, capacity 21073K, committed 21296K, reserved 1069056K
  class space    used 2254K, capacity 2341K, committed 2432K, reserved 1048576K
Event: 3.287 GC heap after
Heap after GC invocations=8 (full 1):
 PSYoungGen      total 268288K, used 0K [0x000000076af80000, 0x000000078d580000, 0x00000007c0000000)
  eden space 245760K, 0% used [0x000000076af80000,0x000000076af80000,0x0000000779f80000)
  from space 22528K, 0% used [0x0000000779f80000,0x0000000779f80000,0x000000077b580000)
  to   space 35840K, 0% used [0x000000078b280000,0x000000078b280000,0x000000078d580000)
 ParOldGen       total 199168K, used 66652K [0x00000006c0e00000, 0x00000006cd080000, 0x000000076af80000)
  object space 199168K, 33% used [0x00000006c0e00000,0x00000006c4f17050,0x00000006cd080000)
 Metaspace       used 20834K, capacity 21073K, committed 21296K, reserved 1069056K
  class space    used 2254K, capacity 2341K, committed 2432K, reserved 1048576K
}
Event: 10.226 GC heap before
{Heap before GC invocations=9 (full 1):
 PSYoungGen      total 268288K, used 245760K [0x000000076af80000, 0x000000078d580000, 0x00000007c0000000)
  eden space 245760K, 100% used [0x000000076af80000,0x0000000779f80000,0x0000000779f80000)
  from space 22528K, 0% used [0x0000000779f80000,0x0000000779f80000,0x000000077b580000)
  to   space 35840K, 0% used [0x000000078b280000,0x000000078b280000,0x000000078d580000)
 ParOldGen       total 199168K, used 66652K [0x00000006c0e00000, 0x00000006cd080000, 0x000000076af80000)
  object space 199168K, 33% used [0x00000006c0e00000,0x00000006c4f17050,0x00000006cd080000)
 Metaspace       used 24561K, capacity 24847K, committed 25344K, reserved 1071104K
  class space    used 2643K, capacity 2698K, committed 2816K, reserved 1048576K
Event: 10.260 GC heap after
Heap after GC invocations=9 (full 1):
 PSYoungGen      total 343040K, used 35837K [0x000000076af80000, 0x000000078d580000, 0x00000007c0000000)
  eden space 307200K, 0% used [0x000000076af80000,0x000000076af80000,0x000000077db80000)
  from space 35840K, 99% used [0x000000078b280000,0x000000078d57f7e0,0x000000078d580000)
  to   space 57856K, 0% used [0x0000000786480000,0x0000000786480000,0x0000000789d00000)
 ParOldGen       total 199168K, used 101443K [0x00000006c0e00000, 0x00000006cd080000, 0x000000076af80000)
  object space 199168K, 50% used [0x00000006c0e00000,0x00000006c7110f60,0x00000006cd080000)
 Metaspace       used 24561K, capacity 24847K, committed 25344K, reserved 1071104K
  class space    used 2643K, capacity 2698K, committed 2816K, reserved 1048576K
}

