# JRE version: Java(TM) SE Runtime Environment (8.0_40-b25) (build 1.8.0_40-b25)
# Java VM: Java HotSpot(TM) 64-Bit Server VM (25.40-b25 mixed mode windows-amd64 compressed oops)
Heap:
 PSYoungGen      total 364544K, used 107450K [0x000000076af80000, 0x000000078d580000, 0x00000007c0000000)
  eden space 328704K, 21% used [0x000000076af80000,0x000000076f576560,0x000000077f080000)
  from space 35840K, 99% used [0x000000078b280000,0x000000078d578538,0x000000078d580000)
  to   space 54784K, 0% used [0x0000000786a80000,0x0000000786a80000,0x000000078a000000)
 ParOldGen       total 193024K, used 94803K [0x00000006c0e00000, 0x00000006cca80000, 0x000000076af80000)
  object space 193024K, 49% used [0x00000006c0e00000,0x00000006c6a94e40,0x00000006cca80000)
 Metaspace       used 24610K, capacity 24879K, committed 25344K, reserved 1071104K
  class space    used 2646K, capacity 2730K, committed 2816K, reserved 1048576K
GC Heap History (10 events):
Event: 1.285 GC heap before
{Heap before GC invocations=5 (full 0):
 PSYoungGen      total 141824K, used 135984K [0x000000076af80000, 0x0000000774480000, 0x00000007c0000000)
  eden space 131072K, 100% used [0x000000076af80000,0x0000000772f80000,0x0000000772f80000)
  from space 10752K, 45% used [0x0000000773a00000,0x0000000773ecc060,0x0000000774480000)
  to   space 10752K, 0% used [0x0000000772f80000,0x0000000772f80000,0x0000000773a00000)
 ParOldGen       total 175104K, used 104K [0x00000006c0e00000, 0x00000006cb900000, 0x000000076af80000)
  object space 175104K, 0% used [0x00000006c0e00000,0x00000006c0e1a010,0x00000006cb900000)
 Metaspace       used 18599K, capacity 18865K, committed 19072K, reserved 1067008K
  class space    used 1986K, capacity 2081K, committed 2176K, reserved 1048576K
Event: 1.288 GC heap after
Heap after GC invocations=5 (full 0):
 PSYoungGen      total 141824K, used 5121K [0x000000076af80000, 0x000000077bb80000, 0x00000007c0000000)
  eden space 131072K, 0% used [0x000000076af80000,0x000000076af80000,0x0000000772f80000)
  from space 10752K, 47% used [0x0000000772f80000,0x00000007734807a8,0x0000000773a00000)
  to   space 6144K, 0% used [0x000000077b580000,0x000000077b580000,0x000000077bb80000)
 ParOldGen       total 175104K, used 112K [0x00000006c0e00000, 0x00000006cb900000, 0x000000076af80000)
  object space 175104K, 0% used [0x00000006c0e00000,0x00000006c0e1c010,0x00000006cb900000)
 Metaspace       used 18599K, capacity 18865K, committed 19072K, reserved 1067008K
  class space    used 1986K, capacity 2081K, committed 2176K, reserved 1048576K
}
Event: 1.814 GC heap before
{Heap before GC invocations=6 (full 0):
 PSYoungGen      total 141824K, used 136193K [0x000000076af80000, 0x000000077bb80000, 0x00000007c0000000)
  eden space 131072K, 100% used [0x000000076af80000,0x0000000772f80000,0x0000000772f80000)
  from space 10752K, 47% used [0x0000000772f80000,0x00000007734807a8,0x0000000773a00000)
  to   space 6144K, 0% used [0x000000077b580000,0x000000077b580000,0x000000077bb80000)
 ParOldGen       total 175104K, used 112K [0x00000006c0e00000, 0x00000006cb900000, 0x000000076af80000)
  object space 175104K, 0% used [0x00000006c0e00000,0x00000006c0e1c010,0x00000006cb900000)
 Metaspace       used 20647K, capacity 20937K, committed 21120K, reserved 1069056K
  class space    used 2246K, capacity 2341K, committed 2432K, reserved 1048576K
Event: 1.843 GC heap after
Heap after GC invocations=6 (full 0):
 PSYoungGen      total 251904K, used 6129K [0x000000076af80000, 0x000000077db80000, 0x00000007c0000000)
  eden space 245760K, 0% used [0x000000076af80000,0x000000076af80000,0x0000000779f80000)
  from space 6144K, 99% used [0x000000077b580000,0x000000077bb7c4e8,0x000000077bb80000)
  to   space 22528K, 0% used [0x0000000779f80000,0x0000000779f80000,0x000000077b580000)
 ParOldGen       total 175104K, used 27721K [0x00000006c0e00000, 0x00000006cb900000, 0x000000076af80000)
  object space 175104K, 15% used [0x00000006c0e00000,0x00000006c29125e8,0x00000006cb900000)
 Metaspace       used 20647K, capacity 20937K, committed 21120K, reserved 1069056K
  class space    used 2246K, capacity 2341K, committed 2432K, reserved 1048576K
}
Event: 4.646 GC heap before
{Heap before GC invocations=7 (full 0):
 PSYoungGen      total 251904K, used 174988K [0x000000076af80000, 0x000000077db80000, 0x00000007c0000000)
  eden space 245760K, 68% used [0x000000076af80000,0x0000000775466e70,0x0000000779f80000)
  from space 6144K, 99% used [0x000000077b580000,0x000000077bb7c4e8,0x000000077bb80000)
  to   space 22528K, 0% used [0x0000000779f80000,0x0000000779f80000,0x000000077b580000)
 ParOldGen       total 175104K, used 27721K [0x00000006c0e00000, 0x00000006cb900000, 0x000000076af80000)
  object space 175104K, 15% used [0x00000006c0e00000,0x00000006c29125e8,0x00000006cb900000)
 Metaspace       used 20843K, capacity 21073K, committed 21296K, reserved 1069056K
  class space    used 2263K, capacity 2341K, committed 2432K, reserved 1048576K
Event: 4.676 GC heap after
Heap after GC invocations=7 (full 0):
 PSYoungGen      total 268288K, used 22521K [0x000000076af80000, 0x000000078d580000, 0x00000007c0000000)
  eden space 245760K, 0% used [0x000000076af80000,0x000000076af80000,0x0000000779f80000)
  from space 22528K, 99% used [0x0000000779f80000,0x000000077b57e668,0x000000077b580000)
  to   space 35840K, 0% used [0x000000078b280000,0x000000078b280000,0x000000078d580000)
 ParOldGen       total 175104K, used 45033K [0x00000006c0e00000, 0x00000006cb900000, 0x000000076af80000)
  object space 175104K, 25% used [0x00000006c0e00000,0x00000006c39fa5b8,0x00000006cb900000)
 Metaspace       used 20843K, capacity 21073K, committed 21296K, reserved 1069056K
  class space    used 2263K, capacity 2341K, committed 2432K, reserved 1048576K
}
Event: 4.676 GC heap before
{Heap before GC invocations=8 (full 1):
 PSYoungGen      total 268288K, used 22521K [0x000000076af80000, 0x000000078d580000, 0x00000007c0000000)
  eden space 245760K, 0% used [0x000000076af80000,0x000000076af80000,0x0000000779f80000)
  from space 22528K, 99% used [0x0000000779f80000,0x000000077b57e668,0x000000077b580000)
  to   space 35840K, 0% used [0x000000078b280000,0x000000078b280000,0x000000078d580000)
 ParOldGen       total 175104K, used 45033K [0x00000006c0e00000, 0x00000006cb900000, 0x000000076af80000)
  object space 175104K, 25% used [0x00000006c0e00000,0x00000006c39fa5b8,0x00000006cb900000)
 Metaspace       used 20843K, capacity 21073K, committed 21296K, reserved 1069056K
  class space    used 2263K, capacity 2341K, committed 2432K, reserved 1048576K
Event: 5.021 GC heap after
Heap after GC invocations=8 (full 1):
 PSYoungGen      total 268288K, used 0K [0x000000076af80000, 0x000000078d580000, 0x00000007c0000000)
  eden space 245760K, 0% used [0x000000076af80000,0x000000076af80000,0x0000000779f80000)
  from space 22528K, 0% used [0x0000000779f80000,0x0000000779f80000,0x000000077b580000)
  to   space 35840K, 0% used [0x000000078b280000,0x000000078b280000,0x000000078d580000)
 ParOldGen       total 193024K, used 66674K [0x00000006c0e00000, 0x00000006cca80000, 0x000000076af80000)
  object space 193024K, 34% used [0x00000006c0e00000,0x00000006c4f1cbe0,0x00000006cca80000)
 Metaspace       used 20843K, capacity 21073K, committed 21296K, reserved 1069056K
  class space    used 2263K, capacity 2341K, committed 2432K, reserved 1048576K
}
Event: 8.588 GC heap before
{Heap before GC invocations=9 (full 1):
 PSYoungGen      total 268288K, used 245760K [0x000000076af80000, 0x000000078d580000, 0x00000007c0000000)
  eden space 245760K, 100% used [0x000000076af80000,0x0000000779f80000,0x0000000779f80000)
  from space 22528K, 0% used [0x0000000779f80000,0x0000000779f80000,0x000000077b580000)
  to   space 35840K, 0% used [0x000000078b280000,0x000000078b280000,0x000000078d580000)
 ParOldGen       total 193024K, used 66674K [0x00000006c0e00000, 0x00000006cca80000, 0x000000076af80000)
  object space 193024K, 34% used [0x00000006c0e00000,0x00000006c4f1cbe0,0x00000006cca80000)
 Metaspace       used 24609K, capacity 24879K, committed 25344K, reserved 1071104K
  class space    used 2646K, capacity 2730K, committed 2816K, reserved 1048576K
Event: 8.614 GC heap after
Heap after GC invocations=9 (full 1):
 PSYoungGen      total 364544K, used 35809K [0x000000076af80000, 0x000000078d580000, 0x00000007c0000000)
  eden space 328704K, 0% used [0x000000076af80000,0x000000076af80000,0x000000077f080000)
  from space 35840K, 99% used [0x000000078b280000,0x000000078d578538,0x000000078d580000)
  to   space 54784K, 0% used [0x0000000786a80000,0x0000000786a80000,0x000000078a000000)
 ParOldGen       total 193024K, used 94803K [0x00000006c0e00000, 0x00000006cca80000, 0x000000076af80000)
  object space 193024K, 49% used [0x00000006c0e00000,0x00000006c6a94e40,0x00000006cca80000)
 Metaspace       used 24609K, capacity 24879K, committed 25344K, reserved 1071104K
  class space    used 2646K, capacity 2730K, committed 2816K, reserved 1048576K
}

