# JRE version: Java(TM) SE Runtime Environment (8.0_40-b25) (build 1.8.0_40-b25)
# Java VM: Java HotSpot(TM) 64-Bit Server VM (25.40-b25 mixed mode windows-amd64 compressed oops)
Heap:
 PSYoungGen      total 358912K, used 53930K [0x000000076af80000, 0x000000078d680000, 0x00000007c0000000)
  eden space 323072K, 5% used [0x000000076af80000,0x000000076c132010,0x000000077eb00000)
  from space 35840K, 99% used [0x000000078b380000,0x000000078d678b80,0x000000078d680000)
  to   space 66560K, 0% used [0x0000000785480000,0x0000000785480000,0x0000000789580000)
 ParOldGen       total 196608K, used 120345K [0x00000006c0e00000, 0x00000006cce00000, 0x000000076af80000)
  object space 196608K, 61% used [0x00000006c0e00000,0x00000006c8386710,0x00000006cce00000)
 Metaspace       used 24201K, capacity 24463K, committed 24832K, reserved 1071104K
  class space    used 2625K, capacity 2698K, committed 2816K, reserved 1048576K
GC Heap History (10 events):
Event: 1.232 GC heap before
{Heap before GC invocations=5 (full 0):
 PSYoungGen      total 141824K, used 135968K [0x000000076af80000, 0x0000000774480000, 0x00000007c0000000)
  eden space 131072K, 100% used [0x000000076af80000,0x0000000772f80000,0x0000000772f80000)
  from space 10752K, 45% used [0x0000000773a00000,0x0000000773ec8090,0x0000000774480000)
  to   space 10752K, 0% used [0x0000000772f80000,0x0000000772f80000,0x0000000773a00000)
 ParOldGen       total 175104K, used 104K [0x00000006c0e00000, 0x00000006cb900000, 0x000000076af80000)
  object space 175104K, 0% used [0x00000006c0e00000,0x00000006c0e1a010,0x00000006cb900000)
 Metaspace       used 18617K, capacity 18865K, committed 19072K, reserved 1067008K
  class space    used 1986K, capacity 2081K, committed 2176K, reserved 1048576K
Event: 1.236 GC heap after
Heap after GC invocations=5 (full 0):
 PSYoungGen      total 141824K, used 4976K [0x000000076af80000, 0x000000077bc80000, 0x00000007c0000000)
  eden space 131072K, 0% used [0x000000076af80000,0x000000076af80000,0x0000000772f80000)
  from space 10752K, 46% used [0x0000000772f80000,0x000000077345c030,0x0000000773a00000)
  to   space 6656K, 0% used [0x000000077b600000,0x000000077b600000,0x000000077bc80000)
 ParOldGen       total 175104K, used 112K [0x00000006c0e00000, 0x00000006cb900000, 0x000000076af80000)
  object space 175104K, 0% used [0x00000006c0e00000,0x00000006c0e1c010,0x00000006cb900000)
 Metaspace       used 18617K, capacity 18865K, committed 19072K, reserved 1067008K
  class space    used 1986K, capacity 2081K, committed 2176K, reserved 1048576K
}
Event: 1.762 GC heap before
{Heap before GC invocations=6 (full 0):
 PSYoungGen      total 141824K, used 136048K [0x000000076af80000, 0x000000077bc80000, 0x00000007c0000000)
  eden space 131072K, 100% used [0x000000076af80000,0x0000000772f80000,0x0000000772f80000)
  from space 10752K, 46% used [0x0000000772f80000,0x000000077345c030,0x0000000773a00000)
  to   space 6656K, 0% used [0x000000077b600000,0x000000077b600000,0x000000077bc80000)
 ParOldGen       total 175104K, used 112K [0x00000006c0e00000, 0x00000006cb900000, 0x000000076af80000)
  object space 175104K, 0% used [0x00000006c0e00000,0x00000006c0e1c010,0x00000006cb900000)
 Metaspace       used 20629K, capacity 20873K, committed 21120K, reserved 1069056K
  class space    used 2246K, capacity 2341K, committed 2432K, reserved 1048576K
Event: 1.779 GC heap after
Heap after GC invocations=6 (full 0):
 PSYoungGen      total 252928K, used 6632K [0x000000076af80000, 0x000000077db80000, 0x00000007c0000000)
  eden space 246272K, 0% used [0x000000076af80000,0x000000076af80000,0x000000077a000000)
  from space 6656K, 99% used [0x000000077b600000,0x000000077bc7a278,0x000000077bc80000)
  to   space 22528K, 0% used [0x000000077a000000,0x000000077a000000,0x000000077b600000)
 ParOldGen       total 175104K, used 27334K [0x00000006c0e00000, 0x00000006cb900000, 0x000000076af80000)
  object space 175104K, 15% used [0x00000006c0e00000,0x00000006c28b1800,0x00000006cb900000)
 Metaspace       used 20629K, capacity 20873K, committed 21120K, reserved 1069056K
  class space    used 2246K, capacity 2341K, committed 2432K, reserved 1048576K
}
Event: 4.795 GC heap before
{Heap before GC invocations=7 (full 0):
 PSYoungGen      total 252928K, used 176453K [0x000000076af80000, 0x000000077db80000, 0x00000007c0000000)
  eden space 246272K, 68% used [0x000000076af80000,0x00000007755574d0,0x000000077a000000)
  from space 6656K, 99% used [0x000000077b600000,0x000000077bc7a278,0x000000077bc80000)
  to   space 22528K, 0% used [0x000000077a000000,0x000000077a000000,0x000000077b600000)
 ParOldGen       total 175104K, used 27334K [0x00000006c0e00000, 0x00000006cb900000, 0x000000076af80000)
  object space 175104K, 15% used [0x00000006c0e00000,0x00000006c28b1800,0x00000006cb900000)
 Metaspace       used 20833K, capacity 21065K, committed 21296K, reserved 1069056K
  class space    used 2254K, capacity 2341K, committed 2432K, reserved 1048576K
Event: 4.819 GC heap after
Heap after GC invocations=7 (full 0):
 PSYoungGen      total 268800K, used 22497K [0x000000076af80000, 0x000000078d680000, 0x00000007c0000000)
  eden space 246272K, 0% used [0x000000076af80000,0x000000076af80000,0x000000077a000000)
  from space 22528K, 99% used [0x000000077a000000,0x000000077b5f86b8,0x000000077b600000)
  to   space 35840K, 0% used [0x000000078b380000,0x000000078b380000,0x000000078d680000)
 ParOldGen       total 175104K, used 45056K [0x00000006c0e00000, 0x00000006cb900000, 0x000000076af80000)
  object space 175104K, 25% used [0x00000006c0e00000,0x00000006c3a00310,0x00000006cb900000)
 Metaspace       used 20833K, capacity 21065K, committed 21296K, reserved 1069056K
  class space    used 2254K, capacity 2341K, committed 2432K, reserved 1048576K
}
Event: 4.819 GC heap before
{Heap before GC invocations=8 (full 1):
 PSYoungGen      total 268800K, used 22497K [0x000000076af80000, 0x000000078d680000, 0x00000007c0000000)
  eden space 246272K, 0% used [0x000000076af80000,0x000000076af80000,0x000000077a000000)
  from space 22528K, 99% used [0x000000077a000000,0x000000077b5f86b8,0x000000077b600000)
  to   space 35840K, 0% used [0x000000078b380000,0x000000078b380000,0x000000078d680000)
 ParOldGen       total 175104K, used 45056K [0x00000006c0e00000, 0x00000006cb900000, 0x000000076af80000)
  object space 175104K, 25% used [0x00000006c0e00000,0x00000006c3a00310,0x00000006cb900000)
 Metaspace       used 20833K, capacity 21065K, committed 21296K, reserved 1069056K
  class space    used 2254K, capacity 2341K, committed 2432K, reserved 1048576K
Event: 5.151 GC heap after
Heap after GC invocations=8 (full 1):
 PSYoungGen      total 268800K, used 0K [0x000000076af80000, 0x000000078d680000, 0x00000007c0000000)
  eden space 246272K, 0% used [0x000000076af80000,0x000000076af80000,0x000000077a000000)
  from space 22528K, 0% used [0x000000077a000000,0x000000077a000000,0x000000077b600000)
  to   space 35840K, 0% used [0x000000078b380000,0x000000078b380000,0x000000078d680000)
 ParOldGen       total 196608K, used 66679K [0x00000006c0e00000, 0x00000006cce00000, 0x000000076af80000)
  object space 196608K, 33% used [0x00000006c0e00000,0x00000006c4f1df28,0x00000006cce00000)
 Metaspace       used 20833K, capacity 21065K, committed 21296K, reserved 1069056K
  class space    used 2254K, capacity 2341K, committed 2432K, reserved 1048576K
}
Event: 7.430 GC heap before
{Heap before GC invocations=9 (full 1):
 PSYoungGen      total 268800K, used 246272K [0x000000076af80000, 0x000000078d680000, 0x00000007c0000000)
  eden space 246272K, 100% used [0x000000076af80000,0x000000077a000000,0x000000077a000000)
  from space 22528K, 0% used [0x000000077a000000,0x000000077a000000,0x000000077b600000)
  to   space 35840K, 0% used [0x000000078b380000,0x000000078b380000,0x000000078d680000)
 ParOldGen       total 196608K, used 66679K [0x00000006c0e00000, 0x00000006cce00000, 0x000000076af80000)
  object space 196608K, 33% used [0x00000006c0e00000,0x00000006c4f1df28,0x00000006cce00000)
 Metaspace       used 24198K, capacity 24463K, committed 24832K, reserved 1071104K
  class space    used 2625K, capacity 2698K, committed 2816K, reserved 1048576K
Event: 7.472 GC heap after
Heap after GC invocations=9 (full 1):
 PSYoungGen      total 358912K, used 35810K [0x000000076af80000, 0x000000078d680000, 0x00000007c0000000)
  eden space 323072K, 0% used [0x000000076af80000,0x000000076af80000,0x000000077eb00000)
  from space 35840K, 99% used [0x000000078b380000,0x000000078d678b80,0x000000078d680000)
  to   space 66560K, 0% used [0x0000000785480000,0x0000000785480000,0x0000000789580000)
 ParOldGen       total 196608K, used 120345K [0x00000006c0e00000, 0x00000006cce00000, 0x000000076af80000)
  object space 196608K, 61% used [0x00000006c0e00000,0x00000006c8386710,0x00000006cce00000)
 Metaspace       used 24198K, capacity 24463K, committed 24832K, reserved 1071104K
  class space    used 2625K, capacity 2698K, committed 2816K, reserved 1048576K
}

