# JRE version: Java(TM) SE Runtime Environment (8.0_40-b25) (build 1.8.0_40-b25)
# Java VM: Java HotSpot(TM) 64-Bit Server VM (25.40-b25 mixed mode windows-amd64 compressed oops)
Heap:
 PSYoungGen      total 380416K, used 158375K [0x000000076af80000, 0x000000078d400000, 0x00000007c0000000)
  eden space 346112K, 35% used [0x000000076af80000,0x00000007728db670,0x0000000780180000)
  from space 34304K, 99% used [0x000000078b280000,0x000000078d3ce8a8,0x000000078d400000)
  to   space 41984K, 0% used [0x0000000788200000,0x0000000788200000,0x000000078ab00000)
 ParOldGen       total 187904K, used 66669K [0x00000006c0e00000, 0x00000006cc580000, 0x000000076af80000)
  object space 187904K, 35% used [0x00000006c0e00000,0x00000006c4f1b678,0x00000006cc580000)
 Metaspace       used 24783K, capacity 25071K, committed 25344K, reserved 1071104K
  class space    used 2645K, capacity 2730K, committed 2816K, reserved 1048576K
GC Heap History (10 events):
Event: 1.234 GC heap before
{Heap before GC invocations=5 (full 0):
 PSYoungGen      total 141824K, used 135760K [0x000000076af80000, 0x0000000774480000, 0x00000007c0000000)
  eden space 131072K, 100% used [0x000000076af80000,0x0000000772f80000,0x0000000772f80000)
  from space 10752K, 43% used [0x0000000773a00000,0x0000000773e94010,0x0000000774480000)
  to   space 10752K, 0% used [0x0000000772f80000,0x0000000772f80000,0x0000000773a00000)
 ParOldGen       total 175104K, used 160K [0x00000006c0e00000, 0x00000006cb900000, 0x000000076af80000)
  object space 175104K, 0% used [0x00000006c0e00000,0x00000006c0e28020,0x00000006cb900000)
 Metaspace       used 18619K, capacity 18865K, committed 19072K, reserved 1067008K
  class space    used 1986K, capacity 2081K, committed 2176K, reserved 1048576K
Event: 1.238 GC heap after
Heap after GC invocations=5 (full 0):
 PSYoungGen      total 141824K, used 4976K [0x000000076af80000, 0x000000077bb80000, 0x00000007c0000000)
  eden space 131072K, 0% used [0x000000076af80000,0x000000076af80000,0x0000000772f80000)
  from space 10752K, 46% used [0x0000000772f80000,0x000000077345c010,0x0000000773a00000)
  to   space 6144K, 0% used [0x000000077b580000,0x000000077b580000,0x000000077bb80000)
 ParOldGen       total 175104K, used 168K [0x00000006c0e00000, 0x00000006cb900000, 0x000000076af80000)
  object space 175104K, 0% used [0x00000006c0e00000,0x00000006c0e2a020,0x00000006cb900000)
 Metaspace       used 18619K, capacity 18865K, committed 19072K, reserved 1067008K
  class space    used 1986K, capacity 2081K, committed 2176K, reserved 1048576K
}
Event: 1.793 GC heap before
{Heap before GC invocations=6 (full 0):
 PSYoungGen      total 141824K, used 136048K [0x000000076af80000, 0x000000077bb80000, 0x00000007c0000000)
  eden space 131072K, 100% used [0x000000076af80000,0x0000000772f80000,0x0000000772f80000)
  from space 10752K, 46% used [0x0000000772f80000,0x000000077345c010,0x0000000773a00000)
  to   space 6144K, 0% used [0x000000077b580000,0x000000077b580000,0x000000077bb80000)
 ParOldGen       total 175104K, used 168K [0x00000006c0e00000, 0x00000006cb900000, 0x000000076af80000)
  object space 175104K, 0% used [0x00000006c0e00000,0x00000006c0e2a020,0x00000006cb900000)
 Metaspace       used 20627K, capacity 20873K, committed 21120K, reserved 1069056K
  class space    used 2246K, capacity 2341K, committed 2432K, reserved 1048576K
Event: 1.810 GC heap after
Heap after GC invocations=6 (full 0):
 PSYoungGen      total 251904K, used 6112K [0x000000076af80000, 0x000000077db80000, 0x00000007c0000000)
  eden space 245760K, 0% used [0x000000076af80000,0x000000076af80000,0x0000000779f80000)
  from space 6144K, 99% used [0x000000077b580000,0x000000077bb783f0,0x000000077bb80000)
  to   space 22528K, 0% used [0x0000000779f80000,0x0000000779f80000,0x000000077b580000)
 ParOldGen       total 175104K, used 27798K [0x00000006c0e00000, 0x00000006cb900000, 0x000000076af80000)
  object space 175104K, 15% used [0x00000006c0e00000,0x00000006c2925a58,0x00000006cb900000)
 Metaspace       used 20627K, capacity 20873K, committed 21120K, reserved 1069056K
  class space    used 2246K, capacity 2341K, committed 2432K, reserved 1048576K
}
Event: 4.902 GC heap before
{Heap before GC invocations=7 (full 0):
 PSYoungGen      total 251904K, used 172474K [0x000000076af80000, 0x000000077db80000, 0x00000007c0000000)
  eden space 245760K, 67% used [0x000000076af80000,0x00000007751f6460,0x0000000779f80000)
  from space 6144K, 99% used [0x000000077b580000,0x000000077bb783f0,0x000000077bb80000)
  to   space 22528K, 0% used [0x0000000779f80000,0x0000000779f80000,0x000000077b580000)
 ParOldGen       total 175104K, used 27798K [0x00000006c0e00000, 0x00000006cb900000, 0x000000076af80000)
  object space 175104K, 15% used [0x00000006c0e00000,0x00000006c2925a58,0x00000006cb900000)
 Metaspace       used 20824K, capacity 21065K, committed 21296K, reserved 1069056K
  class space    used 2254K, capacity 2341K, committed 2432K, reserved 1048576K
Event: 4.926 GC heap after
Heap after GC invocations=7 (full 0):
 PSYoungGen      total 268288K, used 22498K [0x000000076af80000, 0x000000078d580000, 0x00000007c0000000)
  eden space 245760K, 0% used [0x000000076af80000,0x000000076af80000,0x0000000779f80000)
  from space 22528K, 99% used [0x0000000779f80000,0x000000077b578820,0x000000077b580000)
  to   space 35840K, 0% used [0x000000078b280000,0x000000078b280000,0x000000078d580000)
 ParOldGen       total 175104K, used 45123K [0x00000006c0e00000, 0x00000006cb900000, 0x000000076af80000)
  object space 175104K, 25% used [0x00000006c0e00000,0x00000006c3a10e20,0x00000006cb900000)
 Metaspace       used 20824K, capacity 21065K, committed 21296K, reserved 1069056K
  class space    used 2254K, capacity 2341K, committed 2432K, reserved 1048576K
}
Event: 4.926 GC heap before
{Heap before GC invocations=8 (full 1):
 PSYoungGen      total 268288K, used 22498K [0x000000076af80000, 0x000000078d580000, 0x00000007c0000000)
  eden space 245760K, 0% used [0x000000076af80000,0x000000076af80000,0x0000000779f80000)
  from space 22528K, 99% used [0x0000000779f80000,0x000000077b578820,0x000000077b580000)
  to   space 35840K, 0% used [0x000000078b280000,0x000000078b280000,0x000000078d580000)
 ParOldGen       total 175104K, used 45123K [0x00000006c0e00000, 0x00000006cb900000, 0x000000076af80000)
  object space 175104K, 25% used [0x00000006c0e00000,0x00000006c3a10e20,0x00000006cb900000)
 Metaspace       used 20824K, capacity 21065K, committed 21296K, reserved 1069056K
  class space    used 2254K, capacity 2341K, committed 2432K, reserved 1048576K
Event: 5.212 GC heap after
Heap after GC invocations=8 (full 1):
 PSYoungGen      total 268288K, used 0K [0x000000076af80000, 0x000000078d580000, 0x00000007c0000000)
  eden space 245760K, 0% used [0x000000076af80000,0x000000076af80000,0x0000000779f80000)
  from space 22528K, 0% used [0x0000000779f80000,0x0000000779f80000,0x000000077b580000)
  to   space 35840K, 0% used [0x000000078b280000,0x000000078b280000,0x000000078d580000)
 ParOldGen       total 187904K, used 66661K [0x00000006c0e00000, 0x00000006cc580000, 0x000000076af80000)
  object space 187904K, 35% used [0x00000006c0e00000,0x00000006c4f19678,0x00000006cc580000)
 Metaspace       used 20824K, capacity 21065K, committed 21296K, reserved 1069056K
  class space    used 2254K, capacity 2341K, committed 2432K, reserved 1048576K
}
Event: 10.719 GC heap before
{Heap before GC invocations=9 (full 1):
 PSYoungGen      total 268288K, used 245760K [0x000000076af80000, 0x000000078d580000, 0x00000007c0000000)
  eden space 245760K, 100% used [0x000000076af80000,0x0000000779f80000,0x0000000779f80000)
  from space 22528K, 0% used [0x0000000779f80000,0x0000000779f80000,0x000000077b580000)
  to   space 35840K, 0% used [0x000000078b280000,0x000000078b280000,0x000000078d580000)
 ParOldGen       total 187904K, used 66661K [0x00000006c0e00000, 0x00000006cc580000, 0x000000076af80000)
  object space 187904K, 35% used [0x00000006c0e00000,0x00000006c4f19678,0x00000006cc580000)
 Metaspace       used 24781K, capacity 25071K, committed 25344K, reserved 1071104K
  class space    used 2645K, capacity 2730K, committed 2816K, reserved 1048576K
Event: 10.732 GC heap after
Heap after GC invocations=9 (full 1):
 PSYoungGen      total 380416K, used 34106K [0x000000076af80000, 0x000000078d400000, 0x00000007c0000000)
  eden space 346112K, 0% used [0x000000076af80000,0x000000076af80000,0x0000000780180000)
  from space 34304K, 99% used [0x000000078b280000,0x000000078d3ce8a8,0x000000078d400000)
  to   space 41984K, 0% used [0x0000000788200000,0x0000000788200000,0x000000078ab00000)
 ParOldGen       total 187904K, used 66669K [0x00000006c0e00000, 0x00000006cc580000, 0x000000076af80000)
  object space 187904K, 35% used [0x00000006c0e00000,0x00000006c4f1b678,0x00000006cc580000)
 Metaspace       used 24781K, capacity 25071K, committed 25344K, reserved 1071104K
  class space    used 2645K, capacity 2730K, committed 2816K, reserved 1048576K
}

