# JRE version: Java(TM) SE Runtime Environment (8.0_40-b25) (build 1.8.0_40-b25)
# Java VM: Java HotSpot(TM) 64-Bit Server VM (25.40-b25 mixed mode windows-amd64 compressed oops)
Heap:
 PSYoungGen      total 615936K, used 309712K [0x000000076af80000, 0x000000079f980000, 0x00000007c0000000)
  eden space 601088K, 49% used [0x000000076af80000,0x000000077cf7b7b8,0x000000078fa80000)
  from space 14848K, 99% used [0x000000079eb00000,0x000000079f978ae0,0x000000079f980000)
  to   space 25600K, 0% used [0x000000079c780000,0x000000079c780000,0x000000079e080000)
 ParOldGen       total 145408K, used 51220K [0x00000006c0e00000, 0x00000006c9c00000, 0x000000076af80000)
  object space 145408K, 35% used [0x00000006c0e00000,0x00000006c4005388,0x00000006c9c00000)
 Metaspace       used 24946K, capacity 25233K, committed 25600K, reserved 1073152K
  class space    used 2645K, capacity 2701K, committed 2816K, reserved 1048576K
GC Heap History (10 events):
Event: 1.746 GC heap before
{Heap before GC invocations=7 (full 0):
 PSYoungGen      total 268288K, used 267968K [0x000000076af80000, 0x000000077bd80000, 0x00000007c0000000)
  eden space 261632K, 100% used [0x000000076af80000,0x000000077af00000,0x000000077af00000)
  from space 6656K, 95% used [0x000000077b600000,0x000000077bc30040,0x000000077bc80000)
  to   space 7168K, 0% used [0x000000077af00000,0x000000077af00000,0x000000077b600000)
 ParOldGen       total 175104K, used 120K [0x00000006c0e00000, 0x00000006cb900000, 0x000000076af80000)
  object space 175104K, 0% used [0x00000006c0e00000,0x00000006c0e1e010,0x00000006cb900000)
 Metaspace       used 20036K, capacity 20289K, committed 20480K, reserved 1067008K
  class space    used 2189K, capacity 2277K, committed 2304K, reserved 1048576K
Event: 1.754 GC heap after
Heap after GC invocations=7 (full 0):
 PSYoungGen      total 268800K, used 3726K [0x000000076af80000, 0x000000078bc80000, 0x00000007c0000000)
  eden space 261632K, 0% used [0x000000076af80000,0x000000076af80000,0x000000077af00000)
  from space 7168K, 51% used [0x000000077af00000,0x000000077b2a3840,0x000000077b600000)
  to   space 7168K, 0% used [0x000000078b580000,0x000000078b580000,0x000000078bc80000)
 ParOldGen       total 175104K, used 4474K [0x00000006c0e00000, 0x00000006cb900000, 0x000000076af80000)
  object space 175104K, 2% used [0x00000006c0e00000,0x00000006c125e9a8,0x00000006cb900000)
 Metaspace       used 20036K, capacity 20289K, committed 20480K, reserved 1067008K
  class space    used 2189K, capacity 2277K, committed 2304K, reserved 1048576K
}
Event: 2.147 GC heap before
{Heap before GC invocations=8 (full 0):
 PSYoungGen      total 268800K, used 265358K [0x000000076af80000, 0x000000078bc80000, 0x00000007c0000000)
  eden space 261632K, 100% used [0x000000076af80000,0x000000077af00000,0x000000077af00000)
  from space 7168K, 51% used [0x000000077af00000,0x000000077b2a3840,0x000000077b600000)
  to   space 7168K, 0% used [0x000000078b580000,0x000000078b580000,0x000000078bc80000)
 ParOldGen       total 175104K, used 4474K [0x00000006c0e00000, 0x00000006cb900000, 0x000000076af80000)
  object space 175104K, 2% used [0x00000006c0e00000,0x00000006c125e9a8,0x00000006cb900000)
 Metaspace       used 20565K, capacity 20865K, committed 21120K, reserved 1069056K
  class space    used 2242K, capacity 2341K, committed 2432K, reserved 1048576K
Event: 2.155 GC heap after
Heap after GC invocations=8 (full 0):
 PSYoungGen      total 527360K, used 7160K [0x000000076af80000, 0x000000078c280000, 0x00000007c0000000)
  eden space 520192K, 0% used [0x000000076af80000,0x000000076af80000,0x000000078ab80000)
  from space 7168K, 99% used [0x000000078b580000,0x000000078bc7e310,0x000000078bc80000)
  to   space 10240K, 0% used [0x000000078ab80000,0x000000078ab80000,0x000000078b580000)
 ParOldGen       total 175104K, used 10452K [0x00000006c0e00000, 0x00000006cb900000, 0x000000076af80000)
  object space 175104K, 5% used [0x00000006c0e00000,0x00000006c18353a8,0x00000006cb900000)
 Metaspace       used 20565K, capacity 20865K, committed 21120K, reserved 1069056K
  class space    used 2242K, capacity 2341K, committed 2432K, reserved 1048576K
}
Event: 2.449 GC heap before
{Heap before GC invocations=9 (full 0):
 PSYoungGen      total 527360K, used 268857K [0x000000076af80000, 0x000000078c280000, 0x00000007c0000000)
  eden space 520192K, 50% used [0x000000076af80000,0x000000077af101d8,0x000000078ab80000)
  from space 7168K, 99% used [0x000000078b580000,0x000000078bc7e310,0x000000078bc80000)
  to   space 10240K, 0% used [0x000000078ab80000,0x000000078ab80000,0x000000078b580000)
 ParOldGen       total 175104K, used 10452K [0x00000006c0e00000, 0x00000006cb900000, 0x000000076af80000)
  object space 175104K, 5% used [0x00000006c0e00000,0x00000006c18353a8,0x00000006cb900000)
 Metaspace       used 20938K, capacity 21173K, committed 21296K, reserved 1069056K
  class space    used 2288K, capacity 2375K, committed 2432K, reserved 1048576K
Event: 2.459 GC heap after
Heap after GC invocations=9 (full 0):
 PSYoungGen      total 530432K, used 10216K [0x000000076af80000, 0x000000079f980000, 0x00000007c0000000)
  eden space 520192K, 0% used [0x000000076af80000,0x000000076af80000,0x000000078ab80000)
  from space 10240K, 99% used [0x000000078ab80000,0x000000078b57a330,0x000000078b580000)
  to   space 14848K, 0% used [0x000000079eb00000,0x000000079eb00000,0x000000079f980000)
 ParOldGen       total 175104K, used 18193K [0x00000006c0e00000, 0x00000006cb900000, 0x000000076af80000)
  object space 175104K, 10% used [0x00000006c0e00000,0x00000006c1fc4730,0x00000006cb900000)
 Metaspace       used 20938K, capacity 21173K, committed 21296K, reserved 1069056K
  class space    used 2288K, capacity 2375K, committed 2432K, reserved 1048576K
}
Event: 2.459 GC heap before
{Heap before GC invocations=10 (full 1):
 PSYoungGen      total 530432K, used 10216K [0x000000076af80000, 0x000000079f980000, 0x00000007c0000000)
  eden space 520192K, 0% used [0x000000076af80000,0x000000076af80000,0x000000078ab80000)
  from space 10240K, 99% used [0x000000078ab80000,0x000000078b57a330,0x000000078b580000)
  to   space 14848K, 0% used [0x000000079eb00000,0x000000079eb00000,0x000000079f980000)
 ParOldGen       total 175104K, used 18193K [0x00000006c0e00000, 0x00000006cb900000, 0x000000076af80000)
  object space 175104K, 10% used [0x00000006c0e00000,0x00000006c1fc4730,0x00000006cb900000)
 Metaspace       used 20938K, capacity 21173K, committed 21296K, reserved 1069056K
  class space    used 2288K, capacity 2375K, committed 2432K, reserved 1048576K
Event: 2.627 GC heap after
Heap after GC invocations=10 (full 1):
 PSYoungGen      total 530432K, used 0K [0x000000076af80000, 0x000000079f980000, 0x00000007c0000000)
  eden space 520192K, 0% used [0x000000076af80000,0x000000076af80000,0x000000078ab80000)
  from space 10240K, 0% used [0x000000078ab80000,0x000000078ab80000,0x000000078b580000)
  to   space 14848K, 0% used [0x000000079eb00000,0x000000079eb00000,0x000000079f980000)
 ParOldGen       total 145408K, used 28042K [0x00000006c0e00000, 0x00000006c9c00000, 0x000000076af80000)
  object space 145408K, 19% used [0x00000006c0e00000,0x00000006c2962b40,0x00000006c9c00000)
 Metaspace       used 20938K, capacity 21173K, committed 21296K, reserved 1069056K
  class space    used 2288K, capacity 2375K, committed 2432K, reserved 1048576K
}
Event: 1579.613 GC heap before
{Heap before GC invocations=11 (full 1):
 PSYoungGen      total 530432K, used 520192K [0x000000076af80000, 0x000000079f980000, 0x00000007c0000000)
  eden space 520192K, 100% used [0x000000076af80000,0x000000078ab80000,0x000000078ab80000)
  from space 10240K, 0% used [0x000000078ab80000,0x000000078ab80000,0x000000078b580000)
  to   space 14848K, 0% used [0x000000079eb00000,0x000000079eb00000,0x000000079f980000)
 ParOldGen       total 145408K, used 28042K [0x00000006c0e00000, 0x00000006c9c00000, 0x000000076af80000)
  object space 145408K, 19% used [0x00000006c0e00000,0x00000006c2962b40,0x00000006c9c00000)
 Metaspace       used 24857K, capacity 25105K, committed 25344K, reserved 1071104K
  class space    used 2640K, capacity 2701K, committed 2816K, reserved 1048576K
Event: 1579.623 GC heap after
Heap after GC invocations=11 (full 1):
 PSYoungGen      total 615936K, used 14818K [0x000000076af80000, 0x000000079f980000, 0x00000007c0000000)
  eden space 601088K, 0% used [0x000000076af80000,0x000000076af80000,0x000000078fa80000)
  from space 14848K, 99% used [0x000000079eb00000,0x000000079f978ae0,0x000000079f980000)
  to   space 25600K, 0% used [0x000000079c780000,0x000000079c780000,0x000000079e080000)
 ParOldGen       total 145408K, used 51220K [0x00000006c0e00000, 0x00000006c9c00000, 0x000000076af80000)
  object space 145408K, 35% used [0x00000006c0e00000,0x00000006c4005388,0x00000006c9c00000)
 Metaspace       used 24857K, capacity 25105K, committed 25344K, reserved 1071104K
  class space    used 2640K, capacity 2701K, committed 2816K, reserved 1048576K
}

