# JRE version: Java(TM) SE Runtime Environment (8.0_05-b13) (build 1.8.0_05-b13)
# Java VM: Java HotSpot(TM) 64-Bit Server VM (25.5-b02 mixed mode windows-amd64 compressed oops)
Heap:
 PSYoungGen      total 208896K, used 157805K [0x0000000780000000, 0x0000000790c80000, 0x00000007c0000000)
  eden space 204288K, 77% used [0x0000000780000000,0x0000000789a1b558,0x000000078c780000)
  from space 4608K, 0% used [0x000000078c780000,0x000000078c780000,0x000000078cc00000)
  to   space 4608K, 0% used [0x0000000790800000,0x0000000790800000,0x0000000790c80000)
 ParOldGen       total 20480K, used 16185K [0x0000000700000000, 0x0000000701400000, 0x0000000780000000)
  object space 20480K, 79% used [0x0000000700000000,0x0000000700fce570,0x0000000701400000)
 Metaspace       used 23201K, capacity 23429K, committed 23680K, reserved 1071104K
  class space    used 2562K, capacity 2623K, committed 2688K, reserved 1048576K
GC Heap History (10 events):
Event: 3.372 GC heap before
{Heap before GC invocations=22 (full 0):
 PSYoungGen      total 105984K, used 105952K [0x0000000780000000, 0x0000000789880000, 0x00000007c0000000)
  eden space 103936K, 100% used [0x0000000780000000,0x0000000786580000,0x0000000786580000)
  from space 2048K, 98% used [0x0000000786580000,0x00000007867781a8,0x0000000786780000)
  to   space 5120K, 0% used [0x0000000789380000,0x0000000789380000,0x0000000789880000)
 ParOldGen       total 195072K, used 13021K [0x0000000700000000, 0x000000070be80000, 0x0000000780000000)
  object space 195072K, 6% used [0x0000000700000000,0x0000000700cb76a8,0x000000070be80000)
 Metaspace       used 19884K, capacity 20103K, committed 20224K, reserved 1067008K
  class space    used 2190K, capacity 2266K, committed 2304K, reserved 1048576K
Event: 3.375 GC heap after
Heap after GC invocations=22 (full 0):
 PSYoungGen      total 151040K, used 192K [0x0000000780000000, 0x0000000789880000, 0x00000007c0000000)
  eden space 145920K, 0% used [0x0000000780000000,0x0000000780000000,0x0000000788e80000)
  from space 5120K, 3% used [0x0000000789380000,0x00000007893b0000,0x0000000789880000)
  to   space 5120K, 0% used [0x0000000788e80000,0x0000000788e80000,0x0000000789380000)
 ParOldGen       total 195072K, used 15020K [0x0000000700000000, 0x000000070be80000, 0x0000000780000000)
  object space 195072K, 7% used [0x0000000700000000,0x0000000700eab168,0x000000070be80000)
 Metaspace       used 19884K, capacity 20103K, committed 20224K, reserved 1067008K
  class space    used 2190K, capacity 2266K, committed 2304K, reserved 1048576K
}
Event: 3.726 GC heap before
{Heap before GC invocations=23 (full 0):
 PSYoungGen      total 151040K, used 146112K [0x0000000780000000, 0x0000000789880000, 0x00000007c0000000)
  eden space 145920K, 100% used [0x0000000780000000,0x0000000788e80000,0x0000000788e80000)
  from space 5120K, 3% used [0x0000000789380000,0x00000007893b0000,0x0000000789880000)
  to   space 5120K, 0% used [0x0000000788e80000,0x0000000788e80000,0x0000000789380000)
 ParOldGen       total 195072K, used 15020K [0x0000000700000000, 0x000000070be80000, 0x0000000780000000)
  object space 195072K, 7% used [0x0000000700000000,0x0000000700eab168,0x000000070be80000)
 Metaspace       used 19897K, capacity 20103K, committed 20224K, reserved 1067008K
  class space    used 2190K, capacity 2266K, committed 2304K, reserved 1048576K
Event: 3.729 GC heap after
Heap after GC invocations=23 (full 0):
 PSYoungGen      total 151040K, used 1152K [0x0000000780000000, 0x000000078d080000, 0x00000007c0000000)
  eden space 145920K, 0% used [0x0000000780000000,0x0000000780000000,0x0000000788e80000)
  from space 5120K, 22% used [0x0000000788e80000,0x0000000788fa0000,0x0000000789380000)
  to   space 4608K, 0% used [0x000000078cc00000,0x000000078cc00000,0x000000078d080000)
 ParOldGen       total 195072K, used 15116K [0x0000000700000000, 0x000000070be80000, 0x0000000780000000)
  object space 195072K, 7% used [0x0000000700000000,0x0000000700ec3168,0x000000070be80000)
 Metaspace       used 19897K, capacity 20103K, committed 20224K, reserved 1067008K
  class space    used 2190K, capacity 2266K, committed 2304K, reserved 1048576K
}
Event: 4.032 GC heap before
{Heap before GC invocations=24 (full 0):
 PSYoungGen      total 151040K, used 147072K [0x0000000780000000, 0x000000078d080000, 0x00000007c0000000)
  eden space 145920K, 100% used [0x0000000780000000,0x0000000788e80000,0x0000000788e80000)
  from space 5120K, 22% used [0x0000000788e80000,0x0000000788fa0000,0x0000000789380000)
  to   space 4608K, 0% used [0x000000078cc00000,0x000000078cc00000,0x000000078d080000)
 ParOldGen       total 195072K, used 15116K [0x0000000700000000, 0x000000070be80000, 0x0000000780000000)
  object space 195072K, 7% used [0x0000000700000000,0x0000000700ec3168,0x000000070be80000)
 Metaspace       used 19899K, capacity 20103K, committed 20224K, reserved 1067008K
  class space    used 2190K, capacity 2266K, committed 2304K, reserved 1048576K
Event: 4.062 GC heap after
Heap after GC invocations=24 (full 0):
 PSYoungGen      total 208896K, used 64K [0x0000000780000000, 0x000000078d080000, 0x00000007c0000000)
  eden space 204288K, 0% used [0x0000000780000000,0x0000000780000000,0x000000078c780000)
  from space 4608K, 1% used [0x000000078cc00000,0x000000078cc10000,0x000000078d080000)
  to   space 4608K, 0% used [0x000000078c780000,0x000000078c780000,0x000000078cc00000)
 ParOldGen       total 195072K, used 16176K [0x0000000700000000, 0x000000070be80000, 0x0000000780000000)
  object space 195072K, 8% used [0x0000000700000000,0x0000000700fcc198,0x000000070be80000)
 Metaspace       used 19899K, capacity 20103K, committed 20224K, reserved 1067008K
  class space    used 2190K, capacity 2266K, committed 2304K, reserved 1048576K
}
Event: 4.186 GC heap before
{Heap before GC invocations=25 (full 0):
 PSYoungGen      total 208896K, used 30820K [0x0000000780000000, 0x000000078d080000, 0x00000007c0000000)
  eden space 204288K, 15% used [0x0000000780000000,0x0000000781e091f8,0x000000078c780000)
  from space 4608K, 1% used [0x000000078cc00000,0x000000078cc10000,0x000000078d080000)
  to   space 4608K, 0% used [0x000000078c780000,0x000000078c780000,0x000000078cc00000)
 ParOldGen       total 195072K, used 16176K [0x0000000700000000, 0x000000070be80000, 0x0000000780000000)
  object space 195072K, 8% used [0x0000000700000000,0x0000000700fcc198,0x000000070be80000)
 Metaspace       used 20909K, capacity 21107K, committed 21296K, reserved 1069056K
  class space    used 2324K, capacity 2364K, committed 2432K, reserved 1048576K
Event: 4.189 GC heap after
Heap after GC invocations=25 (full 0):
 PSYoungGen      total 208896K, used 2368K [0x0000000780000000, 0x0000000790c80000, 0x00000007c0000000)
  eden space 204288K, 0% used [0x0000000780000000,0x0000000780000000,0x000000078c780000)
  from space 4608K, 51% used [0x000000078c780000,0x000000078c9d0000,0x000000078cc00000)
  to   space 4608K, 0% used [0x0000000790800000,0x0000000790800000,0x0000000790c80000)
 ParOldGen       total 195072K, used 16200K [0x0000000700000000, 0x000000070be80000, 0x0000000780000000)
  object space 195072K, 8% used [0x0000000700000000,0x0000000700fd2198,0x000000070be80000)
 Metaspace       used 20909K, capacity 21107K, committed 21296K, reserved 1069056K
  class space    used 2324K, capacity 2364K, committed 2432K, reserved 1048576K
}
Event: 4.189 GC heap before
{Heap before GC invocations=26 (full 1):
 PSYoungGen      total 208896K, used 2368K [0x0000000780000000, 0x0000000790c80000, 0x00000007c0000000)
  eden space 204288K, 0% used [0x0000000780000000,0x0000000780000000,0x000000078c780000)
  from space 4608K, 51% used [0x000000078c780000,0x000000078c9d0000,0x000000078cc00000)
  to   space 4608K, 0% used [0x0000000790800000,0x0000000790800000,0x0000000790c80000)
 ParOldGen       total 195072K, used 16200K [0x0000000700000000, 0x000000070be80000, 0x0000000780000000)
  object space 195072K, 8% used [0x0000000700000000,0x0000000700fd2198,0x000000070be80000)
 Metaspace       used 20909K, capacity 21107K, committed 21296K, reserved 1069056K
  class space    used 2324K, capacity 2364K, committed 2432K, reserved 1048576K
Event: 4.323 GC heap after
Heap after GC invocations=26 (full 1):
 PSYoungGen      total 208896K, used 0K [0x0000000780000000, 0x0000000790c80000, 0x00000007c0000000)
  eden space 204288K, 0% used [0x0000000780000000,0x0000000780000000,0x000000078c780000)
  from space 4608K, 0% used [0x000000078c780000,0x000000078c780000,0x000000078cc00000)
  to   space 4608K, 0% used [0x0000000790800000,0x0000000790800000,0x0000000790c80000)
 ParOldGen       total 20480K, used 16185K [0x0000000700000000, 0x0000000701400000, 0x0000000780000000)
  object space 20480K, 79% used [0x0000000700000000,0x0000000700fce570,0x0000000701400000)
 Metaspace       used 20909K, capacity 21107K, committed 21296K, reserved 1069056K
  class space    used 2324K, capacity 2364K, committed 2432K, reserved 1048576K
}

