# JRE version: Java(TM) SE Runtime Environment (8.0_05-b13) (build 1.8.0_05-b13)
# Java VM: Java HotSpot(TM) 64-Bit Server VM (25.5-b02 mixed mode windows-amd64 compressed oops)
Heap:
 PSYoungGen      total 209408K, used 131132K [0x0000000780000000, 0x0000000790d80000, 0x00000007c0000000)
  eden space 204288K, 64% used [0x0000000780000000,0x000000078800f030,0x000000078c780000)
  from space 5120K, 0% used [0x000000078c780000,0x000000078c780000,0x000000078cc80000)
  to   space 5120K, 0% used [0x0000000790880000,0x0000000790880000,0x0000000790d80000)
 ParOldGen       total 23040K, used 18060K [0x0000000700000000, 0x0000000701680000, 0x0000000780000000)
  object space 23040K, 78% used [0x0000000700000000,0x00000007011a30d8,0x0000000701680000)
 Metaspace       used 23154K, capacity 23365K, committed 23680K, reserved 1071104K
  class space    used 2555K, capacity 2623K, committed 2688K, reserved 1048576K
GC Heap History (10 events):
Event: 3.514 GC heap before
{Heap before GC invocations=22 (full 0):
 PSYoungGen      total 105984K, used 105968K [0x0000000780000000, 0x0000000789980000, 0x00000007c0000000)
  eden space 103936K, 100% used [0x0000000780000000,0x0000000786580000,0x0000000786580000)
  from space 2048K, 99% used [0x0000000786580000,0x000000078677c2c8,0x0000000786780000)
  to   space 5632K, 0% used [0x0000000789400000,0x0000000789400000,0x0000000789980000)
 ParOldGen       total 195072K, used 14318K [0x0000000700000000, 0x000000070be80000, 0x0000000780000000)
  object space 195072K, 7% used [0x0000000700000000,0x0000000700dfb988,0x000000070be80000)
 Metaspace       used 19800K, capacity 20007K, committed 20224K, reserved 1067008K
  class space    used 2176K, capacity 2234K, committed 2304K, reserved 1048576K
Event: 3.519 GC heap after
Heap after GC invocations=22 (full 0):
 PSYoungGen      total 151552K, used 160K [0x0000000780000000, 0x0000000789980000, 0x00000007c0000000)
  eden space 145920K, 0% used [0x0000000780000000,0x0000000780000000,0x0000000788e80000)
  from space 5632K, 2% used [0x0000000789400000,0x0000000789428000,0x0000000789980000)
  to   space 5632K, 0% used [0x0000000788e80000,0x0000000788e80000,0x0000000789400000)
 ParOldGen       total 195072K, used 16336K [0x0000000700000000, 0x000000070be80000, 0x0000000780000000)
  object space 195072K, 8% used [0x0000000700000000,0x0000000700ff40f8,0x000000070be80000)
 Metaspace       used 19800K, capacity 20007K, committed 20224K, reserved 1067008K
  class space    used 2176K, capacity 2234K, committed 2304K, reserved 1048576K
}
Event: 3.899 GC heap before
{Heap before GC invocations=23 (full 0):
 PSYoungGen      total 151552K, used 146080K [0x0000000780000000, 0x0000000789980000, 0x00000007c0000000)
  eden space 145920K, 100% used [0x0000000780000000,0x0000000788e80000,0x0000000788e80000)
  from space 5632K, 2% used [0x0000000789400000,0x0000000789428000,0x0000000789980000)
  to   space 5632K, 0% used [0x0000000788e80000,0x0000000788e80000,0x0000000789400000)
 ParOldGen       total 195072K, used 16336K [0x0000000700000000, 0x000000070be80000, 0x0000000780000000)
  object space 195072K, 8% used [0x0000000700000000,0x0000000700ff40f8,0x000000070be80000)
 Metaspace       used 19813K, capacity 20007K, committed 20224K, reserved 1067008K
  class space    used 2176K, capacity 2234K, committed 2304K, reserved 1048576K
Event: 3.902 GC heap after
Heap after GC invocations=23 (full 0):
 PSYoungGen      total 151552K, used 1152K [0x0000000780000000, 0x000000078d180000, 0x00000007c0000000)
  eden space 145920K, 0% used [0x0000000780000000,0x0000000780000000,0x0000000788e80000)
  from space 5632K, 20% used [0x0000000788e80000,0x0000000788fa0000,0x0000000789400000)
  to   space 5120K, 0% used [0x000000078cc80000,0x000000078cc80000,0x000000078d180000)
 ParOldGen       total 195072K, used 16440K [0x0000000700000000, 0x000000070be80000, 0x0000000780000000)
  object space 195072K, 8% used [0x0000000700000000,0x000000070100e0f8,0x000000070be80000)
 Metaspace       used 19813K, capacity 20007K, committed 20224K, reserved 1067008K
  class space    used 2176K, capacity 2234K, committed 2304K, reserved 1048576K
}
Event: 4.213 GC heap before
{Heap before GC invocations=24 (full 0):
 PSYoungGen      total 151552K, used 147072K [0x0000000780000000, 0x000000078d180000, 0x00000007c0000000)
  eden space 145920K, 100% used [0x0000000780000000,0x0000000788e80000,0x0000000788e80000)
  from space 5632K, 20% used [0x0000000788e80000,0x0000000788fa0000,0x0000000789400000)
  to   space 5120K, 0% used [0x000000078cc80000,0x000000078cc80000,0x000000078d180000)
 ParOldGen       total 195072K, used 16440K [0x0000000700000000, 0x000000070be80000, 0x0000000780000000)
  object space 195072K, 8% used [0x0000000700000000,0x000000070100e0f8,0x000000070be80000)
 Metaspace       used 19813K, capacity 20007K, committed 20224K, reserved 1067008K
  class space    used 2176K, capacity 2234K, committed 2304K, reserved 1048576K
Event: 4.248 GC heap after
Heap after GC invocations=24 (full 0):
 PSYoungGen      total 209408K, used 96K [0x0000000780000000, 0x000000078d180000, 0x00000007c0000000)
  eden space 204288K, 0% used [0x0000000780000000,0x0000000780000000,0x000000078c780000)
  from space 5120K, 1% used [0x000000078cc80000,0x000000078cc98000,0x000000078d180000)
  to   space 5120K, 0% used [0x000000078c780000,0x000000078c780000,0x000000078cc80000)
 ParOldGen       total 195072K, used 17580K [0x0000000700000000, 0x000000070be80000, 0x0000000780000000)
  object space 195072K, 9% used [0x0000000700000000,0x000000070112b128,0x000000070be80000)
 Metaspace       used 19813K, capacity 20007K, committed 20224K, reserved 1067008K
  class space    used 2176K, capacity 2234K, committed 2304K, reserved 1048576K
}
Event: 4.408 GC heap before
{Heap before GC invocations=25 (full 0):
 PSYoungGen      total 209408K, used 18538K [0x0000000780000000, 0x000000078d180000, 0x00000007c0000000)
  eden space 204288K, 9% used [0x0000000780000000,0x0000000781202880,0x000000078c780000)
  from space 5120K, 1% used [0x000000078cc80000,0x000000078cc98000,0x000000078d180000)
  to   space 5120K, 0% used [0x000000078c780000,0x000000078c780000,0x000000078cc80000)
 ParOldGen       total 195072K, used 17580K [0x0000000700000000, 0x000000070be80000, 0x0000000780000000)
  object space 195072K, 9% used [0x0000000700000000,0x000000070112b128,0x000000070be80000)
 Metaspace       used 20929K, capacity 21107K, committed 21296K, reserved 1069056K
  class space    used 2326K, capacity 2364K, committed 2432K, reserved 1048576K
Event: 4.411 GC heap after
Heap after GC invocations=25 (full 0):
 PSYoungGen      total 209408K, used 2688K [0x0000000780000000, 0x0000000790d80000, 0x00000007c0000000)
  eden space 204288K, 0% used [0x0000000780000000,0x0000000780000000,0x000000078c780000)
  from space 5120K, 52% used [0x000000078c780000,0x000000078ca20000,0x000000078cc80000)
  to   space 5120K, 0% used [0x0000000790880000,0x0000000790880000,0x0000000790d80000)
 ParOldGen       total 195072K, used 17612K [0x0000000700000000, 0x000000070be80000, 0x0000000780000000)
  object space 195072K, 9% used [0x0000000700000000,0x0000000701133128,0x000000070be80000)
 Metaspace       used 20929K, capacity 21107K, committed 21296K, reserved 1069056K
  class space    used 2326K, capacity 2364K, committed 2432K, reserved 1048576K
}
Event: 4.411 GC heap before
{Heap before GC invocations=26 (full 1):
 PSYoungGen      total 209408K, used 2688K [0x0000000780000000, 0x0000000790d80000, 0x00000007c0000000)
  eden space 204288K, 0% used [0x0000000780000000,0x0000000780000000,0x000000078c780000)
  from space 5120K, 52% used [0x000000078c780000,0x000000078ca20000,0x000000078cc80000)
  to   space 5120K, 0% used [0x0000000790880000,0x0000000790880000,0x0000000790d80000)
 ParOldGen       total 195072K, used 17612K [0x0000000700000000, 0x000000070be80000, 0x0000000780000000)
  object space 195072K, 9% used [0x0000000700000000,0x0000000701133128,0x000000070be80000)
 Metaspace       used 20929K, capacity 21107K, committed 21296K, reserved 1069056K
  class space    used 2326K, capacity 2364K, committed 2432K, reserved 1048576K
Event: 4.568 GC heap after
Heap after GC invocations=26 (full 1):
 PSYoungGen      total 209408K, used 0K [0x0000000780000000, 0x0000000790d80000, 0x00000007c0000000)
  eden space 204288K, 0% used [0x0000000780000000,0x0000000780000000,0x000000078c780000)
  from space 5120K, 0% used [0x000000078c780000,0x000000078c780000,0x000000078cc80000)
  to   space 5120K, 0% used [0x0000000790880000,0x0000000790880000,0x0000000790d80000)
 ParOldGen       total 23040K, used 18060K [0x0000000700000000, 0x0000000701680000, 0x0000000780000000)
  object space 23040K, 78% used [0x0000000700000000,0x00000007011a30d8,0x0000000701680000)
 Metaspace       used 20929K, capacity 21107K, committed 21296K, reserved 1069056K
  class space    used 2326K, capacity 2364K, committed 2432K, reserved 1048576K
}

