# JRE version: Java(TM) SE Runtime Environment (8.0_05-b13) (build 1.8.0_05-b13)
# Java VM: Java HotSpot(TM) 64-Bit Server VM (25.5-b02 mixed mode windows-amd64 compressed oops)
Heap:
 PSYoungGen      total 208896K, used 189607K [0x0000000780000000, 0x0000000790c80000, 0x00000007c0000000)
  eden space 204288K, 92% used [0x0000000780000000,0x000000078b929e88,0x000000078c780000)
  from space 4608K, 0% used [0x000000078c780000,0x000000078c780000,0x000000078cc00000)
  to   space 4608K, 0% used [0x0000000790800000,0x0000000790800000,0x0000000790c80000)
 ParOldGen       total 20992K, used 16287K [0x0000000700000000, 0x0000000701480000, 0x0000000780000000)
  object space 20992K, 77% used [0x0000000700000000,0x0000000700fe7d00,0x0000000701480000)
 Metaspace       used 24242K, capacity 24449K, committed 24832K, reserved 1071104K
  class space    used 2693K, capacity 2752K, committed 2816K, reserved 1048576K
GC Heap History (10 events):
Event: 3.195 GC heap before
{Heap before GC invocations=22 (full 0):
 PSYoungGen      total 105984K, used 105952K [0x0000000780000000, 0x0000000789880000, 0x00000007c0000000)
  eden space 103936K, 100% used [0x0000000780000000,0x0000000786580000,0x0000000786580000)
  from space 2048K, 98% used [0x0000000786580000,0x00000007867781c8,0x0000000786780000)
  to   space 5120K, 0% used [0x0000000789380000,0x0000000789380000,0x0000000789880000)
 ParOldGen       total 195072K, used 13037K [0x0000000700000000, 0x000000070be80000, 0x0000000780000000)
  object space 195072K, 6% used [0x0000000700000000,0x0000000700cbb530,0x000000070be80000)
 Metaspace       used 19897K, capacity 20167K, committed 20480K, reserved 1067008K
  class space    used 2192K, capacity 2266K, committed 2304K, reserved 1048576K
Event: 3.199 GC heap after
Heap after GC invocations=22 (full 0):
 PSYoungGen      total 151040K, used 160K [0x0000000780000000, 0x0000000789880000, 0x00000007c0000000)
  eden space 145920K, 0% used [0x0000000780000000,0x0000000780000000,0x0000000788e80000)
  from space 5120K, 3% used [0x0000000789380000,0x00000007893a8000,0x0000000789880000)
  to   space 5120K, 0% used [0x0000000788e80000,0x0000000788e80000,0x0000000789380000)
 ParOldGen       total 195072K, used 14996K [0x0000000700000000, 0x000000070be80000, 0x0000000780000000)
  object space 195072K, 7% used [0x0000000700000000,0x0000000700ea51e0,0x000000070be80000)
 Metaspace       used 19897K, capacity 20167K, committed 20480K, reserved 1067008K
  class space    used 2192K, capacity 2266K, committed 2304K, reserved 1048576K
}
Event: 3.563 GC heap before
{Heap before GC invocations=23 (full 0):
 PSYoungGen      total 151040K, used 146080K [0x0000000780000000, 0x0000000789880000, 0x00000007c0000000)
  eden space 145920K, 100% used [0x0000000780000000,0x0000000788e80000,0x0000000788e80000)
  from space 5120K, 3% used [0x0000000789380000,0x00000007893a8000,0x0000000789880000)
  to   space 5120K, 0% used [0x0000000788e80000,0x0000000788e80000,0x0000000789380000)
 ParOldGen       total 195072K, used 14996K [0x0000000700000000, 0x000000070be80000, 0x0000000780000000)
  object space 195072K, 7% used [0x0000000700000000,0x0000000700ea51e0,0x000000070be80000)
 Metaspace       used 19909K, capacity 20167K, committed 20480K, reserved 1067008K
  class space    used 2192K, capacity 2266K, committed 2304K, reserved 1048576K
Event: 3.566 GC heap after
Heap after GC invocations=23 (full 0):
 PSYoungGen      total 151040K, used 1184K [0x0000000780000000, 0x000000078d080000, 0x00000007c0000000)
  eden space 145920K, 0% used [0x0000000780000000,0x0000000780000000,0x0000000788e80000)
  from space 5120K, 23% used [0x0000000788e80000,0x0000000788fa8000,0x0000000789380000)
  to   space 4608K, 0% used [0x000000078cc00000,0x000000078cc00000,0x000000078d080000)
 ParOldGen       total 195072K, used 15100K [0x0000000700000000, 0x000000070be80000, 0x0000000780000000)
  object space 195072K, 7% used [0x0000000700000000,0x0000000700ebf1e0,0x000000070be80000)
 Metaspace       used 19909K, capacity 20167K, committed 20480K, reserved 1067008K
  class space    used 2192K, capacity 2266K, committed 2304K, reserved 1048576K
}
Event: 3.877 GC heap before
{Heap before GC invocations=24 (full 0):
 PSYoungGen      total 151040K, used 147104K [0x0000000780000000, 0x000000078d080000, 0x00000007c0000000)
  eden space 145920K, 100% used [0x0000000780000000,0x0000000788e80000,0x0000000788e80000)
  from space 5120K, 23% used [0x0000000788e80000,0x0000000788fa8000,0x0000000789380000)
  to   space 4608K, 0% used [0x000000078cc00000,0x000000078cc00000,0x000000078d080000)
 ParOldGen       total 195072K, used 15100K [0x0000000700000000, 0x000000070be80000, 0x0000000780000000)
  object space 195072K, 7% used [0x0000000700000000,0x0000000700ebf1e0,0x000000070be80000)
 Metaspace       used 19910K, capacity 20167K, committed 20480K, reserved 1067008K
  class space    used 2192K, capacity 2266K, committed 2304K, reserved 1048576K
Event: 3.906 GC heap after
Heap after GC invocations=24 (full 0):
 PSYoungGen      total 208896K, used 128K [0x0000000780000000, 0x000000078d080000, 0x00000007c0000000)
  eden space 204288K, 0% used [0x0000000780000000,0x0000000780000000,0x000000078c780000)
  from space 4608K, 2% used [0x000000078cc00000,0x000000078cc20000,0x000000078d080000)
  to   space 4608K, 0% used [0x000000078c780000,0x000000078c780000,0x000000078cc00000)
 ParOldGen       total 195072K, used 16184K [0x0000000700000000, 0x000000070be80000, 0x0000000780000000)
  object space 195072K, 8% used [0x0000000700000000,0x0000000700fce210,0x000000070be80000)
 Metaspace       used 19910K, capacity 20167K, committed 20480K, reserved 1067008K
  class space    used 2192K, capacity 2266K, committed 2304K, reserved 1048576K
}
Event: 4.029 GC heap before
{Heap before GC invocations=25 (full 0):
 PSYoungGen      total 208896K, used 30901K [0x0000000780000000, 0x000000078d080000, 0x00000007c0000000)
  eden space 204288K, 15% used [0x0000000780000000,0x0000000781e0d680,0x000000078c780000)
  from space 4608K, 2% used [0x000000078cc00000,0x000000078cc20000,0x000000078d080000)
  to   space 4608K, 0% used [0x000000078c780000,0x000000078c780000,0x000000078cc00000)
 ParOldGen       total 195072K, used 16184K [0x0000000700000000, 0x000000070be80000, 0x0000000780000000)
  object space 195072K, 8% used [0x0000000700000000,0x0000000700fce210,0x000000070be80000)
 Metaspace       used 20901K, capacity 21107K, committed 21296K, reserved 1069056K
  class space    used 2323K, capacity 2364K, committed 2432K, reserved 1048576K
Event: 4.033 GC heap after
Heap after GC invocations=25 (full 0):
 PSYoungGen      total 208896K, used 2368K [0x0000000780000000, 0x0000000790c80000, 0x00000007c0000000)
  eden space 204288K, 0% used [0x0000000780000000,0x0000000780000000,0x000000078c780000)
  from space 4608K, 51% used [0x000000078c780000,0x000000078c9d0000,0x000000078cc00000)
  to   space 4608K, 0% used [0x0000000790800000,0x0000000790800000,0x0000000790c80000)
 ParOldGen       total 195072K, used 16200K [0x0000000700000000, 0x000000070be80000, 0x0000000780000000)
  object space 195072K, 8% used [0x0000000700000000,0x0000000700fd2210,0x000000070be80000)
 Metaspace       used 20901K, capacity 21107K, committed 21296K, reserved 1069056K
  class space    used 2323K, capacity 2364K, committed 2432K, reserved 1048576K
}
Event: 4.034 GC heap before
{Heap before GC invocations=26 (full 1):
 PSYoungGen      total 208896K, used 2368K [0x0000000780000000, 0x0000000790c80000, 0x00000007c0000000)
  eden space 204288K, 0% used [0x0000000780000000,0x0000000780000000,0x000000078c780000)
  from space 4608K, 51% used [0x000000078c780000,0x000000078c9d0000,0x000000078cc00000)
  to   space 4608K, 0% used [0x0000000790800000,0x0000000790800000,0x0000000790c80000)
 ParOldGen       total 195072K, used 16200K [0x0000000700000000, 0x000000070be80000, 0x0000000780000000)
  object space 195072K, 8% used [0x0000000700000000,0x0000000700fd2210,0x000000070be80000)
 Metaspace       used 20901K, capacity 21107K, committed 21296K, reserved 1069056K
  class space    used 2323K, capacity 2364K, committed 2432K, reserved 1048576K
Event: 4.158 GC heap after
Heap after GC invocations=26 (full 1):
 PSYoungGen      total 208896K, used 0K [0x0000000780000000, 0x0000000790c80000, 0x00000007c0000000)
  eden space 204288K, 0% used [0x0000000780000000,0x0000000780000000,0x000000078c780000)
  from space 4608K, 0% used [0x000000078c780000,0x000000078c780000,0x000000078cc00000)
  to   space 4608K, 0% used [0x0000000790800000,0x0000000790800000,0x0000000790c80000)
 ParOldGen       total 20992K, used 16287K [0x0000000700000000, 0x0000000701480000, 0x0000000780000000)
  object space 20992K, 77% used [0x0000000700000000,0x0000000700fe7d00,0x0000000701480000)
 Metaspace       used 20901K, capacity 21107K, committed 21296K, reserved 1069056K
  class space    used 2323K, capacity 2364K, committed 2432K, reserved 1048576K
}

