# JRE version: Java(TM) SE Runtime Environment (8.0_05-b13) (build 1.8.0_05-b13)
# Java VM: Java HotSpot(TM) 64-Bit Server VM (25.5-b02 mixed mode windows-amd64 compressed oops)
Heap:
 PSYoungGen      total 208896K, used 110594K [0x00000000d5580000, 0x00000000e6200000, 0x0000000100000000)
  eden space 204288K, 54% used [0x00000000d5580000,0x00000000dc180b98,0x00000000e1d00000)
  from space 4608K, 0% used [0x00000000e1d00000,0x00000000e1d00000,0x00000000e2180000)
  to   space 4608K, 0% used [0x00000000e5d80000,0x00000000e5d80000,0x00000000e6200000)
 ParOldGen       total 260608K, used 16069K [0x0000000080000000, 0x000000008fe80000, 0x00000000d5580000)
  object space 260608K, 6% used [0x0000000080000000,0x0000000080fb1400,0x000000008fe80000)
 Metaspace       used 23218K, capacity 23429K, committed 23680K, reserved 1071104K
  class space    used 2561K, capacity 2623K, committed 2688K, reserved 1048576K
GC Heap History (10 events):
Event: 3.361 GC heap before
{Heap before GC invocations=22 (full 0):
 PSYoungGen      total 105984K, used 105968K [0x00000000d5580000, 0x00000000dee00000, 0x0000000100000000)
  eden space 103936K, 100% used [0x00000000d5580000,0x00000000dbb00000,0x00000000dbb00000)
  from space 2048K, 99% used [0x00000000dbb00000,0x00000000dbcfc1b8,0x00000000dbd00000)
  to   space 5120K, 0% used [0x00000000de900000,0x00000000de900000,0x00000000dee00000)
 ParOldGen       total 260608K, used 12663K [0x0000000080000000, 0x000000008fe80000, 0x00000000d5580000)
  object space 260608K, 4% used [0x0000000080000000,0x0000000080c5dd58,0x000000008fe80000)
 Metaspace       used 19882K, capacity 20071K, committed 20224K, reserved 1067008K
  class space    used 2186K, capacity 2234K, committed 2304K, reserved 1048576K
Event: 3.365 GC heap after
Heap after GC invocations=22 (full 0):
 PSYoungGen      total 151040K, used 128K [0x00000000d5580000, 0x00000000dee00000, 0x0000000100000000)
  eden space 145920K, 0% used [0x00000000d5580000,0x00000000d5580000,0x00000000de400000)
  from space 5120K, 2% used [0x00000000de900000,0x00000000de920000,0x00000000dee00000)
  to   space 5120K, 0% used [0x00000000de400000,0x00000000de400000,0x00000000de900000)
 ParOldGen       total 260608K, used 14705K [0x0000000080000000, 0x000000008fe80000, 0x00000000d5580000)
  object space 260608K, 5% used [0x0000000080000000,0x0000000080e5c400,0x000000008fe80000)
 Metaspace       used 19882K, capacity 20071K, committed 20224K, reserved 1067008K
  class space    used 2186K, capacity 2234K, committed 2304K, reserved 1048576K
}
Event: 3.716 GC heap before
{Heap before GC invocations=23 (full 0):
 PSYoungGen      total 151040K, used 146048K [0x00000000d5580000, 0x00000000dee00000, 0x0000000100000000)
  eden space 145920K, 100% used [0x00000000d5580000,0x00000000de400000,0x00000000de400000)
  from space 5120K, 2% used [0x00000000de900000,0x00000000de920000,0x00000000dee00000)
  to   space 5120K, 0% used [0x00000000de400000,0x00000000de400000,0x00000000de900000)
 ParOldGen       total 260608K, used 14705K [0x0000000080000000, 0x000000008fe80000, 0x00000000d5580000)
  object space 260608K, 5% used [0x0000000080000000,0x0000000080e5c400,0x000000008fe80000)
 Metaspace       used 19898K, capacity 20135K, committed 20480K, reserved 1067008K
  class space    used 2186K, capacity 2234K, committed 2304K, reserved 1048576K
Event: 3.718 GC heap after
Heap after GC invocations=23 (full 0):
 PSYoungGen      total 151040K, used 1104K [0x00000000d5580000, 0x00000000e2600000, 0x0000000100000000)
  eden space 145920K, 0% used [0x00000000d5580000,0x00000000d5580000,0x00000000de400000)
  from space 5120K, 21% used [0x00000000de400000,0x00000000de514010,0x00000000de900000)
  to   space 4608K, 0% used [0x00000000e2180000,0x00000000e2180000,0x00000000e2600000)
 ParOldGen       total 260608K, used 14809K [0x0000000080000000, 0x000000008fe80000, 0x00000000d5580000)
  object space 260608K, 5% used [0x0000000080000000,0x0000000080e76400,0x000000008fe80000)
 Metaspace       used 19898K, capacity 20135K, committed 20480K, reserved 1067008K
  class space    used 2186K, capacity 2234K, committed 2304K, reserved 1048576K
}
Event: 4.016 GC heap before
{Heap before GC invocations=24 (full 0):
 PSYoungGen      total 151040K, used 147024K [0x00000000d5580000, 0x00000000e2600000, 0x0000000100000000)
  eden space 145920K, 100% used [0x00000000d5580000,0x00000000de400000,0x00000000de400000)
  from space 5120K, 21% used [0x00000000de400000,0x00000000de514010,0x00000000de900000)
  to   space 4608K, 0% used [0x00000000e2180000,0x00000000e2180000,0x00000000e2600000)
 ParOldGen       total 260608K, used 14809K [0x0000000080000000, 0x000000008fe80000, 0x00000000d5580000)
  object space 260608K, 5% used [0x0000000080000000,0x0000000080e76400,0x000000008fe80000)
 Metaspace       used 19900K, capacity 20135K, committed 20480K, reserved 1067008K
  class space    used 2186K, capacity 2234K, committed 2304K, reserved 1048576K
Event: 4.042 GC heap after
Heap after GC invocations=24 (full 0):
 PSYoungGen      total 208896K, used 96K [0x00000000d5580000, 0x00000000e2600000, 0x0000000100000000)
  eden space 204288K, 0% used [0x00000000d5580000,0x00000000d5580000,0x00000000e1d00000)
  from space 4608K, 2% used [0x00000000e2180000,0x00000000e2198000,0x00000000e2600000)
  to   space 4608K, 0% used [0x00000000e1d00000,0x00000000e1d00000,0x00000000e2180000)
 ParOldGen       total 260608K, used 15873K [0x0000000080000000, 0x000000008fe80000, 0x00000000d5580000)
  object space 260608K, 6% used [0x0000000080000000,0x0000000080f80420,0x000000008fe80000)
 Metaspace       used 19900K, capacity 20135K, committed 20480K, reserved 1067008K
  class space    used 2186K, capacity 2234K, committed 2304K, reserved 1048576K
}
Event: 4.163 GC heap before
{Heap before GC invocations=25 (full 0):
 PSYoungGen      total 208896K, used 31036K [0x00000000d5580000, 0x00000000e2600000, 0x0000000100000000)
  eden space 204288K, 15% used [0x00000000d5580000,0x00000000d73b72b8,0x00000000e1d00000)
  from space 4608K, 2% used [0x00000000e2180000,0x00000000e2198000,0x00000000e2600000)
  to   space 4608K, 0% used [0x00000000e1d00000,0x00000000e1d00000,0x00000000e2180000)
 ParOldGen       total 260608K, used 15873K [0x0000000080000000, 0x000000008fe80000, 0x00000000d5580000)
  object space 260608K, 6% used [0x0000000080000000,0x0000000080f80420,0x000000008fe80000)
 Metaspace       used 20906K, capacity 21107K, committed 21296K, reserved 1069056K
  class space    used 2321K, capacity 2364K, committed 2432K, reserved 1048576K
Event: 4.166 GC heap after
Heap after GC invocations=25 (full 0):
 PSYoungGen      total 208896K, used 2368K [0x00000000d5580000, 0x00000000e6200000, 0x0000000100000000)
  eden space 204288K, 0% used [0x00000000d5580000,0x00000000d5580000,0x00000000e1d00000)
  from space 4608K, 51% used [0x00000000e1d00000,0x00000000e1f50000,0x00000000e2180000)
  to   space 4608K, 0% used [0x00000000e5d80000,0x00000000e5d80000,0x00000000e6200000)
 ParOldGen       total 260608K, used 15905K [0x0000000080000000, 0x000000008fe80000, 0x00000000d5580000)
  object space 260608K, 6% used [0x0000000080000000,0x0000000080f88420,0x000000008fe80000)
 Metaspace       used 20906K, capacity 21107K, committed 21296K, reserved 1069056K
  class space    used 2321K, capacity 2364K, committed 2432K, reserved 1048576K
}
Event: 4.166 GC heap before
{Heap before GC invocations=26 (full 1):
 PSYoungGen      total 208896K, used 2368K [0x00000000d5580000, 0x00000000e6200000, 0x0000000100000000)
  eden space 204288K, 0% used [0x00000000d5580000,0x00000000d5580000,0x00000000e1d00000)
  from space 4608K, 51% used [0x00000000e1d00000,0x00000000e1f50000,0x00000000e2180000)
  to   space 4608K, 0% used [0x00000000e5d80000,0x00000000e5d80000,0x00000000e6200000)
 ParOldGen       total 260608K, used 15905K [0x0000000080000000, 0x000000008fe80000, 0x00000000d5580000)
  object space 260608K, 6% used [0x0000000080000000,0x0000000080f88420,0x000000008fe80000)
 Metaspace       used 20906K, capacity 21107K, committed 21296K, reserved 1069056K
  class space    used 2321K, capacity 2364K, committed 2432K, reserved 1048576K
Event: 4.303 GC heap after
Heap after GC invocations=26 (full 1):
 PSYoungGen      total 208896K, used 0K [0x00000000d5580000, 0x00000000e6200000, 0x0000000100000000)
  eden space 204288K, 0% used [0x00000000d5580000,0x00000000d5580000,0x00000000e1d00000)
  from space 4608K, 0% used [0x00000000e1d00000,0x00000000e1d00000,0x00000000e2180000)
  to   space 4608K, 0% used [0x00000000e5d80000,0x00000000e5d80000,0x00000000e6200000)
 ParOldGen       total 260608K, used 16069K [0x0000000080000000, 0x000000008fe80000, 0x00000000d5580000)
  object space 260608K, 6% used [0x0000000080000000,0x0000000080fb1400,0x000000008fe80000)
 Metaspace       used 20906K, capacity 21107K, committed 21296K, reserved 1069056K
  class space    used 2321K, capacity 2364K, committed 2432K, reserved 1048576K
}

