# JRE version: Java(TM) SE Runtime Environment (8.0_05-b13) (build 1.8.0_05-b13)
# Java VM: Java HotSpot(TM) 64-Bit Server VM (25.5-b02 mixed mode windows-amd64 compressed oops)
Heap:
 PSYoungGen      total 208896K, used 141867K [0x0000000780000000, 0x0000000790c80000, 0x00000007c0000000)
  eden space 204288K, 69% used [0x0000000780000000,0x0000000788a8adc8,0x000000078c780000)
  from space 4608K, 0% used [0x000000078c780000,0x000000078c780000,0x000000078cc00000)
  to   space 4608K, 0% used [0x0000000790800000,0x0000000790800000,0x0000000790c80000)
 ParOldGen       total 20480K, used 16041K [0x0000000700000000, 0x0000000701400000, 0x0000000780000000)
  object space 20480K, 78% used [0x0000000700000000,0x0000000700faa5e8,0x0000000701400000)
 Metaspace       used 23296K, capacity 23493K, committed 23680K, reserved 1071104K
  class space    used 2564K, capacity 2623K, committed 2688K, reserved 1048576K
GC Heap History (10 events):
Event: 3.234 GC heap before
{Heap before GC invocations=22 (full 0):
 PSYoungGen      total 106496K, used 106464K [0x0000000780000000, 0x0000000789880000, 0x00000007c0000000)
  eden space 103936K, 100% used [0x0000000780000000,0x0000000786580000,0x0000000786580000)
  from space 2560K, 98% used [0x0000000786580000,0x00000007867f82d8,0x0000000786800000)
  to   space 5120K, 0% used [0x0000000789380000,0x0000000789380000,0x0000000789880000)
 ParOldGen       total 195072K, used 12371K [0x0000000700000000, 0x000000070be80000, 0x0000000780000000)
  object space 195072K, 6% used [0x0000000700000000,0x0000000700c14fd8,0x000000070be80000)
 Metaspace       used 19949K, capacity 20167K, committed 20480K, reserved 1067008K
  class space    used 2197K, capacity 2266K, committed 2304K, reserved 1048576K
Event: 3.237 GC heap after
Heap after GC invocations=22 (full 0):
 PSYoungGen      total 151040K, used 160K [0x0000000780000000, 0x0000000789880000, 0x00000007c0000000)
  eden space 145920K, 0% used [0x0000000780000000,0x0000000780000000,0x0000000788e80000)
  from space 5120K, 3% used [0x0000000789380000,0x00000007893a8000,0x0000000789880000)
  to   space 5120K, 0% used [0x0000000788e80000,0x0000000788e80000,0x0000000789380000)
 ParOldGen       total 195072K, used 14874K [0x0000000700000000, 0x000000070be80000, 0x0000000780000000)
  object space 195072K, 7% used [0x0000000700000000,0x0000000700e86b58,0x000000070be80000)
 Metaspace       used 19949K, capacity 20167K, committed 20480K, reserved 1067008K
  class space    used 2197K, capacity 2266K, committed 2304K, reserved 1048576K
}
Event: 3.597 GC heap before
{Heap before GC invocations=23 (full 0):
 PSYoungGen      total 151040K, used 146080K [0x0000000780000000, 0x0000000789880000, 0x00000007c0000000)
  eden space 145920K, 100% used [0x0000000780000000,0x0000000788e80000,0x0000000788e80000)
  from space 5120K, 3% used [0x0000000789380000,0x00000007893a8000,0x0000000789880000)
  to   space 5120K, 0% used [0x0000000788e80000,0x0000000788e80000,0x0000000789380000)
 ParOldGen       total 195072K, used 14874K [0x0000000700000000, 0x000000070be80000, 0x0000000780000000)
  object space 195072K, 7% used [0x0000000700000000,0x0000000700e86b58,0x000000070be80000)
 Metaspace       used 19962K, capacity 20167K, committed 20480K, reserved 1067008K
  class space    used 2197K, capacity 2266K, committed 2304K, reserved 1048576K
Event: 3.600 GC heap after
Heap after GC invocations=23 (full 0):
 PSYoungGen      total 151040K, used 1136K [0x0000000780000000, 0x000000078d080000, 0x00000007c0000000)
  eden space 145920K, 0% used [0x0000000780000000,0x0000000780000000,0x0000000788e80000)
  from space 5120K, 22% used [0x0000000788e80000,0x0000000788f9c010,0x0000000789380000)
  to   space 4608K, 0% used [0x000000078cc00000,0x000000078cc00000,0x000000078d080000)
 ParOldGen       total 195072K, used 14982K [0x0000000700000000, 0x000000070be80000, 0x0000000780000000)
  object space 195072K, 7% used [0x0000000700000000,0x0000000700ea1b68,0x000000070be80000)
 Metaspace       used 19962K, capacity 20167K, committed 20480K, reserved 1067008K
  class space    used 2197K, capacity 2266K, committed 2304K, reserved 1048576K
}
Event: 3.900 GC heap before
{Heap before GC invocations=24 (full 0):
 PSYoungGen      total 151040K, used 147056K [0x0000000780000000, 0x000000078d080000, 0x00000007c0000000)
  eden space 145920K, 100% used [0x0000000780000000,0x0000000788e80000,0x0000000788e80000)
  from space 5120K, 22% used [0x0000000788e80000,0x0000000788f9c010,0x0000000789380000)
  to   space 4608K, 0% used [0x000000078cc00000,0x000000078cc00000,0x000000078d080000)
 ParOldGen       total 195072K, used 14982K [0x0000000700000000, 0x000000070be80000, 0x0000000780000000)
  object space 195072K, 7% used [0x0000000700000000,0x0000000700ea1b68,0x000000070be80000)
 Metaspace       used 19963K, capacity 20167K, committed 20480K, reserved 1067008K
  class space    used 2197K, capacity 2266K, committed 2304K, reserved 1048576K
Event: 3.935 GC heap after
Heap after GC invocations=24 (full 0):
 PSYoungGen      total 208896K, used 64K [0x0000000780000000, 0x000000078d080000, 0x00000007c0000000)
  eden space 204288K, 0% used [0x0000000780000000,0x0000000780000000,0x000000078c780000)
  from space 4608K, 1% used [0x000000078cc00000,0x000000078cc10000,0x000000078d080000)
  to   space 4608K, 0% used [0x000000078c780000,0x000000078c780000,0x000000078cc00000)
 ParOldGen       total 195072K, used 16046K [0x0000000700000000, 0x000000070be80000, 0x0000000780000000)
  object space 195072K, 8% used [0x0000000700000000,0x0000000700fabb88,0x000000070be80000)
 Metaspace       used 19963K, capacity 20167K, committed 20480K, reserved 1067008K
  class space    used 2197K, capacity 2266K, committed 2304K, reserved 1048576K
}
Event: 4.045 GC heap before
{Heap before GC invocations=25 (full 0):
 PSYoungGen      total 208896K, used 30885K [0x0000000780000000, 0x000000078d080000, 0x00000007c0000000)
  eden space 204288K, 15% used [0x0000000780000000,0x0000000781e195c0,0x000000078c780000)
  from space 4608K, 1% used [0x000000078cc00000,0x000000078cc10000,0x000000078d080000)
  to   space 4608K, 0% used [0x000000078c780000,0x000000078c780000,0x000000078cc00000)
 ParOldGen       total 195072K, used 16046K [0x0000000700000000, 0x000000070be80000, 0x0000000780000000)
  object space 195072K, 8% used [0x0000000700000000,0x0000000700fabb88,0x000000070be80000)
 Metaspace       used 20915K, capacity 21107K, committed 21296K, reserved 1069056K
  class space    used 2314K, capacity 2364K, committed 2432K, reserved 1048576K
Event: 4.049 GC heap after
Heap after GC invocations=25 (full 0):
 PSYoungGen      total 208896K, used 2304K [0x0000000780000000, 0x0000000790c80000, 0x00000007c0000000)
  eden space 204288K, 0% used [0x0000000780000000,0x0000000780000000,0x000000078c780000)
  from space 4608K, 50% used [0x000000078c780000,0x000000078c9c0000,0x000000078cc00000)
  to   space 4608K, 0% used [0x0000000790800000,0x0000000790800000,0x0000000790c80000)
 ParOldGen       total 195072K, used 16062K [0x0000000700000000, 0x000000070be80000, 0x0000000780000000)
  object space 195072K, 8% used [0x0000000700000000,0x0000000700fafb88,0x000000070be80000)
 Metaspace       used 20915K, capacity 21107K, committed 21296K, reserved 1069056K
  class space    used 2314K, capacity 2364K, committed 2432K, reserved 1048576K
}
Event: 4.049 GC heap before
{Heap before GC invocations=26 (full 1):
 PSYoungGen      total 208896K, used 2304K [0x0000000780000000, 0x0000000790c80000, 0x00000007c0000000)
  eden space 204288K, 0% used [0x0000000780000000,0x0000000780000000,0x000000078c780000)
  from space 4608K, 50% used [0x000000078c780000,0x000000078c9c0000,0x000000078cc00000)
  to   space 4608K, 0% used [0x0000000790800000,0x0000000790800000,0x0000000790c80000)
 ParOldGen       total 195072K, used 16062K [0x0000000700000000, 0x000000070be80000, 0x0000000780000000)
  object space 195072K, 8% used [0x0000000700000000,0x0000000700fafb88,0x000000070be80000)
 Metaspace       used 20915K, capacity 21107K, committed 21296K, reserved 1069056K
  class space    used 2314K, capacity 2364K, committed 2432K, reserved 1048576K
Event: 4.180 GC heap after
Heap after GC invocations=26 (full 1):
 PSYoungGen      total 208896K, used 0K [0x0000000780000000, 0x0000000790c80000, 0x00000007c0000000)
  eden space 204288K, 0% used [0x0000000780000000,0x0000000780000000,0x000000078c780000)
  from space 4608K, 0% used [0x000000078c780000,0x000000078c780000,0x000000078cc00000)
  to   space 4608K, 0% used [0x0000000790800000,0x0000000790800000,0x0000000790c80000)
 ParOldGen       total 20480K, used 16041K [0x0000000700000000, 0x0000000701400000, 0x0000000780000000)
  object space 20480K, 78% used [0x0000000700000000,0x0000000700faa5e8,0x0000000701400000)
 Metaspace       used 20915K, capacity 21107K, committed 21296K, reserved 1069056K
  class space    used 2314K, capacity 2364K, committed 2432K, reserved 1048576K
}

