# JRE version: Java(TM) SE Runtime Environment (8.0_05-b13) (build 1.8.0_05-b13)
# Java VM: Java HotSpot(TM) 64-Bit Server VM (25.5-b02 mixed mode windows-amd64 compressed oops)
Heap:
 PSYoungGen      total 208896K, used 148014K [0x00000000d5580000, 0x00000000e6200000, 0x0000000100000000)
  eden space 204288K, 72% used [0x00000000d5580000,0x00000000de60b968,0x00000000e1d00000)
  from space 4608K, 0% used [0x00000000e1d00000,0x00000000e1d00000,0x00000000e2180000)
  to   space 4608K, 0% used [0x00000000e5d80000,0x00000000e5d80000,0x00000000e6200000)
 ParOldGen       total 260608K, used 16093K [0x0000000080000000, 0x000000008fe80000, 0x00000000d5580000)
  object space 260608K, 6% used [0x0000000080000000,0x0000000080fb77a0,0x000000008fe80000)
 Metaspace       used 23084K, capacity 23333K, committed 23680K, reserved 1071104K
  class space    used 2549K, capacity 2591K, committed 2688K, reserved 1048576K
GC Heap History (10 events):
Event: 3.183 GC heap before
{Heap before GC invocations=22 (full 0):
 PSYoungGen      total 105984K, used 105952K [0x00000000d5580000, 0x00000000dee00000, 0x0000000100000000)
  eden space 103936K, 100% used [0x00000000d5580000,0x00000000dbb00000,0x00000000dbb00000)
  from space 2048K, 98% used [0x00000000dbb00000,0x00000000dbcf81a8,0x00000000dbd00000)
  to   space 5120K, 0% used [0x00000000de900000,0x00000000de900000,0x00000000dee00000)
 ParOldGen       total 260608K, used 12642K [0x0000000080000000, 0x000000008fe80000, 0x00000000d5580000)
  object space 260608K, 4% used [0x0000000080000000,0x0000000080c58bd8,0x000000008fe80000)
 Metaspace       used 19854K, capacity 20071K, committed 20224K, reserved 1067008K
  class space    used 2186K, capacity 2234K, committed 2304K, reserved 1048576K
Event: 3.186 GC heap after
Heap after GC invocations=22 (full 0):
 PSYoungGen      total 151040K, used 192K [0x00000000d5580000, 0x00000000dee00000, 0x0000000100000000)
  eden space 145920K, 0% used [0x00000000d5580000,0x00000000d5580000,0x00000000de400000)
  from space 5120K, 3% used [0x00000000de900000,0x00000000de930000,0x00000000dee00000)
  to   space 5120K, 0% used [0x00000000de400000,0x00000000de400000,0x00000000de900000)
 ParOldGen       total 260608K, used 14662K [0x0000000080000000, 0x000000008fe80000, 0x00000000d5580000)
  object space 260608K, 5% used [0x0000000080000000,0x0000000080e51950,0x000000008fe80000)
 Metaspace       used 19854K, capacity 20071K, committed 20224K, reserved 1067008K
  class space    used 2186K, capacity 2234K, committed 2304K, reserved 1048576K
}
Event: 3.553 GC heap before
{Heap before GC invocations=23 (full 0):
 PSYoungGen      total 151040K, used 146112K [0x00000000d5580000, 0x00000000dee00000, 0x0000000100000000)
  eden space 145920K, 100% used [0x00000000d5580000,0x00000000de400000,0x00000000de400000)
  from space 5120K, 3% used [0x00000000de900000,0x00000000de930000,0x00000000dee00000)
  to   space 5120K, 0% used [0x00000000de400000,0x00000000de400000,0x00000000de900000)
 ParOldGen       total 260608K, used 14662K [0x0000000080000000, 0x000000008fe80000, 0x00000000d5580000)
  object space 260608K, 5% used [0x0000000080000000,0x0000000080e51950,0x000000008fe80000)
 Metaspace       used 19867K, capacity 20071K, committed 20224K, reserved 1067008K
  class space    used 2186K, capacity 2234K, committed 2304K, reserved 1048576K
Event: 3.555 GC heap after
Heap after GC invocations=23 (full 0):
 PSYoungGen      total 151040K, used 1120K [0x00000000d5580000, 0x00000000e2600000, 0x0000000100000000)
  eden space 145920K, 0% used [0x00000000d5580000,0x00000000d5580000,0x00000000de400000)
  from space 5120K, 21% used [0x00000000de400000,0x00000000de518000,0x00000000de900000)
  to   space 4608K, 0% used [0x00000000e2180000,0x00000000e2180000,0x00000000e2600000)
 ParOldGen       total 260608K, used 14782K [0x0000000080000000, 0x000000008fe80000, 0x00000000d5580000)
  object space 260608K, 5% used [0x0000000080000000,0x0000000080e6f950,0x000000008fe80000)
 Metaspace       used 19867K, capacity 20071K, committed 20224K, reserved 1067008K
  class space    used 2186K, capacity 2234K, committed 2304K, reserved 1048576K
}
Event: 3.869 GC heap before
{Heap before GC invocations=24 (full 0):
 PSYoungGen      total 151040K, used 147040K [0x00000000d5580000, 0x00000000e2600000, 0x0000000100000000)
  eden space 145920K, 100% used [0x00000000d5580000,0x00000000de400000,0x00000000de400000)
  from space 5120K, 21% used [0x00000000de400000,0x00000000de518000,0x00000000de900000)
  to   space 4608K, 0% used [0x00000000e2180000,0x00000000e2180000,0x00000000e2600000)
 ParOldGen       total 260608K, used 14782K [0x0000000080000000, 0x000000008fe80000, 0x00000000d5580000)
  object space 260608K, 5% used [0x0000000080000000,0x0000000080e6f950,0x000000008fe80000)
 Metaspace       used 19869K, capacity 20071K, committed 20224K, reserved 1067008K
  class space    used 2186K, capacity 2234K, committed 2304K, reserved 1048576K
Event: 3.871 GC heap after
Heap after GC invocations=24 (full 0):
 PSYoungGen      total 208896K, used 96K [0x00000000d5580000, 0x00000000e2600000, 0x0000000100000000)
  eden space 204288K, 0% used [0x00000000d5580000,0x00000000d5580000,0x00000000e1d00000)
  from space 4608K, 2% used [0x00000000e2180000,0x00000000e2198000,0x00000000e2600000)
  to   space 4608K, 0% used [0x00000000e1d00000,0x00000000e1d00000,0x00000000e2180000)
 ParOldGen       total 260608K, used 15842K [0x0000000080000000, 0x000000008fe80000, 0x00000000d5580000)
  object space 260608K, 6% used [0x0000000080000000,0x0000000080f78980,0x000000008fe80000)
 Metaspace       used 19869K, capacity 20071K, committed 20224K, reserved 1067008K
  class space    used 2186K, capacity 2234K, committed 2304K, reserved 1048576K
}
Event: 3.996 GC heap before
{Heap before GC invocations=25 (full 0):
 PSYoungGen      total 208896K, used 30948K [0x00000000d5580000, 0x00000000e2600000, 0x0000000100000000)
  eden space 204288K, 15% used [0x00000000d5580000,0x00000000d73a1108,0x00000000e1d00000)
  from space 4608K, 2% used [0x00000000e2180000,0x00000000e2198000,0x00000000e2600000)
  to   space 4608K, 0% used [0x00000000e1d00000,0x00000000e1d00000,0x00000000e2180000)
 ParOldGen       total 260608K, used 15842K [0x0000000080000000, 0x000000008fe80000, 0x00000000d5580000)
  object space 260608K, 6% used [0x0000000080000000,0x0000000080f78980,0x000000008fe80000)
 Metaspace       used 20909K, capacity 21107K, committed 21296K, reserved 1069056K
  class space    used 2328K, capacity 2364K, committed 2432K, reserved 1048576K
Event: 4.000 GC heap after
Heap after GC invocations=25 (full 0):
 PSYoungGen      total 208896K, used 2368K [0x00000000d5580000, 0x00000000e6200000, 0x0000000100000000)
  eden space 204288K, 0% used [0x00000000d5580000,0x00000000d5580000,0x00000000e1d00000)
  from space 4608K, 51% used [0x00000000e1d00000,0x00000000e1f50000,0x00000000e2180000)
  to   space 4608K, 0% used [0x00000000e5d80000,0x00000000e5d80000,0x00000000e6200000)
 ParOldGen       total 260608K, used 15858K [0x0000000080000000, 0x000000008fe80000, 0x00000000d5580000)
  object space 260608K, 6% used [0x0000000080000000,0x0000000080f7c980,0x000000008fe80000)
 Metaspace       used 20909K, capacity 21107K, committed 21296K, reserved 1069056K
  class space    used 2328K, capacity 2364K, committed 2432K, reserved 1048576K
}
Event: 4.000 GC heap before
{Heap before GC invocations=26 (full 1):
 PSYoungGen      total 208896K, used 2368K [0x00000000d5580000, 0x00000000e6200000, 0x0000000100000000)
  eden space 204288K, 0% used [0x00000000d5580000,0x00000000d5580000,0x00000000e1d00000)
  from space 4608K, 51% used [0x00000000e1d00000,0x00000000e1f50000,0x00000000e2180000)
  to   space 4608K, 0% used [0x00000000e5d80000,0x00000000e5d80000,0x00000000e6200000)
 ParOldGen       total 260608K, used 15858K [0x0000000080000000, 0x000000008fe80000, 0x00000000d5580000)
  object space 260608K, 6% used [0x0000000080000000,0x0000000080f7c980,0x000000008fe80000)
 Metaspace       used 20909K, capacity 21107K, committed 21296K, reserved 1069056K
  class space    used 2328K, capacity 2364K, committed 2432K, reserved 1048576K
Event: 4.136 GC heap after
Heap after GC invocations=26 (full 1):
 PSYoungGen      total 208896K, used 0K [0x00000000d5580000, 0x00000000e6200000, 0x0000000100000000)
  eden space 204288K, 0% used [0x00000000d5580000,0x00000000d5580000,0x00000000e1d00000)
  from space 4608K, 0% used [0x00000000e1d00000,0x00000000e1d00000,0x00000000e2180000)
  to   space 4608K, 0% used [0x00000000e5d80000,0x00000000e5d80000,0x00000000e6200000)
 ParOldGen       total 260608K, used 16093K [0x0000000080000000, 0x000000008fe80000, 0x00000000d5580000)
  object space 260608K, 6% used [0x0000000080000000,0x0000000080fb77a0,0x000000008fe80000)
 Metaspace       used 20909K, capacity 21107K, committed 21296K, reserved 1069056K
  class space    used 2328K, capacity 2364K, committed 2432K, reserved 1048576K
}

