# JRE version: Java(TM) SE Runtime Environment (8.0_05-b13) (build 1.8.0_05-b13)
# Java VM: Java HotSpot(TM) 64-Bit Server VM (25.5-b02 mixed mode windows-amd64 compressed oops)
Heap:
 PSYoungGen      total 237568K, used 183504K [0x0000000780000000, 0x0000000790f00000, 0x00000007c0000000)
  eden space 232448K, 77% used [0x0000000780000000,0x000000078b03df18,0x000000078e300000)
  from space 5120K, 59% used [0x0000000790880000,0x0000000790b76498,0x0000000790d80000)
  to   space 22528K, 0% used [0x000000078e300000,0x000000078e300000,0x000000078f900000)
 ParOldGen       total 83968K, used 62388K [0x0000000700000000, 0x0000000705200000, 0x0000000780000000)
  object space 83968K, 74% used [0x0000000700000000,0x0000000703ced320,0x0000000705200000)
 Metaspace       used 24530K, capacity 24775K, committed 25088K, reserved 1071104K
  class space    used 2693K, capacity 2753K, committed 2816K, reserved 1048576K
GC Heap History (10 events):
Event: 4.022 GC heap before
{Heap before GC invocations=24 (full 0):
 PSYoungGen      total 151040K, used 147088K [0x0000000780000000, 0x000000078d180000, 0x00000007c0000000)
  eden space 145920K, 100% used [0x0000000780000000,0x0000000788e80000,0x0000000788e80000)
  from space 5120K, 22% used [0x0000000788e80000,0x0000000788fa4010,0x0000000789380000)
  to   space 5120K, 0% used [0x000000078cc80000,0x000000078cc80000,0x000000078d180000)
 ParOldGen       total 195072K, used 15091K [0x0000000700000000, 0x000000070be80000, 0x0000000780000000)
  object space 195072K, 7% used [0x0000000700000000,0x0000000700ebcc20,0x000000070be80000)
 Metaspace       used 19914K, capacity 20167K, committed 20480K, reserved 1067008K
  class space    used 2192K, capacity 2266K, committed 2304K, reserved 1048576K
Event: 4.051 GC heap after
Heap after GC invocations=24 (full 0):
 PSYoungGen      total 208384K, used 64K [0x0000000780000000, 0x000000078d080000, 0x00000007c0000000)
  eden space 204288K, 0% used [0x0000000780000000,0x0000000780000000,0x000000078c780000)
  from space 4096K, 1% used [0x000000078cc80000,0x000000078cc90000,0x000000078d080000)
  to   space 4608K, 0% used [0x000000078c780000,0x000000078c780000,0x000000078cc00000)
 ParOldGen       total 195072K, used 16171K [0x0000000700000000, 0x000000070be80000, 0x0000000780000000)
  object space 195072K, 8% used [0x0000000700000000,0x0000000700fcac40,0x000000070be80000)
 Metaspace       used 19914K, capacity 20167K, committed 20480K, reserved 1067008K
  class space    used 2192K, capacity 2266K, committed 2304K, reserved 1048576K
}
Event: 4.164 GC heap before
{Heap before GC invocations=25 (full 0):
 PSYoungGen      total 208384K, used 30836K [0x0000000780000000, 0x000000078d080000, 0x00000007c0000000)
  eden space 204288K, 15% used [0x0000000780000000,0x0000000781e0d338,0x000000078c780000)
  from space 4096K, 1% used [0x000000078cc80000,0x000000078cc90000,0x000000078d080000)
  to   space 4608K, 0% used [0x000000078c780000,0x000000078c780000,0x000000078cc00000)
 ParOldGen       total 195072K, used 16171K [0x0000000700000000, 0x000000070be80000, 0x0000000780000000)
  object space 195072K, 8% used [0x0000000700000000,0x0000000700fcac40,0x000000070be80000)
 Metaspace       used 20921K, capacity 21107K, committed 21296K, reserved 1069056K
  class space    used 2325K, capacity 2364K, committed 2432K, reserved 1048576K
Event: 4.167 GC heap after
Heap after GC invocations=25 (full 0):
 PSYoungGen      total 208896K, used 2464K [0x0000000780000000, 0x0000000790d80000, 0x00000007c0000000)
  eden space 204288K, 0% used [0x0000000780000000,0x0000000780000000,0x000000078c780000)
  from space 4608K, 53% used [0x000000078c780000,0x000000078c9e8000,0x000000078cc00000)
  to   space 5120K, 0% used [0x0000000790880000,0x0000000790880000,0x0000000790d80000)
 ParOldGen       total 195072K, used 16203K [0x0000000700000000, 0x000000070be80000, 0x0000000780000000)
  object space 195072K, 8% used [0x0000000700000000,0x0000000700fd2c40,0x000000070be80000)
 Metaspace       used 20921K, capacity 21107K, committed 21296K, reserved 1069056K
  class space    used 2325K, capacity 2364K, committed 2432K, reserved 1048576K
}
Event: 4.167 GC heap before
{Heap before GC invocations=26 (full 1):
 PSYoungGen      total 208896K, used 2464K [0x0000000780000000, 0x0000000790d80000, 0x00000007c0000000)
  eden space 204288K, 0% used [0x0000000780000000,0x0000000780000000,0x000000078c780000)
  from space 4608K, 53% used [0x000000078c780000,0x000000078c9e8000,0x000000078cc00000)
  to   space 5120K, 0% used [0x0000000790880000,0x0000000790880000,0x0000000790d80000)
 ParOldGen       total 195072K, used 16203K [0x0000000700000000, 0x000000070be80000, 0x0000000780000000)
  object space 195072K, 8% used [0x0000000700000000,0x0000000700fd2c40,0x000000070be80000)
 Metaspace       used 20921K, capacity 21107K, committed 21296K, reserved 1069056K
  class space    used 2325K, capacity 2364K, committed 2432K, reserved 1048576K
Event: 4.302 GC heap after
Heap after GC invocations=26 (full 1):
 PSYoungGen      total 208896K, used 0K [0x0000000780000000, 0x0000000790d80000, 0x00000007c0000000)
  eden space 204288K, 0% used [0x0000000780000000,0x0000000780000000,0x000000078c780000)
  from space 4608K, 0% used [0x000000078c780000,0x000000078c780000,0x000000078cc00000)
  to   space 5120K, 0% used [0x0000000790880000,0x0000000790880000,0x0000000790d80000)
 ParOldGen       total 20992K, used 16391K [0x0000000700000000, 0x0000000701480000, 0x0000000780000000)
  object space 20992K, 78% used [0x0000000700000000,0x0000000701001fc0,0x0000000701480000)
 Metaspace       used 20921K, capacity 21107K, committed 21296K, reserved 1069056K
  class space    used 2325K, capacity 2364K, committed 2432K, reserved 1048576K
}
Event: 17.740 GC heap before
{Heap before GC invocations=27 (full 1):
 PSYoungGen      total 208896K, used 204288K [0x0000000780000000, 0x0000000790d80000, 0x00000007c0000000)
  eden space 204288K, 100% used [0x0000000780000000,0x000000078c780000,0x000000078c780000)
  from space 4608K, 0% used [0x000000078c780000,0x000000078c780000,0x000000078cc00000)
  to   space 5120K, 0% used [0x0000000790880000,0x0000000790880000,0x0000000790d80000)
 ParOldGen       total 20992K, used 16391K [0x0000000700000000, 0x0000000701480000, 0x0000000780000000)
  object space 20992K, 78% used [0x0000000700000000,0x0000000701001fc0,0x0000000701480000)
 Metaspace       used 24021K, capacity 24263K, committed 24576K, reserved 1071104K
  class space    used 2682K, capacity 2753K, committed 2816K, reserved 1048576K
Event: 17.768 GC heap after
Heap after GC invocations=27 (full 1):
 PSYoungGen      total 237568K, used 5088K [0x0000000780000000, 0x0000000790f00000, 0x00000007c0000000)
  eden space 232448K, 0% used [0x0000000780000000,0x0000000780000000,0x000000078e300000)
  from space 5120K, 99% used [0x0000000790880000,0x0000000790d78070,0x0000000790d80000)
  to   space 22528K, 0% used [0x000000078e300000,0x000000078e300000,0x000000078f900000)
 ParOldGen       total 62464K, used 61331K [0x0000000700000000, 0x0000000703d00000, 0x0000000780000000)
  object space 62464K, 98% used [0x0000000700000000,0x0000000703be4f80,0x0000000703d00000)
 Metaspace       used 24021K, capacity 24263K, committed 24576K, reserved 1071104K
  class space    used 2682K, capacity 2753K, committed 2816K, reserved 1048576K
}
Event: 17.768 GC heap before
{Heap before GC invocations=28 (full 2):
 PSYoungGen      total 237568K, used 5088K [0x0000000780000000, 0x0000000790f00000, 0x00000007c0000000)
  eden space 232448K, 0% used [0x0000000780000000,0x0000000780000000,0x000000078e300000)
  from space 5120K, 99% used [0x0000000790880000,0x0000000790d78070,0x0000000790d80000)
  to   space 22528K, 0% used [0x000000078e300000,0x000000078e300000,0x000000078f900000)
 ParOldGen       total 62464K, used 61331K [0x0000000700000000, 0x0000000703d00000, 0x0000000780000000)
  object space 62464K, 98% used [0x0000000700000000,0x0000000703be4f80,0x0000000703d00000)
 Metaspace       used 24021K, capacity 24263K, committed 24576K, reserved 1071104K
  class space    used 2682K, capacity 2753K, committed 2816K, reserved 1048576K
Event: 18.239 GC heap after
Heap after GC invocations=28 (full 2):
 PSYoungGen      total 237568K, used 3033K [0x0000000780000000, 0x0000000790f00000, 0x00000007c0000000)
  eden space 232448K, 0% used [0x0000000780000000,0x0000000780000000,0x000000078e300000)
  from space 5120K, 59% used [0x0000000790880000,0x0000000790b76498,0x0000000790d80000)
  to   space 22528K, 0% used [0x000000078e300000,0x000000078e300000,0x000000078f900000)
 ParOldGen       total 83968K, used 62388K [0x0000000700000000, 0x0000000705200000, 0x0000000780000000)
  object space 83968K, 74% used [0x0000000700000000,0x0000000703ced320,0x0000000705200000)
 Metaspace       used 24021K, capacity 24263K, committed 24576K, reserved 1071104K
  class space    used 2682K, capacity 2753K, committed 2816K, reserved 1048576K
}

