# JRE version: Java(TM) SE Runtime Environment (8.0_05-b13) (build 1.8.0_05-b13)
# Java VM: Java HotSpot(TM) 64-Bit Server VM (25.5-b02 mixed mode windows-amd64 compressed oops)
Heap:
 PSYoungGen      total 208896K, used 165204K [0x0000000780000000, 0x0000000790c80000, 0x00000007c0000000)
  eden space 204288K, 80% used [0x0000000780000000,0x000000078a1551d0,0x000000078c780000)
  from space 4608K, 0% used [0x000000078c780000,0x000000078c780000,0x000000078cc00000)
  to   space 4608K, 0% used [0x0000000790800000,0x0000000790800000,0x0000000790c80000)
 ParOldGen       total 20480K, used 16194K [0x0000000700000000, 0x0000000701400000, 0x0000000780000000)
  object space 20480K, 79% used [0x0000000700000000,0x0000000700fd08b8,0x0000000701400000)
 Metaspace       used 23252K, capacity 23429K, committed 23680K, reserved 1071104K
  class space    used 2568K, capacity 2623K, committed 2688K, reserved 1048576K
GC Heap History (10 events):
Event: 3.147 GC heap before
{Heap before GC invocations=22 (full 0):
 PSYoungGen      total 106496K, used 106464K [0x0000000780000000, 0x0000000789880000, 0x00000007c0000000)
  eden space 103936K, 100% used [0x0000000780000000,0x0000000786580000,0x0000000786580000)
  from space 2560K, 98% used [0x0000000786580000,0x00000007867f81c8,0x0000000786800000)
  to   space 5120K, 0% used [0x0000000789380000,0x0000000789380000,0x0000000789880000)
 ParOldGen       total 195072K, used 12252K [0x0000000700000000, 0x000000070be80000, 0x0000000780000000)
  object space 195072K, 6% used [0x0000000700000000,0x0000000700bf72f0,0x000000070be80000)
 Metaspace       used 19876K, capacity 20103K, committed 20224K, reserved 1067008K
  class space    used 2190K, capacity 2266K, committed 2304K, reserved 1048576K
Event: 3.150 GC heap after
Heap after GC invocations=22 (full 0):
 PSYoungGen      total 151040K, used 192K [0x0000000780000000, 0x0000000789880000, 0x00000007c0000000)
  eden space 145920K, 0% used [0x0000000780000000,0x0000000780000000,0x0000000788e80000)
  from space 5120K, 3% used [0x0000000789380000,0x00000007893b0000,0x0000000789880000)
  to   space 5120K, 0% used [0x0000000788e80000,0x0000000788e80000,0x0000000789380000)
 ParOldGen       total 195072K, used 14771K [0x0000000700000000, 0x000000070be80000, 0x0000000780000000)
  object space 195072K, 7% used [0x0000000700000000,0x0000000700e6ce30,0x000000070be80000)
 Metaspace       used 19876K, capacity 20103K, committed 20224K, reserved 1067008K
  class space    used 2190K, capacity 2266K, committed 2304K, reserved 1048576K
}
Event: 3.511 GC heap before
{Heap before GC invocations=23 (full 0):
 PSYoungGen      total 151040K, used 146112K [0x0000000780000000, 0x0000000789880000, 0x00000007c0000000)
  eden space 145920K, 100% used [0x0000000780000000,0x0000000788e80000,0x0000000788e80000)
  from space 5120K, 3% used [0x0000000789380000,0x00000007893b0000,0x0000000789880000)
  to   space 5120K, 0% used [0x0000000788e80000,0x0000000788e80000,0x0000000789380000)
 ParOldGen       total 195072K, used 14771K [0x0000000700000000, 0x000000070be80000, 0x0000000780000000)
  object space 195072K, 7% used [0x0000000700000000,0x0000000700e6ce30,0x000000070be80000)
 Metaspace       used 19888K, capacity 20103K, committed 20224K, reserved 1067008K
  class space    used 2190K, capacity 2266K, committed 2304K, reserved 1048576K
Event: 3.513 GC heap after
Heap after GC invocations=23 (full 0):
 PSYoungGen      total 151040K, used 1136K [0x0000000780000000, 0x000000078d080000, 0x00000007c0000000)
  eden space 145920K, 0% used [0x0000000780000000,0x0000000780000000,0x0000000788e80000)
  from space 5120K, 22% used [0x0000000788e80000,0x0000000788f9c010,0x0000000789380000)
  to   space 4608K, 0% used [0x000000078cc00000,0x000000078cc00000,0x000000078d080000)
 ParOldGen       total 195072K, used 14871K [0x0000000700000000, 0x000000070be80000, 0x0000000780000000)
  object space 195072K, 7% used [0x0000000700000000,0x0000000700e85e40,0x000000070be80000)
 Metaspace       used 19888K, capacity 20103K, committed 20224K, reserved 1067008K
  class space    used 2190K, capacity 2266K, committed 2304K, reserved 1048576K
}
Event: 3.822 GC heap before
{Heap before GC invocations=24 (full 0):
 PSYoungGen      total 151040K, used 147056K [0x0000000780000000, 0x000000078d080000, 0x00000007c0000000)
  eden space 145920K, 100% used [0x0000000780000000,0x0000000788e80000,0x0000000788e80000)
  from space 5120K, 22% used [0x0000000788e80000,0x0000000788f9c010,0x0000000789380000)
  to   space 4608K, 0% used [0x000000078cc00000,0x000000078cc00000,0x000000078d080000)
 ParOldGen       total 195072K, used 14871K [0x0000000700000000, 0x000000070be80000, 0x0000000780000000)
  object space 195072K, 7% used [0x0000000700000000,0x0000000700e85e40,0x000000070be80000)
 Metaspace       used 19890K, capacity 20103K, committed 20224K, reserved 1067008K
  class space    used 2190K, capacity 2266K, committed 2304K, reserved 1048576K
Event: 3.855 GC heap after
Heap after GC invocations=24 (full 0):
 PSYoungGen      total 208896K, used 96K [0x0000000780000000, 0x000000078d080000, 0x00000007c0000000)
  eden space 204288K, 0% used [0x0000000780000000,0x0000000780000000,0x000000078c780000)
  from space 4608K, 2% used [0x000000078cc00000,0x000000078cc18000,0x000000078d080000)
  to   space 4608K, 0% used [0x000000078c780000,0x000000078c780000,0x000000078cc00000)
 ParOldGen       total 195072K, used 15931K [0x0000000700000000, 0x000000070be80000, 0x0000000780000000)
  object space 195072K, 8% used [0x0000000700000000,0x0000000700f8ee70,0x000000070be80000)
 Metaspace       used 19890K, capacity 20103K, committed 20224K, reserved 1067008K
  class space    used 2190K, capacity 2266K, committed 2304K, reserved 1048576K
}
Event: 3.981 GC heap before
{Heap before GC invocations=25 (full 0):
 PSYoungGen      total 208896K, used 30861K [0x0000000780000000, 0x000000078d080000, 0x00000007c0000000)
  eden space 204288K, 15% used [0x0000000780000000,0x0000000781e0b738,0x000000078c780000)
  from space 4608K, 2% used [0x000000078cc00000,0x000000078cc18000,0x000000078d080000)
  to   space 4608K, 0% used [0x000000078c780000,0x000000078c780000,0x000000078cc00000)
 ParOldGen       total 195072K, used 15931K [0x0000000700000000, 0x000000070be80000, 0x0000000780000000)
  object space 195072K, 8% used [0x0000000700000000,0x0000000700f8ee70,0x000000070be80000)
 Metaspace       used 20927K, capacity 21139K, committed 21296K, reserved 1069056K
  class space    used 2331K, capacity 2396K, committed 2432K, reserved 1048576K
Event: 3.985 GC heap after
Heap after GC invocations=25 (full 0):
 PSYoungGen      total 208896K, used 2368K [0x0000000780000000, 0x0000000790c80000, 0x00000007c0000000)
  eden space 204288K, 0% used [0x0000000780000000,0x0000000780000000,0x000000078c780000)
  from space 4608K, 51% used [0x000000078c780000,0x000000078c9d0000,0x000000078cc00000)
  to   space 4608K, 0% used [0x0000000790800000,0x0000000790800000,0x0000000790c80000)
 ParOldGen       total 195072K, used 15947K [0x0000000700000000, 0x000000070be80000, 0x0000000780000000)
  object space 195072K, 8% used [0x0000000700000000,0x0000000700f92e70,0x000000070be80000)
 Metaspace       used 20927K, capacity 21139K, committed 21296K, reserved 1069056K
  class space    used 2331K, capacity 2396K, committed 2432K, reserved 1048576K
}
Event: 3.985 GC heap before
{Heap before GC invocations=26 (full 1):
 PSYoungGen      total 208896K, used 2368K [0x0000000780000000, 0x0000000790c80000, 0x00000007c0000000)
  eden space 204288K, 0% used [0x0000000780000000,0x0000000780000000,0x000000078c780000)
  from space 4608K, 51% used [0x000000078c780000,0x000000078c9d0000,0x000000078cc00000)
  to   space 4608K, 0% used [0x0000000790800000,0x0000000790800000,0x0000000790c80000)
 ParOldGen       total 195072K, used 15947K [0x0000000700000000, 0x000000070be80000, 0x0000000780000000)
  object space 195072K, 8% used [0x0000000700000000,0x0000000700f92e70,0x000000070be80000)
 Metaspace       used 20927K, capacity 21139K, committed 21296K, reserved 1069056K
  class space    used 2331K, capacity 2396K, committed 2432K, reserved 1048576K
Event: 4.128 GC heap after
Heap after GC invocations=26 (full 1):
 PSYoungGen      total 208896K, used 0K [0x0000000780000000, 0x0000000790c80000, 0x00000007c0000000)
  eden space 204288K, 0% used [0x0000000780000000,0x0000000780000000,0x000000078c780000)
  from space 4608K, 0% used [0x000000078c780000,0x000000078c780000,0x000000078cc00000)
  to   space 4608K, 0% used [0x0000000790800000,0x0000000790800000,0x0000000790c80000)
 ParOldGen       total 20480K, used 16194K [0x0000000700000000, 0x0000000701400000, 0x0000000780000000)
  object space 20480K, 79% used [0x0000000700000000,0x0000000700fd08b8,0x0000000701400000)
 Metaspace       used 20927K, capacity 21139K, committed 21296K, reserved 1069056K
  class space    used 2331K, capacity 2396K, committed 2432K, reserved 1048576K
}

