# JRE version: Java(TM) SE Runtime Environment (8.0_05-b13) (build 1.8.0_05-b13)
# Java VM: Java HotSpot(TM) 64-Bit Server VM (25.5-b02 mixed mode windows-amd64 compressed oops)
Heap:
 PSYoungGen      total 611840K, used 167862K [0x00000000d5580000, 0x0000000100000000, 0x0000000100000000)
  eden space 524800K, 31% used [0x00000000d5580000,0x00000000df96da58,0x00000000f5600000)
  from space 87040K, 0% used [0x00000000f5600000,0x00000000f5600000,0x00000000fab00000)
  to   space 87040K, 0% used [0x00000000fab00000,0x00000000fab00000,0x0000000100000000)
 ParOldGen       total 1398272K, used 16020K [0x0000000080000000, 0x00000000d5580000, 0x00000000d5580000)
  object space 1398272K, 1% used [0x0000000080000000,0x0000000080fa5068,0x00000000d5580000)
 Metaspace       used 23116K, capacity 23365K, committed 23680K, reserved 1071104K
  class space    used 2561K, capacity 2623K, committed 2688K, reserved 1048576K
GC Heap History (8 events):
Event: 2.268 GC heap before
{Heap before GC invocations=1 (full 0):
 PSYoungGen      total 611840K, used 524800K [0x00000000d5580000, 0x0000000100000000, 0x0000000100000000)
  eden space 524800K, 100% used [0x00000000d5580000,0x00000000f5600000,0x00000000f5600000)
  from space 87040K, 0% used [0x00000000fab00000,0x00000000fab00000,0x0000000100000000)
  to   space 87040K, 0% used [0x00000000f5600000,0x00000000f5600000,0x00000000fab00000)
 ParOldGen       total 1398272K, used 0K [0x0000000080000000, 0x00000000d5580000, 0x00000000d5580000)
  object space 1398272K, 0% used [0x0000000080000000,0x0000000080000000,0x00000000d5580000)
 Metaspace       used 18014K, capacity 18229K, committed 18432K, reserved 1064960K
  class space    used 1944K, capacity 2007K, committed 2048K, reserved 1048576K
Event: 2.279 GC heap after
Heap after GC invocations=1 (full 0):
 PSYoungGen      total 611840K, used 8369K [0x00000000d5580000, 0x0000000100000000, 0x0000000100000000)
  eden space 524800K, 0% used [0x00000000d5580000,0x00000000d5580000,0x00000000f5600000)
  from space 87040K, 9% used [0x00000000f5600000,0x00000000f5e2c580,0x00000000fab00000)
  to   space 87040K, 0% used [0x00000000fab00000,0x00000000fab00000,0x0000000100000000)
 ParOldGen       total 1398272K, used 72K [0x0000000080000000, 0x00000000d5580000, 0x00000000d5580000)
  object space 1398272K, 0% used [0x0000000080000000,0x0000000080012010,0x00000000d5580000)
 Metaspace       used 18014K, capacity 18229K, committed 18432K, reserved 1064960K
  class space    used 1944K, capacity 2007K, committed 2048K, reserved 1048576K
}
Event: 3.849 GC heap before
{Heap before GC invocations=2 (full 0):
 PSYoungGen      total 611840K, used 533169K [0x00000000d5580000, 0x0000000100000000, 0x0000000100000000)
  eden space 524800K, 100% used [0x00000000d5580000,0x00000000f5600000,0x00000000f5600000)
  from space 87040K, 9% used [0x00000000f5600000,0x00000000f5e2c580,0x00000000fab00000)
  to   space 87040K, 0% used [0x00000000fab00000,0x00000000fab00000,0x0000000100000000)
 ParOldGen       total 1398272K, used 72K [0x0000000080000000, 0x00000000d5580000, 0x00000000d5580000)
  object space 1398272K, 0% used [0x0000000080000000,0x0000000080012010,0x00000000d5580000)
 Metaspace       used 19930K, capacity 20167K, committed 20480K, reserved 1067008K
  class space    used 2197K, capacity 2266K, committed 2304K, reserved 1048576K
Event: 3.865 GC heap after
Heap after GC invocations=2 (full 0):
 PSYoungGen      total 611840K, used 14480K [0x00000000d5580000, 0x0000000100000000, 0x0000000100000000)
  eden space 524800K, 0% used [0x00000000d5580000,0x00000000d5580000,0x00000000f5600000)
  from space 87040K, 16% used [0x00000000fab00000,0x00000000fb9241f8,0x0000000100000000)
  to   space 87040K, 0% used [0x00000000f5600000,0x00000000f5600000,0x00000000fab00000)
 ParOldGen       total 1398272K, used 88K [0x0000000080000000, 0x00000000d5580000, 0x00000000d5580000)
  object space 1398272K, 0% used [0x0000000080000000,0x0000000080016010,0x00000000d5580000)
 Metaspace       used 19930K, capacity 20167K, committed 20480K, reserved 1067008K
  class space    used 2197K, capacity 2266K, committed 2304K, reserved 1048576K
}
Event: 4.117 GC heap before
{Heap before GC invocations=3 (full 0):
 PSYoungGen      total 611840K, used 129413K [0x00000000d5580000, 0x0000000100000000, 0x0000000100000000)
  eden space 524800K, 21% used [0x00000000d5580000,0x00000000dc5bd250,0x00000000f5600000)
  from space 87040K, 16% used [0x00000000fab00000,0x00000000fb9241f8,0x0000000100000000)
  to   space 87040K, 0% used [0x00000000f5600000,0x00000000f5600000,0x00000000fab00000)
 ParOldGen       total 1398272K, used 88K [0x0000000080000000, 0x00000000d5580000, 0x00000000d5580000)
  object space 1398272K, 0% used [0x0000000080000000,0x0000000080016010,0x00000000d5580000)
 Metaspace       used 20904K, capacity 21139K, committed 21296K, reserved 1069056K
  class space    used 2326K, capacity 2396K, committed 2432K, reserved 1048576K
Event: 4.131 GC heap after
Heap after GC invocations=3 (full 0):
 PSYoungGen      total 611840K, used 16114K [0x00000000d5580000, 0x0000000100000000, 0x0000000100000000)
  eden space 524800K, 0% used [0x00000000d5580000,0x00000000d5580000,0x00000000f5600000)
  from space 87040K, 18% used [0x00000000f5600000,0x00000000f65bc9e0,0x00000000fab00000)
  to   space 87040K, 0% used [0x00000000fab00000,0x00000000fab00000,0x0000000100000000)
 ParOldGen       total 1398272K, used 96K [0x0000000080000000, 0x00000000d5580000, 0x00000000d5580000)
  object space 1398272K, 0% used [0x0000000080000000,0x0000000080018010,0x00000000d5580000)
 Metaspace       used 20904K, capacity 21139K, committed 21296K, reserved 1069056K
  class space    used 2326K, capacity 2396K, committed 2432K, reserved 1048576K
}
Event: 4.131 GC heap before
{Heap before GC invocations=4 (full 1):
 PSYoungGen      total 611840K, used 16114K [0x00000000d5580000, 0x0000000100000000, 0x0000000100000000)
  eden space 524800K, 0% used [0x00000000d5580000,0x00000000d5580000,0x00000000f5600000)
  from space 87040K, 18% used [0x00000000f5600000,0x00000000f65bc9e0,0x00000000fab00000)
  to   space 87040K, 0% used [0x00000000fab00000,0x00000000fab00000,0x0000000100000000)
 ParOldGen       total 1398272K, used 96K [0x0000000080000000, 0x00000000d5580000, 0x00000000d5580000)
  object space 1398272K, 0% used [0x0000000080000000,0x0000000080018010,0x00000000d5580000)
 Metaspace       used 20904K, capacity 21139K, committed 21296K, reserved 1069056K
  class space    used 2326K, capacity 2396K, committed 2432K, reserved 1048576K
Event: 4.216 GC heap after
Heap after GC invocations=4 (full 1):
 PSYoungGen      total 611840K, used 0K [0x00000000d5580000, 0x0000000100000000, 0x0000000100000000)
  eden space 524800K, 0% used [0x00000000d5580000,0x00000000d5580000,0x00000000f5600000)
  from space 87040K, 0% used [0x00000000f5600000,0x00000000f5600000,0x00000000fab00000)
  to   space 87040K, 0% used [0x00000000fab00000,0x00000000fab00000,0x0000000100000000)
 ParOldGen       total 1398272K, used 16020K [0x0000000080000000, 0x00000000d5580000, 0x00000000d5580000)
  object space 1398272K, 1% used [0x0000000080000000,0x0000000080fa5068,0x00000000d5580000)
 Metaspace       used 20904K, capacity 21139K, committed 21296K, reserved 1069056K
  class space    used 2326K, capacity 2396K, committed 2432K, reserved 1048576K
}

