# JRE version: Java(TM) SE Runtime Environment (8.0_05-b13) (build 1.8.0_05-b13)
# Java VM: Java HotSpot(TM) 64-Bit Server VM (25.5-b02 mixed mode windows-amd64 compressed oops)
Heap:
 PSYoungGen      total 184832K, used 75360K [0x0000000780000000, 0x000000078d580000, 0x00000007c0000000)
  eden space 179712K, 40% used [0x0000000780000000,0x0000000784636a30,0x000000078af80000)
  from space 5120K, 67% used [0x000000078af80000,0x000000078b2e1738,0x000000078b480000)
  to   space 8704K, 0% used [0x000000078cd00000,0x000000078cd00000,0x000000078d580000)
 ParOldGen       total 24064K, used 23614K [0x0000000700000000, 0x0000000701780000, 0x0000000780000000)
  object space 24064K, 98% used [0x0000000700000000,0x000000070170f9d0,0x0000000701780000)
 Metaspace       used 23735K, capacity 24005K, committed 24192K, reserved 1071104K
  class space    used 2578K, capacity 2623K, committed 2688K, reserved 1048576K
GC Heap History (10 events):
Event: 3.985 GC heap before
{Heap before GC invocations=29 (full 1):
 PSYoungGen      total 184832K, used 2368K [0x0000000780000000, 0x000000078b980000, 0x00000007c0000000)
  eden space 179712K, 0% used [0x0000000780000000,0x0000000780000000,0x000000078af80000)
  from space 5120K, 46% used [0x000000078b480000,0x000000078b6d0000,0x000000078b980000)
  to   space 5120K, 0% used [0x000000078af80000,0x000000078af80000,0x000000078b480000)
 ParOldGen       total 195072K, used 16816K [0x0000000700000000, 0x000000070be80000, 0x0000000780000000)
  object space 195072K, 8% used [0x0000000700000000,0x000000070106c1d0,0x000000070be80000)
 Metaspace       used 20912K, capacity 21107K, committed 21296K, reserved 1069056K
  class space    used 2324K, capacity 2364K, committed 2432K, reserved 1048576K
Event: 4.096 GC heap after
Heap after GC invocations=29 (full 1):
 PSYoungGen      total 184832K, used 0K [0x0000000780000000, 0x000000078b980000, 0x00000007c0000000)
  eden space 179712K, 0% used [0x0000000780000000,0x0000000780000000,0x000000078af80000)
  from space 5120K, 0% used [0x000000078b480000,0x000000078b480000,0x000000078b980000)
  to   space 5120K, 0% used [0x000000078af80000,0x000000078af80000,0x000000078b480000)
 ParOldGen       total 20480K, used 16088K [0x0000000700000000, 0x0000000701400000, 0x0000000780000000)
  object space 20480K, 78% used [0x0000000700000000,0x0000000700fb61c0,0x0000000701400000)
 Metaspace       used 20912K, capacity 21107K, committed 21296K, reserved 1069056K
  class space    used 2324K, capacity 2364K, committed 2432K, reserved 1048576K
}
Event: 12.925 GC heap before
{Heap before GC invocations=30 (full 1):
 PSYoungGen      total 184832K, used 112683K [0x0000000780000000, 0x000000078b980000, 0x00000007c0000000)
  eden space 179712K, 62% used [0x0000000780000000,0x0000000786e0ae28,0x000000078af80000)
  from space 5120K, 0% used [0x000000078b480000,0x000000078b480000,0x000000078b980000)
  to   space 5120K, 0% used [0x000000078af80000,0x000000078af80000,0x000000078b480000)
 ParOldGen       total 20480K, used 16088K [0x0000000700000000, 0x0000000701400000, 0x0000000780000000)
  object space 20480K, 78% used [0x0000000700000000,0x0000000700fb61c0,0x0000000701400000)
 Metaspace       used 23344K, capacity 23557K, committed 23936K, reserved 1071104K
  class space    used 2573K, capacity 2623K, committed 2688K, reserved 1048576K
Event: 12.932 GC heap after
Heap after GC invocations=30 (full 1):
 PSYoungGen      total 184832K, used 5089K [0x0000000780000000, 0x000000078d580000, 0x00000007c0000000)
  eden space 179712K, 0% used [0x0000000780000000,0x0000000780000000,0x000000078af80000)
  from space 5120K, 99% used [0x000000078af80000,0x000000078b478430,0x000000078b480000)
  to   space 8704K, 0% used [0x000000078cd00000,0x000000078cd00000,0x000000078d580000)
 ParOldGen       total 24064K, used 22729K [0x0000000700000000, 0x0000000701780000, 0x0000000780000000)
  object space 24064K, 94% used [0x0000000700000000,0x0000000701632428,0x0000000701780000)
 Metaspace       used 23344K, capacity 23557K, committed 23936K, reserved 1071104K
  class space    used 2573K, capacity 2623K, committed 2688K, reserved 1048576K
}
Event: 12.932 GC heap before
{Heap before GC invocations=31 (full 2):
 PSYoungGen      total 184832K, used 5089K [0x0000000780000000, 0x000000078d580000, 0x00000007c0000000)
  eden space 179712K, 0% used [0x0000000780000000,0x0000000780000000,0x000000078af80000)
  from space 5120K, 99% used [0x000000078af80000,0x000000078b478430,0x000000078b480000)
  to   space 8704K, 0% used [0x000000078cd00000,0x000000078cd00000,0x000000078d580000)
 ParOldGen       total 24064K, used 22729K [0x0000000700000000, 0x0000000701780000, 0x0000000780000000)
  object space 24064K, 94% used [0x0000000700000000,0x0000000701632428,0x0000000701780000)
 Metaspace       used 23344K, capacity 23557K, committed 23936K, reserved 1071104K
  class space    used 2573K, capacity 2623K, committed 2688K, reserved 1048576K
Event: 13.149 GC heap after
Heap after GC invocations=31 (full 2):
 PSYoungGen      total 184832K, used 3518K [0x0000000780000000, 0x000000078d580000, 0x00000007c0000000)
  eden space 179712K, 0% used [0x0000000780000000,0x0000000780000000,0x000000078af80000)
  from space 5120K, 68% used [0x000000078af80000,0x000000078b2efba8,0x000000078b480000)
  to   space 8704K, 0% used [0x000000078cd00000,0x000000078cd00000,0x000000078d580000)
 ParOldGen       total 24064K, used 23929K [0x0000000700000000, 0x0000000701780000, 0x0000000780000000)
  object space 24064K, 99% used [0x0000000700000000,0x000000070175e5d8,0x0000000701780000)
 Metaspace       used 23344K, capacity 23557K, committed 23936K, reserved 1071104K
  class space    used 2573K, capacity 2623K, committed 2688K, reserved 1048576K
}
Event: 16.351 GC heap before
{Heap before GC invocations=32 (full 3):
 PSYoungGen      total 184832K, used 46040K [0x0000000780000000, 0x000000078d580000, 0x00000007c0000000)
  eden space 179712K, 23% used [0x0000000780000000,0x0000000782986480,0x000000078af80000)
  from space 5120K, 68% used [0x000000078af80000,0x000000078b2efba8,0x000000078b480000)
  to   space 8704K, 0% used [0x000000078cd00000,0x000000078cd00000,0x000000078d580000)
 ParOldGen       total 24064K, used 23929K [0x0000000700000000, 0x0000000701780000, 0x0000000780000000)
  object space 24064K, 99% used [0x0000000700000000,0x000000070175e5d8,0x0000000701780000)
 Metaspace       used 23479K, capacity 23749K, committed 23936K, reserved 1071104K
  class space    used 2574K, capacity 2623K, committed 2688K, reserved 1048576K
Event: 16.461 GC heap after
Heap after GC invocations=32 (full 3):
 PSYoungGen      total 184832K, used 3462K [0x0000000780000000, 0x000000078d580000, 0x00000007c0000000)
  eden space 179712K, 0% used [0x0000000780000000,0x0000000780000000,0x000000078af80000)
  from space 5120K, 67% used [0x000000078af80000,0x000000078b2e1848,0x000000078b480000)
  to   space 8704K, 0% used [0x000000078cd00000,0x000000078cd00000,0x000000078d580000)
 ParOldGen       total 24064K, used 23610K [0x0000000700000000, 0x0000000701780000, 0x0000000780000000)
  object space 24064K, 98% used [0x0000000700000000,0x000000070170eaa0,0x0000000701780000)
 Metaspace       used 23479K, capacity 23749K, committed 23936K, reserved 1071104K
  class space    used 2574K, capacity 2623K, committed 2688K, reserved 1048576K
}
Event: 20.482 GC heap before
{Heap before GC invocations=33 (full 4):
 PSYoungGen      total 184832K, used 39173K [0x0000000780000000, 0x000000078d580000, 0x00000007c0000000)
  eden space 179712K, 19% used [0x0000000780000000,0x00000007822dfc90,0x000000078af80000)
  from space 5120K, 67% used [0x000000078af80000,0x000000078b2e1848,0x000000078b480000)
  to   space 8704K, 0% used [0x000000078cd00000,0x000000078cd00000,0x000000078d580000)
 ParOldGen       total 24064K, used 23610K [0x0000000700000000, 0x0000000701780000, 0x0000000780000000)
  object space 24064K, 98% used [0x0000000700000000,0x000000070170eaa0,0x0000000701780000)
 Metaspace       used 23597K, capacity 23813K, committed 24192K, reserved 1071104K
  class space    used 2577K, capacity 2623K, committed 2688K, reserved 1048576K
Event: 20.545 GC heap after
Heap after GC invocations=33 (full 4):
 PSYoungGen      total 184832K, used 3461K [0x0000000780000000, 0x000000078d580000, 0x00000007c0000000)
  eden space 179712K, 0% used [0x0000000780000000,0x0000000780000000,0x000000078af80000)
  from space 5120K, 67% used [0x000000078af80000,0x000000078b2e1738,0x000000078b480000)
  to   space 8704K, 0% used [0x000000078cd00000,0x000000078cd00000,0x000000078d580000)
 ParOldGen       total 24064K, used 23614K [0x0000000700000000, 0x0000000701780000, 0x0000000780000000)
  object space 24064K, 98% used [0x0000000700000000,0x000000070170f9d0,0x0000000701780000)
 Metaspace       used 23597K, capacity 23813K, committed 24192K, reserved 1071104K
  class space    used 2577K, capacity 2623K, committed 2688K, reserved 1048576K
}

