# JRE version: Java(TM) SE Runtime Environment (8.0_05-b13) (build 1.8.0_05-b13)
# Java VM: Java HotSpot(TM) 64-Bit Server VM (25.5-b02 mixed mode windows-amd64 compressed oops)
Heap:
 PSYoungGen      total 208896K, used 81340K [0x00000000d5580000, 0x00000000e6200000, 0x0000000100000000)
  eden space 204288K, 39% used [0x00000000d5580000,0x00000000da4ef318,0x00000000e1d00000)
  from space 4608K, 0% used [0x00000000e1d00000,0x00000000e1d00000,0x00000000e2180000)
  to   space 4608K, 0% used [0x00000000e5d80000,0x00000000e5d80000,0x00000000e6200000)
 ParOldGen       total 522752K, used 16071K [0x0000000080000000, 0x000000009fe80000, 0x00000000d5580000)
  object space 522752K, 3% used [0x0000000080000000,0x0000000080fb1ce8,0x000000009fe80000)
 Metaspace       used 23003K, capacity 23237K, committed 23424K, reserved 1071104K
  class space    used 2548K, capacity 2623K, committed 2688K, reserved 1048576K
GC Heap History (10 events):
Event: 3.592 GC heap before
{Heap before GC invocations=22 (full 0):
 PSYoungGen      total 106496K, used 106480K [0x00000000d5580000, 0x00000000dee00000, 0x0000000100000000)
  eden space 103936K, 100% used [0x00000000d5580000,0x00000000dbb00000,0x00000000dbb00000)
  from space 2560K, 99% used [0x00000000dbb00000,0x00000000dbd7c200,0x00000000dbd80000)
  to   space 5120K, 0% used [0x00000000de900000,0x00000000de900000,0x00000000dee00000)
 ParOldGen       total 522752K, used 12338K [0x0000000080000000, 0x000000009fe80000, 0x00000000d5580000)
  object space 522752K, 2% used [0x0000000080000000,0x0000000080c0c9b8,0x000000009fe80000)
 Metaspace       used 19865K, capacity 20071K, committed 20224K, reserved 1067008K
  class space    used 2186K, capacity 2234K, committed 2304K, reserved 1048576K
Event: 3.595 GC heap after
Heap after GC invocations=22 (full 0):
 PSYoungGen      total 151040K, used 96K [0x00000000d5580000, 0x00000000dee00000, 0x0000000100000000)
  eden space 145920K, 0% used [0x00000000d5580000,0x00000000d5580000,0x00000000de400000)
  from space 5120K, 1% used [0x00000000de900000,0x00000000de918000,0x00000000dee00000)
  to   space 5120K, 0% used [0x00000000de400000,0x00000000de400000,0x00000000de900000)
 ParOldGen       total 522752K, used 14883K [0x0000000080000000, 0x000000009fe80000, 0x00000000d5580000)
  object space 522752K, 2% used [0x0000000080000000,0x0000000080e88fe0,0x000000009fe80000)
 Metaspace       used 19865K, capacity 20071K, committed 20224K, reserved 1067008K
  class space    used 2186K, capacity 2234K, committed 2304K, reserved 1048576K
}
Event: 3.956 GC heap before
{Heap before GC invocations=23 (full 0):
 PSYoungGen      total 151040K, used 146016K [0x00000000d5580000, 0x00000000dee00000, 0x0000000100000000)
  eden space 145920K, 100% used [0x00000000d5580000,0x00000000de400000,0x00000000de400000)
  from space 5120K, 1% used [0x00000000de900000,0x00000000de918000,0x00000000dee00000)
  to   space 5120K, 0% used [0x00000000de400000,0x00000000de400000,0x00000000de900000)
 ParOldGen       total 522752K, used 14883K [0x0000000080000000, 0x000000009fe80000, 0x00000000d5580000)
  object space 522752K, 2% used [0x0000000080000000,0x0000000080e88fe0,0x000000009fe80000)
 Metaspace       used 19877K, capacity 20071K, committed 20224K, reserved 1067008K
  class space    used 2186K, capacity 2234K, committed 2304K, reserved 1048576K
Event: 3.959 GC heap after
Heap after GC invocations=23 (full 0):
 PSYoungGen      total 151040K, used 1104K [0x00000000d5580000, 0x00000000e2600000, 0x0000000100000000)
  eden space 145920K, 0% used [0x00000000d5580000,0x00000000d5580000,0x00000000de400000)
  from space 5120K, 21% used [0x00000000de400000,0x00000000de514010,0x00000000de900000)
  to   space 4608K, 0% used [0x00000000e2180000,0x00000000e2180000,0x00000000e2600000)
 ParOldGen       total 522752K, used 14975K [0x0000000080000000, 0x000000009fe80000, 0x00000000d5580000)
  object space 522752K, 2% used [0x0000000080000000,0x0000000080e9fff0,0x000000009fe80000)
 Metaspace       used 19877K, capacity 20071K, committed 20224K, reserved 1067008K
  class space    used 2186K, capacity 2234K, committed 2304K, reserved 1048576K
}
Event: 4.266 GC heap before
{Heap before GC invocations=24 (full 0):
 PSYoungGen      total 151040K, used 147024K [0x00000000d5580000, 0x00000000e2600000, 0x0000000100000000)
  eden space 145920K, 100% used [0x00000000d5580000,0x00000000de400000,0x00000000de400000)
  from space 5120K, 21% used [0x00000000de400000,0x00000000de514010,0x00000000de900000)
  to   space 4608K, 0% used [0x00000000e2180000,0x00000000e2180000,0x00000000e2600000)
 ParOldGen       total 522752K, used 14975K [0x0000000080000000, 0x000000009fe80000, 0x00000000d5580000)
  object space 522752K, 2% used [0x0000000080000000,0x0000000080e9fff0,0x000000009fe80000)
 Metaspace       used 19879K, capacity 20071K, committed 20224K, reserved 1067008K
  class space    used 2186K, capacity 2234K, committed 2304K, reserved 1048576K
Event: 4.268 GC heap after
Heap after GC invocations=24 (full 0):
 PSYoungGen      total 208896K, used 96K [0x00000000d5580000, 0x00000000e2600000, 0x0000000100000000)
  eden space 204288K, 0% used [0x00000000d5580000,0x00000000d5580000,0x00000000e1d00000)
  from space 4608K, 2% used [0x00000000e2180000,0x00000000e2198000,0x00000000e2600000)
  to   space 4608K, 0% used [0x00000000e1d00000,0x00000000e1d00000,0x00000000e2180000)
 ParOldGen       total 522752K, used 16040K [0x0000000080000000, 0x000000009fe80000, 0x00000000d5580000)
  object space 522752K, 3% used [0x0000000080000000,0x0000000080faa010,0x000000009fe80000)
 Metaspace       used 19879K, capacity 20071K, committed 20224K, reserved 1067008K
  class space    used 2186K, capacity 2234K, committed 2304K, reserved 1048576K
}
Event: 4.393 GC heap before
{Heap before GC invocations=25 (full 0):
 PSYoungGen      total 208896K, used 30793K [0x00000000d5580000, 0x00000000e2600000, 0x0000000100000000)
  eden space 204288K, 15% used [0x00000000d5580000,0x00000000d737a6e8,0x00000000e1d00000)
  from space 4608K, 2% used [0x00000000e2180000,0x00000000e2198000,0x00000000e2600000)
  to   space 4608K, 0% used [0x00000000e1d00000,0x00000000e1d00000,0x00000000e2180000)
 ParOldGen       total 522752K, used 16040K [0x0000000080000000, 0x000000009fe80000, 0x00000000d5580000)
  object space 522752K, 3% used [0x0000000080000000,0x0000000080faa010,0x000000009fe80000)
 Metaspace       used 20915K, capacity 21107K, committed 21296K, reserved 1069056K
  class space    used 2325K, capacity 2364K, committed 2432K, reserved 1048576K
Event: 4.396 GC heap after
Heap after GC invocations=25 (full 0):
 PSYoungGen      total 208896K, used 2368K [0x00000000d5580000, 0x00000000e6200000, 0x0000000100000000)
  eden space 204288K, 0% used [0x00000000d5580000,0x00000000d5580000,0x00000000e1d00000)
  from space 4608K, 51% used [0x00000000e1d00000,0x00000000e1f50000,0x00000000e2180000)
  to   space 4608K, 0% used [0x00000000e5d80000,0x00000000e5d80000,0x00000000e6200000)
 ParOldGen       total 522752K, used 16056K [0x0000000080000000, 0x000000009fe80000, 0x00000000d5580000)
  object space 522752K, 3% used [0x0000000080000000,0x0000000080fae010,0x000000009fe80000)
 Metaspace       used 20915K, capacity 21107K, committed 21296K, reserved 1069056K
  class space    used 2325K, capacity 2364K, committed 2432K, reserved 1048576K
}
Event: 4.396 GC heap before
{Heap before GC invocations=26 (full 1):
 PSYoungGen      total 208896K, used 2368K [0x00000000d5580000, 0x00000000e6200000, 0x0000000100000000)
  eden space 204288K, 0% used [0x00000000d5580000,0x00000000d5580000,0x00000000e1d00000)
  from space 4608K, 51% used [0x00000000e1d00000,0x00000000e1f50000,0x00000000e2180000)
  to   space 4608K, 0% used [0x00000000e5d80000,0x00000000e5d80000,0x00000000e6200000)
 ParOldGen       total 522752K, used 16056K [0x0000000080000000, 0x000000009fe80000, 0x00000000d5580000)
  object space 522752K, 3% used [0x0000000080000000,0x0000000080fae010,0x000000009fe80000)
 Metaspace       used 20915K, capacity 21107K, committed 21296K, reserved 1069056K
  class space    used 2325K, capacity 2364K, committed 2432K, reserved 1048576K
Event: 4.518 GC heap after
Heap after GC invocations=26 (full 1):
 PSYoungGen      total 208896K, used 0K [0x00000000d5580000, 0x00000000e6200000, 0x0000000100000000)
  eden space 204288K, 0% used [0x00000000d5580000,0x00000000d5580000,0x00000000e1d00000)
  from space 4608K, 0% used [0x00000000e1d00000,0x00000000e1d00000,0x00000000e2180000)
  to   space 4608K, 0% used [0x00000000e5d80000,0x00000000e5d80000,0x00000000e6200000)
 ParOldGen       total 522752K, used 16071K [0x0000000080000000, 0x000000009fe80000, 0x00000000d5580000)
  object space 522752K, 3% used [0x0000000080000000,0x0000000080fb1ce8,0x000000009fe80000)
 Metaspace       used 20915K, capacity 21107K, committed 21296K, reserved 1069056K
  class space    used 2325K, capacity 2364K, committed 2432K, reserved 1048576K
}

