# JRE version: Java(TM) SE Runtime Environment (8.0_05-b13) (build 1.8.0_05-b13)
# Java VM: Java HotSpot(TM) 64-Bit Server VM (25.5-b02 mixed mode windows-amd64 compressed oops)
Heap:
 PSYoungGen      total 224768K, used 17521K [0x0000000780000000, 0x0000000790700000, 0x00000007c0000000)
  eden space 216576K, 5% used [0x0000000780000000,0x0000000780c25b40,0x000000078d380000)
  from space 8192K, 62% used [0x000000078d380000,0x000000078d876c68,0x000000078db80000)
  to   space 22016K, 0% used [0x000000078f180000,0x000000078f180000,0x0000000790700000)
 ParOldGen       total 79360K, used 59875K [0x0000000700000000, 0x0000000704d80000, 0x0000000780000000)
  object space 79360K, 75% used [0x0000000700000000,0x0000000703a78ea0,0x0000000704d80000)
 Metaspace       used 24141K, capacity 24357K, committed 24704K, reserved 1071104K
  class space    used 2624K, capacity 2655K, committed 2688K, reserved 1048576K
GC Heap History (10 events):
Event: 4.282 GC heap before
{Heap before GC invocations=30 (full 1):
 PSYoungGen      total 176640K, used 2048K [0x0000000780000000, 0x000000078e380000, 0x00000007c0000000)
  eden space 172032K, 0% used [0x0000000780000000,0x0000000780000000,0x000000078a800000)
  from space 4608K, 44% used [0x000000078a800000,0x000000078aa00000,0x000000078ac80000)
  to   space 4608K, 0% used [0x000000078df00000,0x000000078df00000,0x000000078e380000)
 ParOldGen       total 195072K, used 17382K [0x0000000700000000, 0x000000070be80000, 0x0000000780000000)
  object space 195072K, 8% used [0x0000000700000000,0x00000007010f9b10,0x000000070be80000)
 Metaspace       used 20912K, capacity 21107K, committed 21296K, reserved 1069056K
  class space    used 2324K, capacity 2364K, committed 2432K, reserved 1048576K
Event: 4.394 GC heap after
Heap after GC invocations=30 (full 1):
 PSYoungGen      total 176640K, used 0K [0x0000000780000000, 0x000000078e380000, 0x00000007c0000000)
  eden space 172032K, 0% used [0x0000000780000000,0x0000000780000000,0x000000078a800000)
  from space 4608K, 0% used [0x000000078a800000,0x000000078a800000,0x000000078ac80000)
  to   space 4608K, 0% used [0x000000078df00000,0x000000078df00000,0x000000078e380000)
 ParOldGen       total 20992K, used 16307K [0x0000000700000000, 0x0000000701480000, 0x0000000780000000)
  object space 20992K, 77% used [0x0000000700000000,0x0000000700fecdd8,0x0000000701480000)
 Metaspace       used 20912K, capacity 21107K, committed 21296K, reserved 1069056K
  class space    used 2324K, capacity 2364K, committed 2432K, reserved 1048576K
}
Event: 42.199 GC heap before
{Heap before GC invocations=31 (full 1):
 PSYoungGen      total 176640K, used 172032K [0x0000000780000000, 0x000000078e380000, 0x00000007c0000000)
  eden space 172032K, 100% used [0x0000000780000000,0x000000078a800000,0x000000078a800000)
  from space 4608K, 0% used [0x000000078a800000,0x000000078a800000,0x000000078ac80000)
  to   space 4608K, 0% used [0x000000078df00000,0x000000078df00000,0x000000078e380000)
 ParOldGen       total 20992K, used 16307K [0x0000000700000000, 0x0000000701480000, 0x0000000780000000)
  object space 20992K, 77% used [0x0000000700000000,0x0000000700fecdd8,0x0000000701480000)
 Metaspace       used 23411K, capacity 23621K, committed 23936K, reserved 1071104K
  class space    used 2568K, capacity 2623K, committed 2688K, reserved 1048576K
Event: 42.206 GC heap after
Heap after GC invocations=31 (full 1):
 PSYoungGen      total 199680K, used 4576K [0x0000000780000000, 0x000000078e380000, 0x00000007c0000000)
  eden space 195072K, 0% used [0x0000000780000000,0x0000000780000000,0x000000078be80000)
  from space 4608K, 99% used [0x000000078df00000,0x000000078e3783d0,0x000000078e380000)
  to   space 8192K, 0% used [0x000000078d380000,0x000000078d380000,0x000000078db80000)
 ParOldGen       total 25088K, used 23156K [0x0000000700000000, 0x0000000701880000, 0x0000000780000000)
  object space 25088K, 92% used [0x0000000700000000,0x000000070169d020,0x0000000701880000)
 Metaspace       used 23411K, capacity 23621K, committed 23936K, reserved 1071104K
  class space    used 2568K, capacity 2623K, committed 2688K, reserved 1048576K
}
Event: 42.206 GC heap before
{Heap before GC invocations=32 (full 2):
 PSYoungGen      total 199680K, used 4576K [0x0000000780000000, 0x000000078e380000, 0x00000007c0000000)
  eden space 195072K, 0% used [0x0000000780000000,0x0000000780000000,0x000000078be80000)
  from space 4608K, 99% used [0x000000078df00000,0x000000078e3783d0,0x000000078e380000)
  to   space 8192K, 0% used [0x000000078d380000,0x000000078d380000,0x000000078db80000)
 ParOldGen       total 25088K, used 23156K [0x0000000700000000, 0x0000000701880000, 0x0000000780000000)
  object space 25088K, 92% used [0x0000000700000000,0x000000070169d020,0x0000000701880000)
 Metaspace       used 23411K, capacity 23621K, committed 23936K, reserved 1071104K
  class space    used 2568K, capacity 2623K, committed 2688K, reserved 1048576K
Event: 42.411 GC heap after
Heap after GC invocations=32 (full 2):
 PSYoungGen      total 199680K, used 2473K [0x0000000780000000, 0x000000078e380000, 0x00000007c0000000)
  eden space 195072K, 0% used [0x0000000780000000,0x0000000780000000,0x000000078be80000)
  from space 4608K, 53% used [0x000000078df00000,0x000000078e16a738,0x000000078e380000)
  to   space 8192K, 0% used [0x000000078d380000,0x000000078d380000,0x000000078db80000)
 ParOldGen       total 31744K, used 24842K [0x0000000700000000, 0x0000000701f00000, 0x0000000780000000)
  object space 31744K, 78% used [0x0000000700000000,0x0000000701842ae8,0x0000000701f00000)
 Metaspace       used 23411K, capacity 23621K, committed 23936K, reserved 1071104K
  class space    used 2568K, capacity 2623K, committed 2688K, reserved 1048576K
}
Event: 48.588 GC heap before
{Heap before GC invocations=33 (full 2):
 PSYoungGen      total 199680K, used 197545K [0x0000000780000000, 0x000000078e380000, 0x00000007c0000000)
  eden space 195072K, 100% used [0x0000000780000000,0x000000078be80000,0x000000078be80000)
  from space 4608K, 53% used [0x000000078df00000,0x000000078e16a738,0x000000078e380000)
  to   space 8192K, 0% used [0x000000078d380000,0x000000078d380000,0x000000078db80000)
 ParOldGen       total 31744K, used 24842K [0x0000000700000000, 0x0000000701f00000, 0x0000000780000000)
  object space 31744K, 78% used [0x0000000700000000,0x0000000701842ae8,0x0000000701f00000)
 Metaspace       used 24133K, capacity 24357K, committed 24704K, reserved 1071104K
  class space    used 2624K, capacity 2655K, committed 2688K, reserved 1048576K
Event: 48.619 GC heap after
Heap after GC invocations=33 (full 2):
 PSYoungGen      total 224768K, used 8192K [0x0000000780000000, 0x0000000790700000, 0x00000007c0000000)
  eden space 216576K, 0% used [0x0000000780000000,0x0000000780000000,0x000000078d380000)
  from space 8192K, 100% used [0x000000078d380000,0x000000078db80000,0x000000078db80000)
  to   space 22016K, 0% used [0x000000078f180000,0x000000078f180000,0x0000000790700000)
 ParOldGen       total 59904K, used 58064K [0x0000000700000000, 0x0000000703a80000, 0x0000000780000000)
  object space 59904K, 96% used [0x0000000700000000,0x00000007038b4278,0x0000000703a80000)
 Metaspace       used 24133K, capacity 24357K, committed 24704K, reserved 1071104K
  class space    used 2624K, capacity 2655K, committed 2688K, reserved 1048576K
}
Event: 48.619 GC heap before
{Heap before GC invocations=34 (full 3):
 PSYoungGen      total 224768K, used 8192K [0x0000000780000000, 0x0000000790700000, 0x00000007c0000000)
  eden space 216576K, 0% used [0x0000000780000000,0x0000000780000000,0x000000078d380000)
  from space 8192K, 100% used [0x000000078d380000,0x000000078db80000,0x000000078db80000)
  to   space 22016K, 0% used [0x000000078f180000,0x000000078f180000,0x0000000790700000)
 ParOldGen       total 59904K, used 58064K [0x0000000700000000, 0x0000000703a80000, 0x0000000780000000)
  object space 59904K, 96% used [0x0000000700000000,0x00000007038b4278,0x0000000703a80000)
 Metaspace       used 24133K, capacity 24357K, committed 24704K, reserved 1071104K
  class space    used 2624K, capacity 2655K, committed 2688K, reserved 1048576K
Event: 48.914 GC heap after
Heap after GC invocations=34 (full 3):
 PSYoungGen      total 224768K, used 5083K [0x0000000780000000, 0x0000000790700000, 0x00000007c0000000)
  eden space 216576K, 0% used [0x0000000780000000,0x0000000780000000,0x000000078d380000)
  from space 8192K, 62% used [0x000000078d380000,0x000000078d876c68,0x000000078db80000)
  to   space 22016K, 0% used [0x000000078f180000,0x000000078f180000,0x0000000790700000)
 ParOldGen       total 79360K, used 59875K [0x0000000700000000, 0x0000000704d80000, 0x0000000780000000)
  object space 79360K, 75% used [0x0000000700000000,0x0000000703a78ea0,0x0000000704d80000)
 Metaspace       used 24133K, capacity 24357K, committed 24704K, reserved 1071104K
  class space    used 2624K, capacity 2655K, committed 2688K, reserved 1048576K
}

