# JRE version: Java(TM) SE Runtime Environment (7.0_45-b18) (build 1.7.0_45-b18)
# Java VM: Java HotSpot(TM) Client VM (24.45-b08 mixed mode windows-x86 )
Heap
 def new generation   total 314560K, used 227643K [0x04740000, 0x19c90000, 0x19c90000)
  eden space 279616K,  68% used [0x04740000, 0x1036efc8, 0x15850000)
  from space 34944K, 100% used [0x17a70000, 0x19c90000, 0x19c90000)
  to   space 34944K,   0% used [0x15850000, 0x15850000, 0x17a70000)
 tenured generation   total 699072K, used 671656K [0x19c90000, 0x44740000, 0x44740000)
   the space 699072K,  96% used [0x19c90000, 0x42c7a380, 0x42c7a400, 0x44740000)
 compacting perm gen  total 15360K, used 15262K [0x44740000, 0x45640000, 0x48740000)
   the space 15360K,  99% used [0x44740000, 0x45627880, 0x45627a00, 0x45640000)
GC Heap History (10 events):
Event: 96.117 GC heap before
{Heap before GC invocations=24 (full 0):
 def new generation   total 314560K, used 314559K [0x04740000, 0x19c90000, 0x19c90000)
  eden space 279616K, 100% used [0x04740000, 0x15850000, 0x15850000)
  from space 34944K,  99% used [0x15850000, 0x17a6fff8, 0x17a70000)
  to   space 34944K,   0% used [0x17a70000, 0x17a70000, 0x19c90000)
 tenured generation   total 699072K, used 550662K [0x19c90000, 0x44740000, 0x44740000)
   the space 699072K,  78% used [0x19c90000, 0x3b651b08, 0x3b651c00, 0x44740000)
 compacting perm gen  total 15360K, used 15262K [0x44740000, 0x45640000, 0x48740000)
   the space 15360K,  99% used [0x44740000, 0x45627860, 0x45627a00, 0x45640000)
No shared spaces configured.
Event: 96.394 GC heap after
Heap after GC invocations=25 (full 0):
 def new generation   total 314560K, used 34943K [0x04740000, 0x19c90000, 0x19c90000)
  eden space 279616K,   0% used [0x04740000, 0x04740000, 0x15850000)
  from space 34944K,  99% used [0x17a70000, 0x19c8fff8, 0x19c90000)
  to   space 34944K,   0% used [0x15850000, 0x15850000, 0x17a70000)
 tenured generation   total 699072K, used 577247K [0x19c90000, 0x44740000, 0x44740000)
   the space 699072K,  82% used [0x19c90000, 0x3d047f68, 0x3d048000, 0x44740000)
 compacting perm gen  total 15360K, used 15262K [0x44740000, 0x45640000, 0x48740000)
   the space 15360K,  99% used [0x44740000, 0x45627860, 0x45627a00, 0x45640000)
No shared spaces configured.
}
Event: 98.508 GC heap before
{Heap before GC invocations=25 (full 0):
 def new generation   total 314560K, used 314559K [0x04740000, 0x19c90000, 0x19c90000)
  eden space 279616K, 100% used [0x04740000, 0x15850000, 0x15850000)
  from space 34944K,  99% used [0x17a70000, 0x19c8fff8, 0x19c90000)
  to   space 34944K,   0% used [0x15850000, 0x15850000, 0x17a70000)
 tenured generation   total 699072K, used 577247K [0x19c90000, 0x44740000, 0x44740000)
   the space 699072K,  82% used [0x19c90000, 0x3d047f68, 0x3d048000, 0x44740000)
 compacting perm gen  total 15360K, used 15262K [0x44740000, 0x45640000, 0x48740000)
   the space 15360K,  99% used [0x44740000, 0x45627860, 0x45627a00, 0x45640000)
No shared spaces configured.
Event: 98.778 GC heap after
Heap after GC invocations=26 (full 0):
 def new generation   total 314560K, used 34944K [0x04740000, 0x19c90000, 0x19c90000)
  eden space 279616K,   0% used [0x04740000, 0x04740000, 0x15850000)
  from space 34944K, 100% used [0x15850000, 0x17a70000, 0x17a70000)
  to   space 34944K,   0% used [0x17a70000, 0x17a70000, 0x19c90000)
 tenured generation   total 699072K, used 602428K [0x19c90000, 0x44740000, 0x44740000)
   the space 699072K,  86% used [0x19c90000, 0x3e8df1f0, 0x3e8df200, 0x44740000)
 compacting perm gen  total 15360K, used 15262K [0x44740000, 0x45640000, 0x48740000)
   the space 15360K,  99% used [0x44740000, 0x45627860, 0x45627a00, 0x45640000)
No shared spaces configured.
}
Event: 100.938 GC heap before
{Heap before GC invocations=26 (full 0):
 def new generation   total 314560K, used 314560K [0x04740000, 0x19c90000, 0x19c90000)
  eden space 279616K, 100% used [0x04740000, 0x15850000, 0x15850000)
  from space 34944K, 100% used [0x15850000, 0x17a70000, 0x17a70000)
  to   space 34944K,   0% used [0x17a70000, 0x17a70000, 0x19c90000)
 tenured generation   total 699072K, used 602428K [0x19c90000, 0x44740000, 0x44740000)
   the space 699072K,  86% used [0x19c90000, 0x3e8df1f0, 0x3e8df200, 0x44740000)
 compacting perm gen  total 15360K, used 15262K [0x44740000, 0x45640000, 0x48740000)
   the space 15360K,  99% used [0x44740000, 0x45627860, 0x45627a00, 0x45640000)
No shared spaces configured.
Event: 101.207 GC heap after
Heap after GC invocations=27 (full 0):
 def new generation   total 314560K, used 34944K [0x04740000, 0x19c90000, 0x19c90000)
  eden space 279616K,   0% used [0x04740000, 0x04740000, 0x15850000)
  from space 34944K, 100% used [0x17a70000, 0x19c90000, 0x19c90000)
  to   space 34944K,   0% used [0x15850000, 0x15850000, 0x17a70000)
 tenured generation   total 699072K, used 626426K [0x19c90000, 0x44740000, 0x44740000)
   the space 699072K,  89% used [0x19c90000, 0x4004e9d8, 0x4004ea00, 0x44740000)
 compacting perm gen  total 15360K, used 15262K [0x44740000, 0x45640000, 0x48740000)
   the space 15360K,  99% used [0x44740000, 0x45627860, 0x45627a00, 0x45640000)
No shared spaces configured.
}
Event: 103.265 GC heap before
{Heap before GC invocations=27 (full 0):
 def new generation   total 314560K, used 314560K [0x04740000, 0x19c90000, 0x19c90000)
  eden space 279616K, 100% used [0x04740000, 0x15850000, 0x15850000)
  from space 34944K, 100% used [0x17a70000, 0x19c90000, 0x19c90000)
  to   space 34944K,   0% used [0x15850000, 0x15850000, 0x17a70000)
 tenured generation   total 699072K, used 626426K [0x19c90000, 0x44740000, 0x44740000)
   the space 699072K,  89% used [0x19c90000, 0x4004e9d8, 0x4004ea00, 0x44740000)
 compacting perm gen  total 15360K, used 15262K [0x44740000, 0x45640000, 0x48740000)
   the space 15360K,  99% used [0x44740000, 0x45627880, 0x45627a00, 0x45640000)
No shared spaces configured.
Event: 103.531 GC heap after
Heap after GC invocations=28 (full 0):
 def new generation   total 314560K, used 34944K [0x04740000, 0x19c90000, 0x19c90000)
  eden space 279616K,   0% used [0x04740000, 0x04740000, 0x15850000)
  from space 34944K, 100% used [0x15850000, 0x17a70000, 0x17a70000)
  to   space 34944K,   0% used [0x17a70000, 0x17a70000, 0x19c90000)
 tenured generation   total 699072K, used 649437K [0x19c90000, 0x44740000, 0x44740000)
   the space 699072K,  92% used [0x19c90000, 0x416c74e0, 0x416c7600, 0x44740000)
 compacting perm gen  total 15360K, used 15262K [0x44740000, 0x45640000, 0x48740000)
   the space 15360K,  99% used [0x44740000, 0x45627880, 0x45627a00, 0x45640000)
No shared spaces configured.
}
Event: 105.672 GC heap before
{Heap before GC invocations=28 (full 0):
 def new generation   total 314560K, used 314560K [0x04740000, 0x19c90000, 0x19c90000)
  eden space 279616K, 100% used [0x04740000, 0x15850000, 0x15850000)
  from space 34944K, 100% used [0x15850000, 0x17a70000, 0x17a70000)
  to   space 34944K,   0% used [0x17a70000, 0x17a70000, 0x19c90000)
 tenured generation   total 699072K, used 649437K [0x19c90000, 0x44740000, 0x44740000)
   the space 699072K,  92% used [0x19c90000, 0x416c74e0, 0x416c7600, 0x44740000)
 compacting perm gen  total 15360K, used 15262K [0x44740000, 0x45640000, 0x48740000)
   the space 15360K,  99% used [0x44740000, 0x45627880, 0x45627a00, 0x45640000)
No shared spaces configured.
Event: 105.927 GC heap after
Heap after GC invocations=29 (full 0):
 def new generation   total 314560K, used 34944K [0x04740000, 0x19c90000, 0x19c90000)
  eden space 279616K,   0% used [0x04740000, 0x04740000, 0x15850000)
  from space 34944K, 100% used [0x17a70000, 0x19c90000, 0x19c90000)
  to   space 34944K,   0% used [0x15850000, 0x15850000, 0x17a70000)
 tenured generation   total 699072K, used 671656K [0x19c90000, 0x44740000, 0x44740000)
   the space 699072K,  96% used [0x19c90000, 0x42c7a380, 0x42c7a400, 0x44740000)
 compacting perm gen  total 15360K, used 15262K [0x44740000, 0x45640000, 0x48740000)
   the space 15360K,  99% used [0x44740000, 0x45627880, 0x45627a00, 0x45640000)
No shared spaces configured.
}

