# JRE version: Java(TM) SE Runtime Environment (7.0_45-b18) (build 1.7.0_45-b18)
# Java VM: Java HotSpot(TM) Client VM (24.45-b08 mixed mode windows-x86 )
Heap
 def new generation   total 314560K, used 63751K [0x043c0000, 0x19910000, 0x19910000)
  eden space 279616K,  15% used [0x043c0000, 0x06cbf140, 0x154d0000)
  from space 34944K,  62% used [0x176f0000, 0x18c32db8, 0x19910000)
  to   space 34944K,   0% used [0x154d0000, 0x154d0000, 0x176f0000)
 tenured generation   total 699072K, used 427160K [0x19910000, 0x443c0000, 0x443c0000)
   the space 699072K,  61% used [0x19910000, 0x33a36218, 0x33a36400, 0x443c0000)
 compacting perm gen  total 15872K, used 15686K [0x443c0000, 0x45340000, 0x483c0000)
   the space 15872K,  98% used [0x443c0000, 0x45311a10, 0x45311c00, 0x45340000)
GC Heap History (10 events):
Event: 120.106 GC heap before
{Heap before GC invocations=32 (full 0):
 def new generation   total 314560K, used 306816K [0x043c0000, 0x19910000, 0x19910000)
  eden space 279616K,  99% used [0x043c0000, 0x154930d0, 0x154d0000)
  from space 34944K,  78% used [0x154d0000, 0x16f9d050, 0x176f0000)
  to   space 34944K,   0% used [0x176f0000, 0x176f0000, 0x19910000)
 tenured generation   total 699072K, used 400458K [0x19910000, 0x443c0000, 0x443c0000)
   the space 699072K,  57% used [0x19910000, 0x320229a0, 0x32022a00, 0x443c0000)
 compacting perm gen  total 15616K, used 15574K [0x443c0000, 0x45300000, 0x483c0000)
   the space 15616K,  99% used [0x443c0000, 0x452f5a60, 0x452f5c00, 0x45300000)
No shared spaces configured.
Event: 120.176 GC heap after
Heap after GC invocations=33 (full 0):
 def new generation   total 314560K, used 12925K [0x043c0000, 0x19910000, 0x19910000)
  eden space 279616K,   0% used [0x043c0000, 0x043c0000, 0x154d0000)
  from space 34944K,  36% used [0x176f0000, 0x1838f5f8, 0x19910000)
  to   space 34944K,   0% used [0x154d0000, 0x154d0000, 0x176f0000)
 tenured generation   total 699072K, used 416551K [0x19910000, 0x443c0000, 0x443c0000)
   the space 699072K,  59% used [0x19910000, 0x32fd9d88, 0x32fd9e00, 0x443c0000)
 compacting perm gen  total 15616K, used 15574K [0x443c0000, 0x45300000, 0x483c0000)
   the space 15616K,  99% used [0x443c0000, 0x452f5a60, 0x452f5c00, 0x45300000)
No shared spaces configured.
}
Event: 122.423 GC heap before
{Heap before GC invocations=33 (full 0):
 def new generation   total 314560K, used 292541K [0x043c0000, 0x19910000, 0x19910000)
  eden space 279616K, 100% used [0x043c0000, 0x154d0000, 0x154d0000)
  from space 34944K,  36% used [0x176f0000, 0x1838f5f8, 0x19910000)
  to   space 34944K,   0% used [0x154d0000, 0x154d0000, 0x176f0000)
 tenured generation   total 699072K, used 416551K [0x19910000, 0x443c0000, 0x443c0000)
   the space 699072K,  59% used [0x19910000, 0x32fd9d88, 0x32fd9e00, 0x443c0000)
 compacting perm gen  total 15616K, used 15574K [0x443c0000, 0x45300000, 0x483c0000)
   the space 15616K,  99% used [0x443c0000, 0x452f5a80, 0x452f5c00, 0x45300000)
No shared spaces configured.
Event: 122.455 GC heap after
Heap after GC invocations=34 (full 0):
 def new generation   total 314560K, used 19268K [0x043c0000, 0x19910000, 0x19910000)
  eden space 279616K,   0% used [0x043c0000, 0x043c0000, 0x154d0000)
  from space 34944K,  55% used [0x154d0000, 0x167a1390, 0x176f0000)
  to   space 34944K,   0% used [0x176f0000, 0x176f0000, 0x19910000)
 tenured generation   total 699072K, used 416551K [0x19910000, 0x443c0000, 0x443c0000)
   the space 699072K,  59% used [0x19910000, 0x32fd9d88, 0x32fd9e00, 0x443c0000)
 compacting perm gen  total 15616K, used 15574K [0x443c0000, 0x45300000, 0x483c0000)
   the space 15616K,  99% used [0x443c0000, 0x452f5a80, 0x452f5c00, 0x45300000)
No shared spaces configured.
}
Event: 124.369 GC heap before
{Heap before GC invocations=34 (full 0):
 def new generation   total 314560K, used 298884K [0x043c0000, 0x19910000, 0x19910000)
  eden space 279616K, 100% used [0x043c0000, 0x154d0000, 0x154d0000)
  from space 34944K,  55% used [0x154d0000, 0x167a1390, 0x176f0000)
  to   space 34944K,   0% used [0x176f0000, 0x176f0000, 0x19910000)
 tenured generation   total 699072K, used 416551K [0x19910000, 0x443c0000, 0x443c0000)
   the space 699072K,  59% used [0x19910000, 0x32fd9d88, 0x32fd9e00, 0x443c0000)
 compacting perm gen  total 15616K, used 15574K [0x443c0000, 0x45300000, 0x483c0000)
   the space 15616K,  99% used [0x443c0000, 0x452f5aa0, 0x452f5c00, 0x45300000)
No shared spaces configured.
Event: 124.424 GC heap after
Heap after GC invocations=35 (full 0):
 def new generation   total 314560K, used 12565K [0x043c0000, 0x19910000, 0x19910000)
  eden space 279616K,   0% used [0x043c0000, 0x043c0000, 0x154d0000)
  from space 34944K,  35% used [0x176f0000, 0x183357b8, 0x19910000)
  to   space 34944K,   0% used [0x154d0000, 0x154d0000, 0x176f0000)
 tenured generation   total 699072K, used 427160K [0x19910000, 0x443c0000, 0x443c0000)
   the space 699072K,  61% used [0x19910000, 0x33a36218, 0x33a36400, 0x443c0000)
 compacting perm gen  total 15616K, used 15574K [0x443c0000, 0x45300000, 0x483c0000)
   the space 15616K,  99% used [0x443c0000, 0x452f5aa0, 0x452f5c00, 0x45300000)
No shared spaces configured.
}
Event: 126.886 GC heap before
{Heap before GC invocations=35 (full 0):
 def new generation   total 314560K, used 292181K [0x043c0000, 0x19910000, 0x19910000)
  eden space 279616K, 100% used [0x043c0000, 0x154d0000, 0x154d0000)
  from space 34944K,  35% used [0x176f0000, 0x183357b8, 0x19910000)
  to   space 34944K,   0% used [0x154d0000, 0x154d0000, 0x176f0000)
 tenured generation   total 699072K, used 427160K [0x19910000, 0x443c0000, 0x443c0000)
   the space 699072K,  61% used [0x19910000, 0x33a36218, 0x33a36400, 0x443c0000)
 compacting perm gen  total 15616K, used 15574K [0x443c0000, 0x45300000, 0x483c0000)
   the space 15616K,  99% used [0x443c0000, 0x452f5aa0, 0x452f5c00, 0x45300000)
No shared spaces configured.
Event: 126.946 GC heap after
Heap after GC invocations=36 (full 0):
 def new generation   total 314560K, used 15821K [0x043c0000, 0x19910000, 0x19910000)
  eden space 279616K,   0% used [0x043c0000, 0x043c0000, 0x154d0000)
  from space 34944K,  45% used [0x154d0000, 0x16443458, 0x176f0000)
  to   space 34944K,   0% used [0x176f0000, 0x176f0000, 0x19910000)
 tenured generation   total 699072K, used 427160K [0x19910000, 0x443c0000, 0x443c0000)
   the space 699072K,  61% used [0x19910000, 0x33a36218, 0x33a36400, 0x443c0000)
 compacting perm gen  total 15616K, used 15574K [0x443c0000, 0x45300000, 0x483c0000)
   the space 15616K,  99% used [0x443c0000, 0x452f5aa0, 0x452f5c00, 0x45300000)
No shared spaces configured.
}
Event: 130.634 GC heap before
{Heap before GC invocations=36 (full 0):
 def new generation   total 314560K, used 295437K [0x043c0000, 0x19910000, 0x19910000)
  eden space 279616K, 100% used [0x043c0000, 0x154d0000, 0x154d0000)
  from space 34944K,  45% used [0x154d0000, 0x16443458, 0x176f0000)
  to   space 34944K,   0% used [0x176f0000, 0x176f0000, 0x19910000)
 tenured generation   total 699072K, used 427160K [0x19910000, 0x443c0000, 0x443c0000)
   the space 699072K,  61% used [0x19910000, 0x33a36218, 0x33a36400, 0x443c0000)
 compacting perm gen  total 15872K, used 15686K [0x443c0000, 0x45340000, 0x483c0000)
   the space 15872K,  98% used [0x443c0000, 0x45311a10, 0x45311c00, 0x45340000)
No shared spaces configured.
Event: 130.682 GC heap after
Heap after GC invocations=37 (full 0):
 def new generation   total 314560K, used 21771K [0x043c0000, 0x19910000, 0x19910000)
  eden space 279616K,   0% used [0x043c0000, 0x043c0000, 0x154d0000)
  from space 34944K,  62% used [0x176f0000, 0x18c32db8, 0x19910000)
  to   space 34944K,   0% used [0x154d0000, 0x154d0000, 0x176f0000)
 tenured generation   total 699072K, used 427160K [0x19910000, 0x443c0000, 0x443c0000)
   the space 699072K,  61% used [0x19910000, 0x33a36218, 0x33a36400, 0x443c0000)
 compacting perm gen  total 15872K, used 15686K [0x443c0000, 0x45340000, 0x483c0000)
   the space 15872K,  98% used [0x443c0000, 0x45311a10, 0x45311c00, 0x45340000)
No shared spaces configured.
}

