# JRE version: Java(TM) SE Runtime Environment (7.0_45-b18) (build 1.7.0_45-b18)
# Java VM: Java HotSpot(TM) Client VM (24.45-b08 mixed mode windows-x86 )
Heap
 def new generation   total 314560K, used 270356K [0x04320000, 0x19870000, 0x19870000)
  eden space 279616K,  91% used [0x04320000, 0x13c8e268, 0x15430000)
  from space 34944K,  42% used [0x15430000, 0x162c7170, 0x17650000)
  to   space 34944K,   0% used [0x17650000, 0x17650000, 0x19870000)
 tenured generation   total 699072K, used 276052K [0x19870000, 0x44320000, 0x44320000)
   the space 699072K,  39% used [0x19870000, 0x2a605268, 0x2a605400, 0x44320000)
 compacting perm gen  total 15616K, used 15454K [0x44320000, 0x45260000, 0x48320000)
   the space 15616K,  98% used [0x44320000, 0x45237b48, 0x45237c00, 0x45260000)
GC Heap History (10 events):
Event: 95.616 GC heap before
{Heap before GC invocations=37 (full 0):
 def new generation   total 314560K, used 288019K [0x04320000, 0x19870000, 0x19870000)
  eden space 279616K, 100% used [0x04320000, 0x15430000, 0x15430000)
  from space 34944K,  24% used [0x17650000, 0x17e84d70, 0x19870000)
  to   space 34944K,   0% used [0x15430000, 0x15430000, 0x17650000)
 tenured generation   total 699072K, used 276052K [0x19870000, 0x44320000, 0x44320000)
   the space 699072K,  39% used [0x19870000, 0x2a605268, 0x2a605400, 0x44320000)
 compacting perm gen  total 15360K, used 15220K [0x44320000, 0x45220000, 0x48320000)
   the space 15360K,  99% used [0x44320000, 0x451fd3b0, 0x451fd400, 0x45220000)
No shared spaces configured.
Event: 95.634 GC heap after
Heap after GC invocations=38 (full 0):
 def new generation   total 314560K, used 12211K [0x04320000, 0x19870000, 0x19870000)
  eden space 279616K,   0% used [0x04320000, 0x04320000, 0x15430000)
  from space 34944K,  34% used [0x15430000, 0x1601cc68, 0x17650000)
  to   space 34944K,   0% used [0x17650000, 0x17650000, 0x19870000)
 tenured generation   total 699072K, used 276052K [0x19870000, 0x44320000, 0x44320000)
   the space 699072K,  39% used [0x19870000, 0x2a605268, 0x2a605400, 0x44320000)
 compacting perm gen  total 15360K, used 15220K [0x44320000, 0x45220000, 0x48320000)
   the space 15360K,  99% used [0x44320000, 0x451fd3b0, 0x451fd400, 0x45220000)
No shared spaces configured.
}
Event: 99.083 GC heap before
{Heap before GC invocations=38 (full 0):
 def new generation   total 314560K, used 291827K [0x04320000, 0x19870000, 0x19870000)
  eden space 279616K, 100% used [0x04320000, 0x15430000, 0x15430000)
  from space 34944K,  34% used [0x15430000, 0x1601cc68, 0x17650000)
  to   space 34944K,   0% used [0x17650000, 0x17650000, 0x19870000)
 tenured generation   total 699072K, used 276052K [0x19870000, 0x44320000, 0x44320000)
   the space 699072K,  39% used [0x19870000, 0x2a605268, 0x2a605400, 0x44320000)
 compacting perm gen  total 15360K, used 15220K [0x44320000, 0x45220000, 0x48320000)
   the space 15360K,  99% used [0x44320000, 0x451fd3c0, 0x451fd400, 0x45220000)
No shared spaces configured.
Event: 99.098 GC heap after
Heap after GC invocations=39 (full 0):
 def new generation   total 314560K, used 12141K [0x04320000, 0x19870000, 0x19870000)
  eden space 279616K,   0% used [0x04320000, 0x04320000, 0x15430000)
  from space 34944K,  34% used [0x17650000, 0x1822b488, 0x19870000)
  to   space 34944K,   0% used [0x15430000, 0x15430000, 0x17650000)
 tenured generation   total 699072K, used 276052K [0x19870000, 0x44320000, 0x44320000)
   the space 699072K,  39% used [0x19870000, 0x2a605268, 0x2a605400, 0x44320000)
 compacting perm gen  total 15360K, used 15220K [0x44320000, 0x45220000, 0x48320000)
   the space 15360K,  99% used [0x44320000, 0x451fd3c0, 0x451fd400, 0x45220000)
No shared spaces configured.
}
Event: 101.913 GC heap before
{Heap before GC invocations=39 (full 0):
 def new generation   total 314560K, used 291757K [0x04320000, 0x19870000, 0x19870000)
  eden space 279616K, 100% used [0x04320000, 0x15430000, 0x15430000)
  from space 34944K,  34% used [0x17650000, 0x1822b488, 0x19870000)
  to   space 34944K,   0% used [0x15430000, 0x15430000, 0x17650000)
 tenured generation   total 699072K, used 276052K [0x19870000, 0x44320000, 0x44320000)
   the space 699072K,  39% used [0x19870000, 0x2a605268, 0x2a605400, 0x44320000)
 compacting perm gen  total 15360K, used 15220K [0x44320000, 0x45220000, 0x48320000)
   the space 15360K,  99% used [0x44320000, 0x451fd3c0, 0x451fd400, 0x45220000)
No shared spaces configured.
Event: 101.935 GC heap after
Heap after GC invocations=40 (full 0):
 def new generation   total 314560K, used 15519K [0x04320000, 0x19870000, 0x19870000)
  eden space 279616K,   0% used [0x04320000, 0x04320000, 0x15430000)
  from space 34944K,  44% used [0x15430000, 0x16357ff8, 0x17650000)
  to   space 34944K,   0% used [0x17650000, 0x17650000, 0x19870000)
 tenured generation   total 699072K, used 276052K [0x19870000, 0x44320000, 0x44320000)
   the space 699072K,  39% used [0x19870000, 0x2a605268, 0x2a605400, 0x44320000)
 compacting perm gen  total 15360K, used 15220K [0x44320000, 0x45220000, 0x48320000)
   the space 15360K,  99% used [0x44320000, 0x451fd3c0, 0x451fd400, 0x45220000)
No shared spaces configured.
}
Event: 105.010 GC heap before
{Heap before GC invocations=40 (full 0):
 def new generation   total 314560K, used 295135K [0x04320000, 0x19870000, 0x19870000)
  eden space 279616K, 100% used [0x04320000, 0x15430000, 0x15430000)
  from space 34944K,  44% used [0x15430000, 0x16357ff8, 0x17650000)
  to   space 34944K,   0% used [0x17650000, 0x17650000, 0x19870000)
 tenured generation   total 699072K, used 276052K [0x19870000, 0x44320000, 0x44320000)
   the space 699072K,  39% used [0x19870000, 0x2a605268, 0x2a605400, 0x44320000)
 compacting perm gen  total 15616K, used 15454K [0x44320000, 0x45260000, 0x48320000)
   the space 15616K,  98% used [0x44320000, 0x45237b48, 0x45237c00, 0x45260000)
No shared spaces configured.
Event: 105.032 GC heap after
Heap after GC invocations=41 (full 0):
 def new generation   total 314560K, used 15928K [0x04320000, 0x19870000, 0x19870000)
  eden space 279616K,   0% used [0x04320000, 0x04320000, 0x15430000)
  from space 34944K,  45% used [0x17650000, 0x185de000, 0x19870000)
  to   space 34944K,   0% used [0x15430000, 0x15430000, 0x17650000)
 tenured generation   total 699072K, used 276052K [0x19870000, 0x44320000, 0x44320000)
   the space 699072K,  39% used [0x19870000, 0x2a605268, 0x2a605400, 0x44320000)
 compacting perm gen  total 15616K, used 15454K [0x44320000, 0x45260000, 0x48320000)
   the space 15616K,  98% used [0x44320000, 0x45237b48, 0x45237c00, 0x45260000)
No shared spaces configured.
}
Event: 108.106 GC heap before
{Heap before GC invocations=41 (full 0):
 def new generation   total 314560K, used 295544K [0x04320000, 0x19870000, 0x19870000)
  eden space 279616K, 100% used [0x04320000, 0x15430000, 0x15430000)
  from space 34944K,  45% used [0x17650000, 0x185de000, 0x19870000)
  to   space 34944K,   0% used [0x15430000, 0x15430000, 0x17650000)
 tenured generation   total 699072K, used 276052K [0x19870000, 0x44320000, 0x44320000)
   the space 699072K,  39% used [0x19870000, 0x2a605268, 0x2a605400, 0x44320000)
 compacting perm gen  total 15616K, used 15454K [0x44320000, 0x45260000, 0x48320000)
   the space 15616K,  98% used [0x44320000, 0x45237b48, 0x45237c00, 0x45260000)
No shared spaces configured.
Event: 108.127 GC heap after
Heap after GC invocations=42 (full 0):
 def new generation   total 314560K, used 14940K [0x04320000, 0x19870000, 0x19870000)
  eden space 279616K,   0% used [0x04320000, 0x04320000, 0x15430000)
  from space 34944K,  42% used [0x15430000, 0x162c7170, 0x17650000)
  to   space 34944K,   0% used [0x17650000, 0x17650000, 0x19870000)
 tenured generation   total 699072K, used 276052K [0x19870000, 0x44320000, 0x44320000)
   the space 699072K,  39% used [0x19870000, 0x2a605268, 0x2a605400, 0x44320000)
 compacting perm gen  total 15616K, used 15454K [0x44320000, 0x45260000, 0x48320000)
   the space 15616K,  98% used [0x44320000, 0x45237b48, 0x45237c00, 0x45260000)
No shared spaces configured.
}

