# JRE version: Java(TM) SE Runtime Environment (7.0_45-b18) (build 1.7.0_45-b18)
# Java VM: Java HotSpot(TM) Client VM (24.45-b08 mixed mode windows-x86 )
Heap
 def new generation   total 314560K, used 196021K [0x04550000, 0x19aa0000, 0x19aa0000)
  eden space 279616K,  64% used [0x04550000, 0x0f699058, 0x15660000)
  from space 34944K,  41% used [0x15660000, 0x164845a8, 0x17880000)
  to   space 34944K,   0% used [0x17880000, 0x17880000, 0x19aa0000)
 tenured generation   total 699072K, used 0K [0x19aa0000, 0x44550000, 0x44550000)
   the space 699072K,   0% used [0x19aa0000, 0x19aa0000, 0x19aa0200, 0x44550000)
 compacting perm gen  total 15104K, used 14910K [0x44550000, 0x45410000, 0x48550000)
   the space 15104K,  98% used [0x44550000, 0x453df900, 0x453dfa00, 0x45410000)
GC Heap History (4 events):
Event: 2.336 GC heap before
{Heap before GC invocations=0 (full 0):
 def new generation   total 314560K, used 279616K [0x04550000, 0x19aa0000, 0x19aa0000)
  eden space 279616K, 100% used [0x04550000, 0x15660000, 0x15660000)
  from space 34944K,   0% used [0x15660000, 0x15660000, 0x17880000)
  to   space 34944K,   0% used [0x17880000, 0x17880000, 0x19aa0000)
 tenured generation   total 699072K, used 0K [0x19aa0000, 0x44550000, 0x44550000)
   the space 699072K,   0% used [0x19aa0000, 0x19aa0000, 0x19aa0200, 0x44550000)
 compacting perm gen  total 12288K, used 9774K [0x44550000, 0x45150000, 0x48550000)
   the space 12288K,  79% used [0x44550000, 0x44edba50, 0x44edbc00, 0x45150000)
No shared spaces configured.
Event: 2.371 GC heap after
Heap after GC invocations=1 (full 0):
 def new generation   total 314560K, used 7195K [0x04550000, 0x19aa0000, 0x19aa0000)
  eden space 279616K,   0% used [0x04550000, 0x04550000, 0x15660000)
  from space 34944K,  20% used [0x17880000, 0x17f86d78, 0x19aa0000)
  to   space 34944K,   0% used [0x15660000, 0x15660000, 0x17880000)
 tenured generation   total 699072K, used 0K [0x19aa0000, 0x44550000, 0x44550000)
   the space 699072K,   0% used [0x19aa0000, 0x19aa0000, 0x19aa0200, 0x44550000)
 compacting perm gen  total 12288K, used 9774K [0x44550000, 0x45150000, 0x48550000)
   the space 12288K,  79% used [0x44550000, 0x44edba50, 0x44edbc00, 0x45150000)
No shared spaces configured.
}
Event: 4.546 GC heap before
{Heap before GC invocations=1 (full 0):
 def new generation   total 314560K, used 286811K [0x04550000, 0x19aa0000, 0x19aa0000)
  eden space 279616K, 100% used [0x04550000, 0x15660000, 0x15660000)
  from space 34944K,  20% used [0x17880000, 0x17f86d98, 0x19aa0000)
  to   space 34944K,   0% used [0x15660000, 0x15660000, 0x17880000)
 tenured generation   total 699072K, used 0K [0x19aa0000, 0x44550000, 0x44550000)
   the space 699072K,   0% used [0x19aa0000, 0x19aa0000, 0x19aa0200, 0x44550000)
 compacting perm gen  total 13312K, used 13214K [0x44550000, 0x45250000, 0x48550000)
   the space 13312K,  99% used [0x44550000, 0x45237b00, 0x45237c00, 0x45250000)
No shared spaces configured.
Event: 4.593 GC heap after
Heap after GC invocations=2 (full 0):
 def new generation   total 314560K, used 14481K [0x04550000, 0x19aa0000, 0x19aa0000)
  eden space 279616K,   0% used [0x04550000, 0x04550000, 0x15660000)
  from space 34944K,  41% used [0x15660000, 0x164845a8, 0x17880000)
  to   space 34944K,   0% used [0x17880000, 0x17880000, 0x19aa0000)
 tenured generation   total 699072K, used 0K [0x19aa0000, 0x44550000, 0x44550000)
   the space 699072K,   0% used [0x19aa0000, 0x19aa0000, 0x19aa0200, 0x44550000)
 compacting perm gen  total 13312K, used 13214K [0x44550000, 0x45250000, 0x48550000)
   the space 13312K,  99% used [0x44550000, 0x45237b00, 0x45237c00, 0x45250000)
No shared spaces configured.
}

